86,86,2025-12-10 04:20:32.2239506,1,Info,Microsoft-Windows-Sysmon,Microsoft-Windows-Sysmon/Operational,4960,7188,DESKTOP-0S2K0MN,1,S-1-5-18,Process creation,DESKTOP-0S2K0MN\abish,,"ProcessID: 944, ProcessGUID: 1111e010-f510-6938-8301-000000000400",RuleName: -,"MD5=F2E3950C1023ACF80765C918791999C0,SHA256=55AB032D256ADBE3FDE40CF90FE83BA5EAB591E04AD720161ED8E6EF059CA747,IMPHASH=2C6AC0BEC4117681BA25EAD3FABF0BA1",ParentProcess: C:\Windows\System32\cmd.exe,"ParentProcessID: 4328, ParentProcessGUID: 1111e010-f009-6938-e500-000000000400","ParentCommandLine: ""C:\Windows\system32\cmd.exe"" ",nslookup  google.com,False,c:\temp\6475c822607415853134a0e4383d2ab2_sysmonactivity.evtx,Classic,0,"{""EventData"":{""Data"":[{""@Name"":""RuleName"",""#text"":""-""},{""@Name"":""UtcTime"",""#text"":""2025-12-10 04:20:32.222""},{""@Name"":""ProcessGuid"",""#text"":""1111e010-f510-6938-8301-000000000400""},{""@Name"":""ProcessId"",""#text"":""944""},{""@Name"":""Image"",""#text"":""C:\\Windows\\System32\\nslookup.exe""},{""@Name"":""FileVersion"",""#text"":""10.0.19041.1 (WinBuild.160101.0800)""},{""@Name"":""Description"",""#text"":""nslookup""},{""@Name"":""Product"",""#text"":""Microsoft® Windows® Operating System""},{""@Name"":""Company"",""#text"":""Microsoft Corporation""},{""@Name"":""OriginalFileName"",""#text"":""nslookup.exe""},{""@Name"":""CommandLine"",""#text"":""nslookup  google.com""},{""@Name"":""CurrentDirectory"",""#text"":""C:\\Users\\abish\\Downloads\\Sysmon\\""},{""@Name"":""User"",""#text"":""DESKTOP-0S2K0MN\\abish""},{""@Name"":""LogonGuid"",""#text"":""1111e010-eeb6-6938-4994-070000000000""},{""@Name"":""LogonId"",""#text"":""0x79449""},{""@Name"":""TerminalSessionId"",""#text"":""1""},{""@Name"":""IntegrityLevel"",""#text"":""High""},{""@Name"":""Hashes"",""#text"":""MD5=F2E3950C1023ACF80765C918791999C0,SHA256=55AB032D256ADBE3FDE40CF90FE83BA5EAB591E04AD720161ED8E6EF059CA747,IMPHASH=2C6AC0BEC4117681BA25EAD3FABF0BA1""},{""@Name"":""ParentProcessGuid"",""#text"":""1111e010-f009-6938-e500-000000000400""},{""@Name"":""ParentProcessId"",""#text"":""4328""},{""@Name"":""ParentImage"",""#text"":""C:\\Windows\\System32\\cmd.exe""},{""@Name"":""ParentCommandLine"",""#text"":""\""C:\\Windows\\system32\\cmd.exe\"" ""},{""@Name"":""ParentUser"",""#text"":""DESKTOP-0S2K0MN\\abish""}]}}"
87,87,2025-12-10 04:20:33.5873787,3,Info,Microsoft-Windows-Sysmon,Microsoft-Windows-Sysmon/Operational,4960,6708,DESKTOP-0S2K0MN,1,S-1-5-18,Network connection,DESKTOP-0S2K0MN\abish,,"ProcessID: 944, ProcessGUID: 1111e010-f510-6938-8301-000000000400",RuleName: -,SourceHostname: DESKTOP-0S2K0MN..,SourceIp: 10.0.2.15,DestinationHostname: -,DestinationIp: 10.0.2.3,C:\Windows\System32\nslookup.exe,False,c:\temp\6475c822607415853134a0e4383d2ab2_sysmonactivity.evtx,Classic,0,"{""EventData"":{""Data"":[{""@Name"":""RuleName"",""#text"":""-""},{""@Name"":""UtcTime"",""#text"":""2025-12-10 04:20:32.228""},{""@Name"":""ProcessGuid"",""#text"":""1111e010-f510-6938-8301-000000000400""},{""@Name"":""ProcessId"",""#text"":""944""},{""@Name"":""Image"",""#text"":""C:\\Windows\\System32\\nslookup.exe""},{""@Name"":""User"",""#text"":""DESKTOP-0S2K0MN\\abish""},{""@Name"":""Protocol"",""#text"":""udp""},{""@Name"":""Initiated"",""#text"":""True""},{""@Name"":""SourceIsIpv6"",""#text"":""False""},{""@Name"":""SourceIp"",""#text"":""10.0.2.15""},{""@Name"":""SourceHostname"",""#text"":""DESKTOP-0S2K0MN..""},{""@Name"":""SourcePort"",""#text"":""51149""},{""@Name"":""SourcePortName"",""#text"":""-""},{""@Name"":""DestinationIsIpv6"",""#text"":""False""},{""@Name"":""DestinationIp"",""#text"":""10.0.2.3""},{""@Name"":""DestinationHostname"",""#text"":""-""},{""@Name"":""DestinationPort"",""#text"":""53""},{""@Name"":""DestinationPortName"",""#text"":""domain""}]}}"
88,88,2025-12-10 04:20:33.5873865,3,Info,Microsoft-Windows-Sysmon,Microsoft-Windows-Sysmon/Operational,4960,6708,DESKTOP-0S2K0MN,1,S-1-5-18,Network connection,DESKTOP-0S2K0MN\abish,,"ProcessID: 944, ProcessGUID: 1111e010-f510-6938-8301-000000000400",RuleName: -,SourceHostname: DESKTOP-0S2K0MN..,SourceIp: 10.0.2.15,DestinationHostname: -,DestinationIp: 10.0.2.3,C:\Windows\System32\nslookup.exe,False,c:\temp\6475c822607415853134a0e4383d2ab2_sysmonactivity.evtx,Classic,0,"{""EventData"":{""Data"":[{""@Name"":""RuleName"",""#text"":""-""},{""@Name"":""UtcTime"",""#text"":""2025-12-10 04:20:32.245""},{""@Name"":""ProcessGuid"",""#text"":""1111e010-f510-6938-8301-000000000400""},{""@Name"":""ProcessId"",""#text"":""944""},{""@Name"":""Image"",""#text"":""C:\\Windows\\System32\\nslookup.exe""},{""@Name"":""User"",""#text"":""DESKTOP-0S2K0MN\\abish""},{""@Name"":""Protocol"",""#text"":""udp""},{""@Name"":""Initiated"",""#text"":""True""},{""@Name"":""SourceIsIpv6"",""#text"":""False""},{""@Name"":""SourceIp"",""#text"":""10.0.2.15""},{""@Name"":""SourceHostname"",""#text"":""DESKTOP-0S2K0MN..""},{""@Name"":""SourcePort"",""#text"":""51150""},{""@Name"":""SourcePortName"",""#text"":""-""},{""@Name"":""DestinationIsIpv6"",""#text"":""False""},{""@Name"":""DestinationIp"",""#text"":""10.0.2.3""},{""@Name"":""DestinationHostname"",""#text"":""-""},{""@Name"":""DestinationPort"",""#text"":""53""},{""@Name"":""DestinationPortName"",""#text"":""domain""}]}}"
89,89,2025-12-10 04:20:33.5873911,3,Info,Microsoft-Windows-Sysmon,Microsoft-Windows-Sysmon/Operational,4960,6708,DESKTOP-0S2K0MN,1,S-1-5-18,Network connection,DESKTOP-0S2K0MN\abish,,"ProcessID: 944, ProcessGUID: 1111e010-f510-6938-8301-000000000400",RuleName: -,SourceHostname: DESKTOP-0S2K0MN..,SourceIp: 10.0.2.15,DestinationHostname: -,DestinationIp: 10.0.2.3,C:\Windows\System32\nslookup.exe,False,c:\temp\6475c822607415853134a0e4383d2ab2_sysmonactivity.evtx,Classic,0,"{""EventData"":{""Data"":[{""@Name"":""RuleName"",""#text"":""-""},{""@Name"":""UtcTime"",""#text"":""2025-12-10 04:20:32.248""},{""@Name"":""ProcessGuid"",""#text"":""1111e010-f510-6938-8301-000000000400""},{""@Name"":""ProcessId"",""#text"":""944""},{""@Name"":""Image"",""#text"":""C:\\Windows\\System32\\nslookup.exe""},{""@Name"":""User"",""#text"":""DESKTOP-0S2K0MN\\abish""},{""@Name"":""Protocol"",""#text"":""udp""},{""@Name"":""Initiated"",""#text"":""True""},{""@Name"":""SourceIsIpv6"",""#text"":""False""},{""@Name"":""SourceIp"",""#text"":""10.0.2.15""},{""@Name"":""SourceHostname"",""#text"":""DESKTOP-0S2K0MN..""},{""@Name"":""SourcePort"",""#text"":""51151""},{""@Name"":""SourcePortName"",""#text"":""-""},{""@Name"":""DestinationIsIpv6"",""#text"":""False""},{""@Name"":""DestinationIp"",""#text"":""10.0.2.3""},{""@Name"":""DestinationHostname"",""#text"":""-""},{""@Name"":""DestinationPort"",""#text"":""53""},{""@Name"":""DestinationPortName"",""#text"":""domain""}]}}"
90,90,2025-12-10 04:20:50.7236164,1,Info,Microsoft-Windows-Sysmon,Microsoft-Windows-Sysmon/Operational,4960,7188,DESKTOP-0S2K0MN,1,S-1-5-18,Process creation,NT AUTHORITY\SYSTEM,,"ProcessID: 7772, ProcessGUID: 1111e010-f522-6938-8401-000000000400",RuleName: -,"MD5=33CF8A4628CE840C97CD5E7DAE3A09CE,SHA256=9254301B0689AF4450A40039BE981E4CFEAEAE3DEFE0F570FC1AB439BE6C9006,IMPHASH=790F62F68898EFCDEE21F1D6CB2C258B",ParentProcess: C:\Windows\System32\svchost.exe,"ParentProcessID: 508, ParentProcessGUID: 1111e010-edfe-6938-1300-000000000400",ParentCommandLine: C:\Windows\system32\svchost.exe -k netsvcs -p,"""C:\Windows\system32\wermgr.exe"" -upload",False,c:\temp\6475c822607415853134a0e4383d2ab2_sysmonactivity.evtx,Classic,0,"{""EventData"":{""Data"":[{""@Name"":""RuleName"",""#text"":""-""},{""@Name"":""UtcTime"",""#text"":""2025-12-10 04:20:50.719""},{""@Name"":""ProcessGuid"",""#text"":""1111e010-f522-6938-8401-000000000400""},{""@Name"":""ProcessId"",""#text"":""7772""},{""@Name"":""Image"",""#text"":""C:\\Windows\\System32\\wermgr.exe""},{""@Name"":""FileVersion"",""#text"":""10.0.19041.2913 (WinBuild.160101.0800)""},{""@Name"":""Description"",""#text"":""Windows Problem Reporting""},{""@Name"":""Product"",""#text"":""Microsoft® Windows® Operating System""},{""@Name"":""Company"",""#text"":""Microsoft Corporation""},{""@Name"":""OriginalFileName"",""#text"":""WerMgr""},{""@Name"":""CommandLine"",""#text"":""\""C:\\Windows\\system32\\wermgr.exe\"" -upload""},{""@Name"":""CurrentDirectory"",""#text"":""C:\\Windows\\system32\\""},{""@Name"":""User"",""#text"":""NT AUTHORITY\\SYSTEM""},{""@Name"":""LogonGuid"",""#text"":""1111e010-edfe-6938-e703-000000000000""},{""@Name"":""LogonId"",""#text"":""0x3E7""},{""@Name"":""TerminalSessionId"",""#text"":""0""},{""@Name"":""IntegrityLevel"",""#text"":""System""},{""@Name"":""Hashes"",""#text"":""MD5=33CF8A4628CE840C97CD5E7DAE3A09CE,SHA256=9254301B0689AF4450A40039BE981E4CFEAEAE3DEFE0F570FC1AB439BE6C9006,IMPHASH=790F62F68898EFCDEE21F1D6CB2C258B""},{""@Name"":""ParentProcessGuid"",""#text"":""1111e010-edfe-6938-1300-000000000400""},{""@Name"":""ParentProcessId"",""#text"":""508""},{""@Name"":""ParentImage"",""#text"":""C:\\Windows\\System32\\svchost.exe""},{""@Name"":""ParentCommandLine"",""#text"":""C:\\Windows\\system32\\svchost.exe -k netsvcs -p""},{""@Name"":""ParentUser"",""#text"":""NT AUTHORITY\\SYSTEM""}]}}"
91,91,2025-12-10 04:20:58.1551172,1,Info,Microsoft-Windows-Sysmon,Microsoft-Windows-Sysmon/Operational,4960,7188,DESKTOP-0S2K0MN,1,S-1-5-18,Process creation,DESKTOP-0S2K0MN\abish,,"ProcessID: 8044, ProcessGUID: 1111e010-f52a-6938-8501-000000000400",RuleName: -,"MD5=F2E3950C1023ACF80765C918791999C0,SHA256=55AB032D256ADBE3FDE40CF90FE83BA5EAB591E04AD720161ED8E6EF059CA747,IMPHASH=2C6AC0BEC4117681BA25EAD3FABF0BA1",ParentProcess: C:\Windows\System32\cmd.exe,"ParentProcessID: 4328, ParentProcessGUID: 1111e010-f009-6938-e500-000000000400","ParentCommandLine: ""C:\Windows\system32\cmd.exe"" ",nslookup  facebook.com,False,c:\temp\6475c822607415853134a0e4383d2ab2_sysmonactivity.evtx,Classic,0,"{""EventData"":{""Data"":[{""@Name"":""RuleName"",""#text"":""-""},{""@Name"":""UtcTime"",""#text"":""2025-12-10 04:20:58.147""},{""@Name"":""ProcessGuid"",""#text"":""1111e010-f52a-6938-8501-000000000400""},{""@Name"":""ProcessId"",""#text"":""8044""},{""@Name"":""Image"",""#text"":""C:\\Windows\\System32\\nslookup.exe""},{""@Name"":""FileVersion"",""#text"":""10.0.19041.1 (WinBuild.160101.0800)""},{""@Name"":""Description"",""#text"":""nslookup""},{""@Name"":""Product"",""#text"":""Microsoft® Windows® Operating System""},{""@Name"":""Company"",""#text"":""Microsoft Corporation""},{""@Name"":""OriginalFileName"",""#text"":""nslookup.exe""},{""@Name"":""CommandLine"",""#text"":""nslookup  facebook.com""},{""@Name"":""CurrentDirectory"",""#text"":""C:\\Users\\abish\\Downloads\\Sysmon\\""},{""@Name"":""User"",""#text"":""DESKTOP-0S2K0MN\\abish""},{""@Name"":""LogonGuid"",""#text"":""1111e010-eeb6-6938-4994-070000000000""},{""@Name"":""LogonId"",""#text"":""0x79449""},{""@Name"":""TerminalSessionId"",""#text"":""1""},{""@Name"":""IntegrityLevel"",""#text"":""High""},{""@Name"":""Hashes"",""#text"":""MD5=F2E3950C1023ACF80765C918791999C0,SHA256=55AB032D256ADBE3FDE40CF90FE83BA5EAB591E04AD720161ED8E6EF059CA747,IMPHASH=2C6AC0BEC4117681BA25EAD3FABF0BA1""},{""@Name"":""ParentProcessGuid"",""#text"":""1111e010-f009-6938-e500-000000000400""},{""@Name"":""ParentProcessId"",""#text"":""4328""},{""@Name"":""ParentImage"",""#text"":""C:\\Windows\\System32\\cmd.exe""},{""@Name"":""ParentCommandLine"",""#text"":""\""C:\\Windows\\system32\\cmd.exe\"" ""},{""@Name"":""ParentUser"",""#text"":""DESKTOP-0S2K0MN\\abish""}]}}"
92,92,2025-12-10 04:21:00.2264154,3,Info,Microsoft-Windows-Sysmon,Microsoft-Windows-Sysmon/Operational,4960,6708,DESKTOP-0S2K0MN,1,S-1-5-18,Network connection,DESKTOP-0S2K0MN\abish,,"ProcessID: 8044, ProcessGUID: 1111e010-f52a-6938-8501-000000000400",RuleName: -,SourceHostname: DESKTOP-0S2K0MN..,SourceIp: 10.0.2.15,DestinationHostname: -,DestinationIp: 10.0.2.3,C:\Windows\System32\nslookup.exe,False,c:\temp\6475c822607415853134a0e4383d2ab2_sysmonactivity.evtx,Classic,0,"{""EventData"":{""Data"":[{""@Name"":""RuleName"",""#text"":""-""},{""@Name"":""UtcTime"",""#text"":""2025-12-10 04:20:58.159""},{""@Name"":""ProcessGuid"",""#text"":""1111e010-f52a-6938-8501-000000000400""},{""@Name"":""ProcessId"",""#text"":""8044""},{""@Name"":""Image"",""#text"":""C:\\Windows\\System32\\nslookup.exe""},{""@Name"":""User"",""#text"":""DESKTOP-0S2K0MN\\abish""},{""@Name"":""Protocol"",""#text"":""udp""},{""@Name"":""Initiated"",""#text"":""True""},{""@Name"":""SourceIsIpv6"",""#text"":""False""},{""@Name"":""SourceIp"",""#text"":""10.0.2.15""},{""@Name"":""SourceHostname"",""#text"":""DESKTOP-0S2K0MN..""},{""@Name"":""SourcePort"",""#text"":""51152""},{""@Name"":""SourcePortName"",""#text"":""-""},{""@Name"":""DestinationIsIpv6"",""#text"":""False""},{""@Name"":""DestinationIp"",""#text"":""10.0.2.3""},{""@Name"":""DestinationHostname"",""#text"":""-""},{""@Name"":""DestinationPort"",""#text"":""53""},{""@Name"":""DestinationPortName"",""#text"":""domain""}]}}"
93,93,2025-12-10 04:21:00.2264248,3,Info,Microsoft-Windows-Sysmon,Microsoft-Windows-Sysmon/Operational,4960,6708,DESKTOP-0S2K0MN,1,S-1-5-18,Network connection,DESKTOP-0S2K0MN\abish,,"ProcessID: 8044, ProcessGUID: 1111e010-f52a-6938-8501-000000000400",RuleName: -,SourceHostname: DESKTOP-0S2K0MN..,SourceIp: 10.0.2.15,DestinationHostname: -,DestinationIp: 10.0.2.3,C:\Windows\System32\nslookup.exe,False,c:\temp\6475c822607415853134a0e4383d2ab2_sysmonactivity.evtx,Classic,0,"{""EventData"":{""Data"":[{""@Name"":""RuleName"",""#text"":""-""},{""@Name"":""UtcTime"",""#text"":""2025-12-10 04:20:58.175""},{""@Name"":""ProcessGuid"",""#text"":""1111e010-f52a-6938-8501-000000000400""},{""@Name"":""ProcessId"",""#text"":""8044""},{""@Name"":""Image"",""#text"":""C:\\Windows\\System32\\nslookup.exe""},{""@Name"":""User"",""#text"":""DESKTOP-0S2K0MN\\abish""},{""@Name"":""Protocol"",""#text"":""udp""},{""@Name"":""Initiated"",""#text"":""True""},{""@Name"":""SourceIsIpv6"",""#text"":""False""},{""@Name"":""SourceIp"",""#text"":""10.0.2.15""},{""@Name"":""SourceHostname"",""#text"":""DESKTOP-0S2K0MN..""},{""@Name"":""SourcePort"",""#text"":""51153""},{""@Name"":""SourcePortName"",""#text"":""-""},{""@Name"":""DestinationIsIpv6"",""#text"":""False""},{""@Name"":""DestinationIp"",""#text"":""10.0.2.3""},{""@Name"":""DestinationHostname"",""#text"":""-""},{""@Name"":""DestinationPort"",""#text"":""53""},{""@Name"":""DestinationPortName"",""#text"":""domain""}]}}"
94,94,2025-12-10 04:21:00.2264291,3,Info,Microsoft-Windows-Sysmon,Microsoft-Windows-Sysmon/Operational,4960,6708,DESKTOP-0S2K0MN,1,S-1-5-18,Network connection,DESKTOP-0S2K0MN\abish,,"ProcessID: 8044, ProcessGUID: 1111e010-f52a-6938-8501-000000000400",RuleName: -,SourceHostname: DESKTOP-0S2K0MN..,SourceIp: 10.0.2.15,DestinationHostname: -,DestinationIp: 10.0.2.3,C:\Windows\System32\nslookup.exe,False,c:\temp\6475c822607415853134a0e4383d2ab2_sysmonactivity.evtx,Classic,0,"{""EventData"":{""Data"":[{""@Name"":""RuleName"",""#text"":""-""},{""@Name"":""UtcTime"",""#text"":""2025-12-10 04:20:58.182""},{""@Name"":""ProcessGuid"",""#text"":""1111e010-f52a-6938-8501-000000000400""},{""@Name"":""ProcessId"",""#text"":""8044""},{""@Name"":""Image"",""#text"":""C:\\Windows\\System32\\nslookup.exe""},{""@Name"":""User"",""#text"":""DESKTOP-0S2K0MN\\abish""},{""@Name"":""Protocol"",""#text"":""udp""},{""@Name"":""Initiated"",""#text"":""True""},{""@Name"":""SourceIsIpv6"",""#text"":""False""},{""@Name"":""SourceIp"",""#text"":""10.0.2.15""},{""@Name"":""SourceHostname"",""#text"":""DESKTOP-0S2K0MN..""},{""@Name"":""SourcePort"",""#text"":""51154""},{""@Name"":""SourcePortName"",""#text"":""-""},{""@Name"":""DestinationIsIpv6"",""#text"":""False""},{""@Name"":""DestinationIp"",""#text"":""10.0.2.3""},{""@Name"":""DestinationHostname"",""#text"":""-""},{""@Name"":""DestinationPort"",""#text"":""53""},{""@Name"":""DestinationPortName"",""#text"":""domain""}]}}"
95,95,2025-12-10 04:21:32.7298218,1,Info,Microsoft-Windows-Sysmon,Microsoft-Windows-Sysmon/Operational,4960,7188,DESKTOP-0S2K0MN,1,S-1-5-18,Process creation,DESKTOP-0S2K0MN\abish,,"ProcessID: 7468, ProcessGUID: 1111e010-f54c-6938-8601-000000000400",RuleName: -,"MD5=BCF01E61144D6D6325650134823198B8,SHA256=B4E7BC24BF3F5C3DA2EB6E9EC5EC10F90099DEFA91B820F2F3FC70DD9E4785C4,IMPHASH=88CB9A420410BDA787E305B65518A934",ParentProcess: C:\Windows\System32\cmd.exe,"ParentProcessID: 4328, ParentProcessGUID: 1111e010-f009-6938-e500-000000000400","ParentCommandLine: ""C:\Windows\system32\cmd.exe"" ",powershell  -EncodedCommand SQBFAFgA,False,c:\temp\6475c822607415853134a0e4383d2ab2_sysmonactivity.evtx,Classic,0,"{""EventData"":{""Data"":[{""@Name"":""RuleName"",""#text"":""-""},{""@Name"":""UtcTime"",""#text"":""2025-12-10 04:21:32.707""},{""@Name"":""ProcessGuid"",""#text"":""1111e010-f54c-6938-8601-000000000400""},{""@Name"":""ProcessId"",""#text"":""7468""},{""@Name"":""Image"",""#text"":""C:\\Windows\\System32\\WindowsPowerShell\\v1.0\\powershell.exe""},{""@Name"":""FileVersion"",""#text"":""10.0.19041.2913 (WinBuild.160101.0800)""},{""@Name"":""Description"",""#text"":""Windows PowerShell""},{""@Name"":""Product"",""#text"":""Microsoft® Windows® Operating System""},{""@Name"":""Company"",""#text"":""Microsoft Corporation""},{""@Name"":""OriginalFileName"",""#text"":""PowerShell.EXE""},{""@Name"":""CommandLine"",""#text"":""powershell  -EncodedCommand SQBFAFgA""},{""@Name"":""CurrentDirectory"",""#text"":""C:\\Users\\abish\\Downloads\\Sysmon\\""},{""@Name"":""User"",""#text"":""DESKTOP-0S2K0MN\\abish""},{""@Name"":""LogonGuid"",""#text"":""1111e010-eeb6-6938-4994-070000000000""},{""@Name"":""LogonId"",""#text"":""0x79449""},{""@Name"":""TerminalSessionId"",""#text"":""1""},{""@Name"":""IntegrityLevel"",""#text"":""High""},{""@Name"":""Hashes"",""#text"":""MD5=BCF01E61144D6D6325650134823198B8,SHA256=B4E7BC24BF3F5C3DA2EB6E9EC5EC10F90099DEFA91B820F2F3FC70DD9E4785C4,IMPHASH=88CB9A420410BDA787E305B65518A934""},{""@Name"":""ParentProcessGuid"",""#text"":""1111e010-f009-6938-e500-000000000400""},{""@Name"":""ParentProcessId"",""#text"":""4328""},{""@Name"":""ParentImage"",""#text"":""C:\\Windows\\System32\\cmd.exe""},{""@Name"":""ParentCommandLine"",""#text"":""\""C:\\Windows\\system32\\cmd.exe\"" ""},{""@Name"":""ParentUser"",""#text"":""DESKTOP-0S2K0MN\\abish""}]}}"
96,96,2025-12-10 04:21:33.2446604,11,Info,Microsoft-Windows-Sysmon,Microsoft-Windows-Sysmon/Operational,4960,7188,DESKTOP-0S2K0MN,1,S-1-5-18,FileCreate,DESKTOP-0S2K0MN\abish,,"ProcessID: 7468, ProcessGUID: 1111e010-f54c-6938-8601-000000000400",RuleName: -,Image: C:\Windows\System32\WindowsPowerShell\v1.0\powershell.exe,TargetFilename: C:\Users\abish\AppData\Local\Temp\__PSScriptPolicyTest_x4gfcl1r.2rd.ps1,,,,False,c:\temp\6475c822607415853134a0e4383d2ab2_sysmonactivity.evtx,Classic,0,"{""EventData"":{""Data"":[{""@Name"":""RuleName"",""#text"":""-""},{""@Name"":""UtcTime"",""#text"":""2025-12-10 04:21:33.240""},{""@Name"":""ProcessGuid"",""#text"":""1111e010-f54c-6938-8601-000000000400""},{""@Name"":""ProcessId"",""#text"":""7468""},{""@Name"":""Image"",""#text"":""C:\\Windows\\System32\\WindowsPowerShell\\v1.0\\powershell.exe""},{""@Name"":""TargetFilename"",""#text"":""C:\\Users\\abish\\AppData\\Local\\Temp\\__PSScriptPolicyTest_x4gfcl1r.2rd.ps1""},{""@Name"":""CreationUtcTime"",""#text"":""2025-12-10 04:21:33.240""},{""@Name"":""User"",""#text"":""DESKTOP-0S2K0MN\\abish""}]}}"
97,97,2025-12-10 04:21:43.6187864,22,Info,Microsoft-Windows-Sysmon,Microsoft-Windows-Sysmon/Operational,4960,7184,DESKTOP-0S2K0MN,1,S-1-5-18,DNSEvent (DNS query),NT AUTHORITY\LOCAL SERVICE,,"ProcessID: 1028, ProcessGUID: 1111e010-edfe-6938-1500-000000000400",RuleName: -,Image: C:\Windows\System32\svchost.exe,QueryName: wpad,QueryStatus: 13,QueryResults: -,,False,c:\temp\6475c822607415853134a0e4383d2ab2_sysmonactivity.evtx,Classic,0,"{""EventData"":{""Data"":[{""@Name"":""RuleName"",""#text"":""-""},{""@Name"":""UtcTime"",""#text"":""2025-12-10 04:21:41.603""},{""@Name"":""ProcessGuid"",""#text"":""1111e010-edfe-6938-1500-000000000400""},{""@Name"":""ProcessId"",""#text"":""1028""},{""@Name"":""QueryName"",""#text"":""wpad""},{""@Name"":""QueryStatus"",""#text"":""13""},{""@Name"":""QueryResults"",""#text"":""-""},{""@Name"":""Image"",""#text"":""C:\\Windows\\System32\\svchost.exe""},{""@Name"":""User"",""#text"":""NT AUTHORITY\\LOCAL SERVICE""}]}}"
98,98,2025-12-10 04:21:57.2479373,1,Info,Microsoft-Windows-Sysmon,Microsoft-Windows-Sysmon/Operational,4960,7188,DESKTOP-0S2K0MN,1,S-1-5-18,Process creation,DESKTOP-0S2K0MN\abish,,"ProcessID: 3464, ProcessGUID: 1111e010-f565-6938-8701-000000000400",RuleName: -,"MD5=BCF01E61144D6D6325650134823198B8,SHA256=B4E7BC24BF3F5C3DA2EB6E9EC5EC10F90099DEFA91B820F2F3FC70DD9E4785C4,IMPHASH=88CB9A420410BDA787E305B65518A934",ParentProcess: C:\Windows\System32\WindowsPowerShell\v1.0\powershell.exe,"ParentProcessID: 7468, ParentProcessGUID: 1111e010-f54c-6938-8601-000000000400",ParentCommandLine: powershell  -EncodedCommand SQBFAFgA,"""C:\Windows\System32\WindowsPowerShell\v1.0\powershell.exe"" -EncodedCommand SQBFAFgA",False,c:\temp\6475c822607415853134a0e4383d2ab2_sysmonactivity.evtx,Classic,0,"{""EventData"":{""Data"":[{""@Name"":""RuleName"",""#text"":""-""},{""@Name"":""UtcTime"",""#text"":""2025-12-10 04:21:57.233""},{""@Name"":""ProcessGuid"",""#text"":""1111e010-f565-6938-8701-000000000400""},{""@Name"":""ProcessId"",""#text"":""3464""},{""@Name"":""Image"",""#text"":""C:\\Windows\\System32\\WindowsPowerShell\\v1.0\\powershell.exe""},{""@Name"":""FileVersion"",""#text"":""10.0.19041.2913 (WinBuild.160101.0800)""},{""@Name"":""Description"",""#text"":""Windows PowerShell""},{""@Name"":""Product"",""#text"":""Microsoft® Windows® Operating System""},{""@Name"":""Company"",""#text"":""Microsoft Corporation""},{""@Name"":""OriginalFileName"",""#text"":""PowerShell.EXE""},{""@Name"":""CommandLine"",""#text"":""\""C:\\Windows\\System32\\WindowsPowerShell\\v1.0\\powershell.exe\"" -EncodedCommand SQBFAFgA""},{""@Name"":""CurrentDirectory"",""#text"":""C:\\Users\\abish\\Downloads\\Sysmon\\""},{""@Name"":""User"",""#text"":""DESKTOP-0S2K0MN\\abish""},{""@Name"":""LogonGuid"",""#text"":""1111e010-eeb6-6938-4994-070000000000""},{""@Name"":""LogonId"",""#text"":""0x79449""},{""@Name"":""TerminalSessionId"",""#text"":""1""},{""@Name"":""IntegrityLevel"",""#text"":""High""},{""@Name"":""Hashes"",""#text"":""MD5=BCF01E61144D6D6325650134823198B8,SHA256=B4E7BC24BF3F5C3DA2EB6E9EC5EC10F90099DEFA91B820F2F3FC70DD9E4785C4,IMPHASH=88CB9A420410BDA787E305B65518A934""},{""@Name"":""ParentProcessGuid"",""#text"":""1111e010-f54c-6938-8601-000000000400""},{""@Name"":""ParentProcessId"",""#text"":""7468""},{""@Name"":""ParentImage"",""#text"":""C:\\Windows\\System32\\WindowsPowerShell\\v1.0\\powershell.exe""},{""@Name"":""ParentCommandLine"",""#text"":""powershell  -EncodedCommand SQBFAFgA""},{""@Name"":""ParentUser"",""#text"":""DESKTOP-0S2K0MN\\abish""}]}}"
99,99,2025-12-10 04:21:57.5266955,11,Info,Microsoft-Windows-Sysmon,Microsoft-Windows-Sysmon/Operational,4960,7188,DESKTOP-0S2K0MN,1,S-1-5-18,FileCreate,DESKTOP-0S2K0MN\abish,,"ProcessID: 3464, ProcessGUID: 1111e010-f565-6938-8701-000000000400",RuleName: -,Image: C:\Windows\System32\WindowsPowerShell\v1.0\powershell.exe,TargetFilename: C:\Users\abish\AppData\Local\Temp\__PSScriptPolicyTest_1k5pmsxc.f0v.ps1,,,,False,c:\temp\6475c822607415853134a0e4383d2ab2_sysmonactivity.evtx,Classic,0,"{""EventData"":{""Data"":[{""@Name"":""RuleName"",""#text"":""-""},{""@Name"":""UtcTime"",""#text"":""2025-12-10 04:21:57.525""},{""@Name"":""ProcessGuid"",""#text"":""1111e010-f565-6938-8701-000000000400""},{""@Name"":""ProcessId"",""#text"":""3464""},{""@Name"":""Image"",""#text"":""C:\\Windows\\System32\\WindowsPowerShell\\v1.0\\powershell.exe""},{""@Name"":""TargetFilename"",""#text"":""C:\\Users\\abish\\AppData\\Local\\Temp\\__PSScriptPolicyTest_1k5pmsxc.f0v.ps1""},{""@Name"":""CreationUtcTime"",""#text"":""2025-12-10 04:21:57.525""},{""@Name"":""User"",""#text"":""DESKTOP-0S2K0MN\\abish""}]}}"
100,100,2025-12-10 04:22:10.2431883,11,Info,Microsoft-Windows-Sysmon,Microsoft-Windows-Sysmon/Operational,4960,7188,DESKTOP-0S2K0MN,1,S-1-5-18,FileCreate,DESKTOP-0S2K0MN\abish,,"ProcessID: 3464, ProcessGUID: 1111e010-f565-6938-8701-000000000400",RuleName: -,Image: C:\Windows\System32\WindowsPowerShell\v1.0\powershell.exe,TargetFilename: C:\Users\abish\AppData\Local\Temp\__PSScriptPolicyTest_3pd0zloy.uhz.ps1,,,,False,c:\temp\6475c822607415853134a0e4383d2ab2_sysmonactivity.evtx,Classic,0,"{""EventData"":{""Data"":[{""@Name"":""RuleName"",""#text"":""-""},{""@Name"":""UtcTime"",""#text"":""2025-12-10 04:22:10.242""},{""@Name"":""ProcessGuid"",""#text"":""1111e010-f565-6938-8701-000000000400""},{""@Name"":""ProcessId"",""#text"":""3464""},{""@Name"":""Image"",""#text"":""C:\\Windows\\System32\\WindowsPowerShell\\v1.0\\powershell.exe""},{""@Name"":""TargetFilename"",""#text"":""C:\\Users\\abish\\AppData\\Local\\Temp\\__PSScriptPolicyTest_3pd0zloy.uhz.ps1""},{""@Name"":""CreationUtcTime"",""#text"":""2025-12-10 04:22:10.242""},{""@Name"":""User"",""#text"":""DESKTOP-0S2K0MN\\abish""}]}}"
101,101,2025-12-10 04:22:49.3074649,1,Info,Microsoft-Windows-Sysmon,Microsoft-Windows-Sysmon/Operational,4960,7188,DESKTOP-0S2K0MN,1,S-1-5-18,Process creation,NT AUTHORITY\SYSTEM,,"ProcessID: 8040, ProcessGUID: 1111e010-f599-6938-8801-000000000400",RuleName: -,"MD5=DD5032EF160209E470E2612A8A3D5F59,SHA256=7FF00DE6D57E83E0A3D566935C7557F11F9B12270529582987FF14EE65502EA6,IMPHASH=7001337914CFB426620F508E54CDF72F",ParentProcess: C:\Windows\System32\svchost.exe,"ParentProcessID: 508, ParentProcessGUID: 1111e010-edfe-6938-1300-000000000400",ParentCommandLine: C:\Windows\system32\svchost.exe -k netsvcs -p,consent.exe 508 468 00000191628E4640,False,c:\temp\6475c822607415853134a0e4383d2ab2_sysmonactivity.evtx,Classic,0,"{""EventData"":{""Data"":[{""@Name"":""RuleName"",""#text"":""-""},{""@Name"":""UtcTime"",""#text"":""2025-12-10 04:22:49.302""},{""@Name"":""ProcessGuid"",""#text"":""1111e010-f599-6938-8801-000000000400""},{""@Name"":""ProcessId"",""#text"":""8040""},{""@Name"":""Image"",""#text"":""C:\\Windows\\System32\\consent.exe""},{""@Name"":""FileVersion"",""#text"":""10.0.19041.1865 (WinBuild.160101.0800)""},{""@Name"":""Description"",""#text"":""Consent UI for administrative applications""},{""@Name"":""Product"",""#text"":""Microsoft® Windows® Operating System""},{""@Name"":""Company"",""#text"":""Microsoft Corporation""},{""@Name"":""OriginalFileName"",""#text"":""consent.exe""},{""@Name"":""CommandLine"",""#text"":""consent.exe 508 468 00000191628E4640""},{""@Name"":""CurrentDirectory"",""#text"":""C:\\Windows\\system32\\""},{""@Name"":""User"",""#text"":""NT AUTHORITY\\SYSTEM""},{""@Name"":""LogonGuid"",""#text"":""1111e010-edfe-6938-e703-000000000000""},{""@Name"":""LogonId"",""#text"":""0x3E7""},{""@Name"":""TerminalSessionId"",""#text"":""1""},{""@Name"":""IntegrityLevel"",""#text"":""System""},{""@Name"":""Hashes"",""#text"":""MD5=DD5032EF160209E470E2612A8A3D5F59,SHA256=7FF00DE6D57E83E0A3D566935C7557F11F9B12270529582987FF14EE65502EA6,IMPHASH=7001337914CFB426620F508E54CDF72F""},{""@Name"":""ParentProcessGuid"",""#text"":""1111e010-edfe-6938-1300-000000000400""},{""@Name"":""ParentProcessId"",""#text"":""508""},{""@Name"":""ParentImage"",""#text"":""C:\\Windows\\System32\\svchost.exe""},{""@Name"":""ParentCommandLine"",""#text"":""C:\\Windows\\system32\\svchost.exe -k netsvcs -p""},{""@Name"":""ParentUser"",""#text"":""NT AUTHORITY\\SYSTEM""}]}}"
102,102,2025-12-10 04:22:50.1010828,1,Info,Microsoft-Windows-Sysmon,Microsoft-Windows-Sysmon/Operational,4960,7188,DESKTOP-0S2K0MN,1,S-1-5-18,Process creation,NT AUTHORITY\SYSTEM,,"ProcessID: 7156, ProcessGUID: 1111e010-f59a-6938-8a01-000000000400",RuleName: -,"MD5=DE1AC0479ECCB2F06731EEE52C6D2609,SHA256=EB76B56B6F4FAC87353961645DFAE2F842C0C8CED6B86C2EB48DE0F144D2DC05,IMPHASH=72789ABFBC08A24E6F6A23DE50B7DE6A",ParentProcess: C:\Windows\System32\svchost.exe,"ParentProcessID: 788, ParentProcessGUID: 1111e010-edfe-6938-0d00-000000000400",ParentCommandLine: C:\Windows\system32\svchost.exe -k DcomLaunch -p,C:\Windows\System32\mousocoreworker.exe -Embedding,False,c:\temp\6475c822607415853134a0e4383d2ab2_sysmonactivity.evtx,Classic,0,"{""EventData"":{""Data"":[{""@Name"":""RuleName"",""#text"":""-""},{""@Name"":""UtcTime"",""#text"":""2025-12-10 04:22:50.099""},{""@Name"":""ProcessGuid"",""#text"":""1111e010-f59a-6938-8a01-000000000400""},{""@Name"":""ProcessId"",""#text"":""7156""},{""@Name"":""Image"",""#text"":""C:\\Windows\\System32\\MoUsoCoreWorker.exe""},{""@Name"":""FileVersion"",""#text"":""10.0.19041.2788 (WinBuild.160101.0800)""},{""@Name"":""Description"",""#text"":""MoUSO Core Worker Process""},{""@Name"":""Product"",""#text"":""Microsoft® Windows® Operating System""},{""@Name"":""Company"",""#text"":""Microsoft Corporation""},{""@Name"":""OriginalFileName"",""#text"":""MoUSOCoreWorker.exe""},{""@Name"":""CommandLine"",""#text"":""C:\\Windows\\System32\\mousocoreworker.exe -Embedding""},{""@Name"":""CurrentDirectory"",""#text"":""C:\\Windows\\system32\\""},{""@Name"":""User"",""#text"":""NT AUTHORITY\\SYSTEM""},{""@Name"":""LogonGuid"",""#text"":""1111e010-edfe-6938-e703-000000000000""},{""@Name"":""LogonId"",""#text"":""0x3E7""},{""@Name"":""TerminalSessionId"",""#text"":""0""},{""@Name"":""IntegrityLevel"",""#text"":""System""},{""@Name"":""Hashes"",""#text"":""MD5=DE1AC0479ECCB2F06731EEE52C6D2609,SHA256=EB76B56B6F4FAC87353961645DFAE2F842C0C8CED6B86C2EB48DE0F144D2DC05,IMPHASH=72789ABFBC08A24E6F6A23DE50B7DE6A""},{""@Name"":""ParentProcessGuid"",""#text"":""1111e010-edfe-6938-0d00-000000000400""},{""@Name"":""ParentProcessId"",""#text"":""788""},{""@Name"":""ParentImage"",""#text"":""C:\\Windows\\System32\\svchost.exe""},{""@Name"":""ParentCommandLine"",""#text"":""C:\\Windows\\system32\\svchost.exe -k DcomLaunch -p""},{""@Name"":""ParentUser"",""#text"":""NT AUTHORITY\\SYSTEM""}]}}"
103,103,2025-12-10 04:22:50.5631970,1,Info,Microsoft-Windows-Sysmon,Microsoft-Windows-Sysmon/Operational,4960,7188,DESKTOP-0S2K0MN,1,S-1-5-18,Process creation,DESKTOP-0S2K0MN\abish,,"ProcessID: 8060, ProcessGUID: 1111e010-f59a-6938-8c01-000000000400",RuleName: -,"MD5=BCF01E61144D6D6325650134823198B8,SHA256=B4E7BC24BF3F5C3DA2EB6E9EC5EC10F90099DEFA91B820F2F3FC70DD9E4785C4,IMPHASH=88CB9A420410BDA787E305B65518A934",ParentProcess: C:\Windows\explorer.exe,"ParentProcessID: 3912, ParentProcessGUID: 1111e010-eeb7-6938-5500-000000000400",ParentCommandLine: C:\Windows\Explorer.EXE,"""C:\Windows\System32\WindowsPowerShell\v1.0\powershell.exe"" ",False,c:\temp\6475c822607415853134a0e4383d2ab2_sysmonactivity.evtx,Classic,0,"{""EventData"":{""Data"":[{""@Name"":""RuleName"",""#text"":""-""},{""@Name"":""UtcTime"",""#text"":""2025-12-10 04:22:50.555""},{""@Name"":""ProcessGuid"",""#text"":""1111e010-f59a-6938-8c01-000000000400""},{""@Name"":""ProcessId"",""#text"":""8060""},{""@Name"":""Image"",""#text"":""C:\\Windows\\System32\\WindowsPowerShell\\v1.0\\powershell.exe""},{""@Name"":""FileVersion"",""#text"":""10.0.19041.2913 (WinBuild.160101.0800)""},{""@Name"":""Description"",""#text"":""Windows PowerShell""},{""@Name"":""Product"",""#text"":""Microsoft® Windows® Operating System""},{""@Name"":""Company"",""#text"":""Microsoft Corporation""},{""@Name"":""OriginalFileName"",""#text"":""PowerShell.EXE""},{""@Name"":""CommandLine"",""#text"":""\""C:\\Windows\\System32\\WindowsPowerShell\\v1.0\\powershell.exe\"" ""},{""@Name"":""CurrentDirectory"",""#text"":""C:\\Windows\\system32\\""},{""@Name"":""User"",""#text"":""DESKTOP-0S2K0MN\\abish""},{""@Name"":""LogonGuid"",""#text"":""1111e010-eeb6-6938-4994-070000000000""},{""@Name"":""LogonId"",""#text"":""0x79449""},{""@Name"":""TerminalSessionId"",""#text"":""1""},{""@Name"":""IntegrityLevel"",""#text"":""High""},{""@Name"":""Hashes"",""#text"":""MD5=BCF01E61144D6D6325650134823198B8,SHA256=B4E7BC24BF3F5C3DA2EB6E9EC5EC10F90099DEFA91B820F2F3FC70DD9E4785C4,IMPHASH=88CB9A420410BDA787E305B65518A934""},{""@Name"":""ParentProcessGuid"",""#text"":""1111e010-eeb7-6938-5500-000000000400""},{""@Name"":""ParentProcessId"",""#text"":""3912""},{""@Name"":""ParentImage"",""#text"":""C:\\Windows\\explorer.exe""},{""@Name"":""ParentCommandLine"",""#text"":""C:\\Windows\\Explorer.EXE""},{""@Name"":""ParentUser"",""#text"":""DESKTOP-0S2K0MN\\abish""}]}}"
104,104,2025-12-10 04:22:51.1072189,1,Info,Microsoft-Windows-Sysmon,Microsoft-Windows-Sysmon/Operational,4960,7188,DESKTOP-0S2K0MN,1,S-1-5-18,Process creation,NT AUTHORITY\SYSTEM,,"ProcessID: 3696, ProcessGUID: 1111e010-f59b-6938-8e01-000000000400",RuleName: -,"MD5=B7F884C1B74A263F746EE12A5F7C9F6A,SHA256=ADD683A6910ABBBF0E28B557FAD0BA998166394932AE2ACA069D9AA19EA8FE88,IMPHASH=247B9220E5D9B720A82B2C8B5069AD69",ParentProcess: C:\Windows\System32\services.exe,"ParentProcessID: 656, ParentProcessGUID: 1111e010-edfe-6938-0b00-000000000400",ParentCommandLine: C:\Windows\system32\services.exe,C:\Windows\system32\svchost.exe -k wusvcs -p,False,c:\temp\6475c822607415853134a0e4383d2ab2_sysmonactivity.evtx,Classic,0,"{""EventData"":{""Data"":[{""@Name"":""RuleName"",""#text"":""-""},{""@Name"":""UtcTime"",""#text"":""2025-12-10 04:22:51.099""},{""@Name"":""ProcessGuid"",""#text"":""1111e010-f59b-6938-8e01-000000000400""},{""@Name"":""ProcessId"",""#text"":""3696""},{""@Name"":""Image"",""#text"":""C:\\Windows\\System32\\svchost.exe""},{""@Name"":""FileVersion"",""#text"":""10.0.19041.1806 (WinBuild.160101.0800)""},{""@Name"":""Description"",""#text"":""Host Process for Windows Services""},{""@Name"":""Product"",""#text"":""Microsoft® Windows® Operating System""},{""@Name"":""Company"",""#text"":""Microsoft Corporation""},{""@Name"":""OriginalFileName"",""#text"":""svchost.exe""},{""@Name"":""CommandLine"",""#text"":""C:\\Windows\\system32\\svchost.exe -k wusvcs -p""},{""@Name"":""CurrentDirectory"",""#text"":""C:\\Windows\\system32\\""},{""@Name"":""User"",""#text"":""NT AUTHORITY\\SYSTEM""},{""@Name"":""LogonGuid"",""#text"":""1111e010-edfe-6938-e703-000000000000""},{""@Name"":""LogonId"",""#text"":""0x3E7""},{""@Name"":""TerminalSessionId"",""#text"":""0""},{""@Name"":""IntegrityLevel"",""#text"":""System""},{""@Name"":""Hashes"",""#text"":""MD5=B7F884C1B74A263F746EE12A5F7C9F6A,SHA256=ADD683A6910ABBBF0E28B557FAD0BA998166394932AE2ACA069D9AA19EA8FE88,IMPHASH=247B9220E5D9B720A82B2C8B5069AD69""},{""@Name"":""ParentProcessGuid"",""#text"":""1111e010-edfe-6938-0b00-000000000400""},{""@Name"":""ParentProcessId"",""#text"":""656""},{""@Name"":""ParentImage"",""#text"":""C:\\Windows\\System32\\services.exe""},{""@Name"":""ParentCommandLine"",""#text"":""C:\\Windows\\system32\\services.exe""},{""@Name"":""ParentUser"",""#text"":""NT AUTHORITY\\SYSTEM""}]}}"
105,105,2025-12-10 04:22:51.6028921,11,Info,Microsoft-Windows-Sysmon,Microsoft-Windows-Sysmon/Operational,4960,7188,DESKTOP-0S2K0MN,1,S-1-5-18,FileCreate,DESKTOP-0S2K0MN\abish,,"ProcessID: 8060, ProcessGUID: 1111e010-f59a-6938-8c01-000000000400",RuleName: -,Image: C:\Windows\System32\WindowsPowerShell\v1.0\powershell.exe,TargetFilename: C:\Users\abish\AppData\Local\Temp\__PSScriptPolicyTest_li5abuf4.ji0.ps1,,,,False,c:\temp\6475c822607415853134a0e4383d2ab2_sysmonactivity.evtx,Classic,0,"{""EventData"":{""Data"":[{""@Name"":""RuleName"",""#text"":""-""},{""@Name"":""UtcTime"",""#text"":""2025-12-10 04:22:51.600""},{""@Name"":""ProcessGuid"",""#text"":""1111e010-f59a-6938-8c01-000000000400""},{""@Name"":""ProcessId"",""#text"":""8060""},{""@Name"":""Image"",""#text"":""C:\\Windows\\System32\\WindowsPowerShell\\v1.0\\powershell.exe""},{""@Name"":""TargetFilename"",""#text"":""C:\\Users\\abish\\AppData\\Local\\Temp\\__PSScriptPolicyTest_li5abuf4.ji0.ps1""},{""@Name"":""CreationUtcTime"",""#text"":""2025-12-10 04:22:51.600""},{""@Name"":""User"",""#text"":""DESKTOP-0S2K0MN\\abish""}]}}"
106,106,2025-12-10 04:22:56.6710122,1,Info,Microsoft-Windows-Sysmon,Microsoft-Windows-Sysmon/Operational,4960,7188,DESKTOP-0S2K0MN,1,S-1-5-18,Process creation,DESKTOP-0S2K0MN\abish,,"ProcessID: 2284, ProcessGUID: 1111e010-f5a0-6938-9101-000000000400",RuleName: -,"MD5=BCF01E61144D6D6325650134823198B8,SHA256=B4E7BC24BF3F5C3DA2EB6E9EC5EC10F90099DEFA91B820F2F3FC70DD9E4785C4,IMPHASH=88CB9A420410BDA787E305B65518A934",ParentProcess: C:\Windows\System32\WindowsPowerShell\v1.0\powershell.exe,"ParentProcessID: 8060, ParentProcessGUID: 1111e010-f59a-6938-8c01-000000000400","ParentCommandLine: ""C:\Windows\System32\WindowsPowerShell\v1.0\powershell.exe"" ","""C:\Windows\System32\WindowsPowerShell\v1.0\powershell.exe"" -EncodedCommand SQBFAFgA",False,c:\temp\6475c822607415853134a0e4383d2ab2_sysmonactivity.evtx,Classic,0,"{""EventData"":{""Data"":[{""@Name"":""RuleName"",""#text"":""-""},{""@Name"":""UtcTime"",""#text"":""2025-12-10 04:22:56.658""},{""@Name"":""ProcessGuid"",""#text"":""1111e010-f5a0-6938-9101-000000000400""},{""@Name"":""ProcessId"",""#text"":""2284""},{""@Name"":""Image"",""#text"":""C:\\Windows\\System32\\WindowsPowerShell\\v1.0\\powershell.exe""},{""@Name"":""FileVersion"",""#text"":""10.0.19041.2913 (WinBuild.160101.0800)""},{""@Name"":""Description"",""#text"":""Windows PowerShell""},{""@Name"":""Product"",""#text"":""Microsoft® Windows® Operating System""},{""@Name"":""Company"",""#text"":""Microsoft Corporation""},{""@Name"":""OriginalFileName"",""#text"":""PowerShell.EXE""},{""@Name"":""CommandLine"",""#text"":""\""C:\\Windows\\System32\\WindowsPowerShell\\v1.0\\powershell.exe\"" -EncodedCommand SQBFAFgA""},{""@Name"":""CurrentDirectory"",""#text"":""C:\\Windows\\system32\\""},{""@Name"":""User"",""#text"":""DESKTOP-0S2K0MN\\abish""},{""@Name"":""LogonGuid"",""#text"":""1111e010-eeb6-6938-4994-070000000000""},{""@Name"":""LogonId"",""#text"":""0x79449""},{""@Name"":""TerminalSessionId"",""#text"":""1""},{""@Name"":""IntegrityLevel"",""#text"":""High""},{""@Name"":""Hashes"",""#text"":""MD5=BCF01E61144D6D6325650134823198B8,SHA256=B4E7BC24BF3F5C3DA2EB6E9EC5EC10F90099DEFA91B820F2F3FC70DD9E4785C4,IMPHASH=88CB9A420410BDA787E305B65518A934""},{""@Name"":""ParentProcessGuid"",""#text"":""1111e010-f59a-6938-8c01-000000000400""},{""@Name"":""ParentProcessId"",""#text"":""8060""},{""@Name"":""ParentImage"",""#text"":""C:\\Windows\\System32\\WindowsPowerShell\\v1.0\\powershell.exe""},{""@Name"":""ParentCommandLine"",""#text"":""\""C:\\Windows\\System32\\WindowsPowerShell\\v1.0\\powershell.exe\"" ""},{""@Name"":""ParentUser"",""#text"":""DESKTOP-0S2K0MN\\abish""}]}}"
107,107,2025-12-10 04:22:56.9806706,11,Info,Microsoft-Windows-Sysmon,Microsoft-Windows-Sysmon/Operational,4960,7188,DESKTOP-0S2K0MN,1,S-1-5-18,FileCreate,DESKTOP-0S2K0MN\abish,,"ProcessID: 2284, ProcessGUID: 1111e010-f5a0-6938-9101-000000000400",RuleName: -,Image: C:\Windows\System32\WindowsPowerShell\v1.0\powershell.exe,TargetFilename: C:\Users\abish\AppData\Local\Temp\__PSScriptPolicyTest_yljxxhuu.bmj.ps1,,,,False,c:\temp\6475c822607415853134a0e4383d2ab2_sysmonactivity.evtx,Classic,0,"{""EventData"":{""Data"":[{""@Name"":""RuleName"",""#text"":""-""},{""@Name"":""UtcTime"",""#text"":""2025-12-10 04:22:56.975""},{""@Name"":""ProcessGuid"",""#text"":""1111e010-f5a0-6938-9101-000000000400""},{""@Name"":""ProcessId"",""#text"":""2284""},{""@Name"":""Image"",""#text"":""C:\\Windows\\System32\\WindowsPowerShell\\v1.0\\powershell.exe""},{""@Name"":""TargetFilename"",""#text"":""C:\\Users\\abish\\AppData\\Local\\Temp\\__PSScriptPolicyTest_yljxxhuu.bmj.ps1""},{""@Name"":""CreationUtcTime"",""#text"":""2025-12-10 04:22:56.975""},{""@Name"":""User"",""#text"":""DESKTOP-0S2K0MN\\abish""}]}}"
108,108,2025-12-10 04:23:28.4948748,11,Info,Microsoft-Windows-Sysmon,Microsoft-Windows-Sysmon/Operational,4960,7188,DESKTOP-0S2K0MN,1,S-1-5-18,FileCreate,NT AUTHORITY\SYSTEM,,"ProcessID: 508, ProcessGUID: 1111e010-edfe-6938-1300-000000000400",RuleName: DLL,Image: C:\Windows\system32\svchost.exe,TargetFilename: C:\Windows\SoftwareDistribution\Download\9d01866b9626c1aaf1de9db17038e23e\Metadata\UpdateAgent.dll,,,,False,c:\temp\6475c822607415853134a0e4383d2ab2_sysmonactivity.evtx,Classic,0,"{""EventData"":{""Data"":[{""@Name"":""RuleName"",""#text"":""DLL""},{""@Name"":""UtcTime"",""#text"":""2025-12-10 04:23:28.494""},{""@Name"":""ProcessGuid"",""#text"":""1111e010-edfe-6938-1300-000000000400""},{""@Name"":""ProcessId"",""#text"":""508""},{""@Name"":""Image"",""#text"":""C:\\Windows\\system32\\svchost.exe""},{""@Name"":""TargetFilename"",""#text"":""C:\\Windows\\SoftwareDistribution\\Download\\9d01866b9626c1aaf1de9db17038e23e\\Metadata\\UpdateAgent.dll""},{""@Name"":""CreationUtcTime"",""#text"":""2025-12-10 04:23:28.494""},{""@Name"":""User"",""#text"":""NT AUTHORITY\\SYSTEM""}]}}"
109,109,2025-12-10 04:23:28.5131185,11,Info,Microsoft-Windows-Sysmon,Microsoft-Windows-Sysmon/Operational,4960,7188,DESKTOP-0S2K0MN,2,S-1-5-18,FileCreate,NT AUTHORITY\SYSTEM,,"ProcessID: 508, ProcessGUID: 1111e010-edfe-6938-1300-000000000400",RuleName: DLL,Image: C:\Windows\system32\svchost.exe,TargetFilename: C:\Windows\SoftwareDistribution\Download\9d01866b9626c1aaf1de9db17038e23e\Metadata\dpx.dll,,,,False,c:\temp\6475c822607415853134a0e4383d2ab2_sysmonactivity.evtx,Classic,0,"{""EventData"":{""Data"":[{""@Name"":""RuleName"",""#text"":""DLL""},{""@Name"":""UtcTime"",""#text"":""2025-12-10 04:23:28.512""},{""@Name"":""ProcessGuid"",""#text"":""1111e010-edfe-6938-1300-000000000400""},{""@Name"":""ProcessId"",""#text"":""508""},{""@Name"":""Image"",""#text"":""C:\\Windows\\system32\\svchost.exe""},{""@Name"":""TargetFilename"",""#text"":""C:\\Windows\\SoftwareDistribution\\Download\\9d01866b9626c1aaf1de9db17038e23e\\Metadata\\dpx.dll""},{""@Name"":""CreationUtcTime"",""#text"":""2025-12-10 04:23:28.512""},{""@Name"":""User"",""#text"":""NT AUTHORITY\\SYSTEM""}]}}"
110,110,2025-12-10 04:23:28.5183384,11,Info,Microsoft-Windows-Sysmon,Microsoft-Windows-Sysmon/Operational,4960,7188,DESKTOP-0S2K0MN,2,S-1-5-18,FileCreate,NT AUTHORITY\SYSTEM,,"ProcessID: 508, ProcessGUID: 1111e010-edfe-6938-1300-000000000400",RuleName: DLL,Image: C:\Windows\system32\svchost.exe,TargetFilename: C:\Windows\SoftwareDistribution\Download\9d01866b9626c1aaf1de9db17038e23e\Metadata\Mitigation.dll,,,,False,c:\temp\6475c822607415853134a0e4383d2ab2_sysmonactivity.evtx,Classic,0,"{""EventData"":{""Data"":[{""@Name"":""RuleName"",""#text"":""DLL""},{""@Name"":""UtcTime"",""#text"":""2025-12-10 04:23:28.517""},{""@Name"":""ProcessGuid"",""#text"":""1111e010-edfe-6938-1300-000000000400""},{""@Name"":""ProcessId"",""#text"":""508""},{""@Name"":""Image"",""#text"":""C:\\Windows\\system32\\svchost.exe""},{""@Name"":""TargetFilename"",""#text"":""C:\\Windows\\SoftwareDistribution\\Download\\9d01866b9626c1aaf1de9db17038e23e\\Metadata\\Mitigation.dll""},{""@Name"":""CreationUtcTime"",""#text"":""2025-12-10 04:23:28.517""},{""@Name"":""User"",""#text"":""NT AUTHORITY\\SYSTEM""}]}}"
111,111,2025-12-10 04:23:28.5222644,11,Info,Microsoft-Windows-Sysmon,Microsoft-Windows-Sysmon/Operational,4960,7188,DESKTOP-0S2K0MN,2,S-1-5-18,FileCreate,NT AUTHORITY\SYSTEM,,"ProcessID: 508, ProcessGUID: 1111e010-edfe-6938-1300-000000000400",RuleName: DLL,Image: C:\Windows\system32\svchost.exe,TargetFilename: C:\Windows\SoftwareDistribution\Download\9d01866b9626c1aaf1de9db17038e23e\Metadata\UAOneSettings.dll,,,,False,c:\temp\6475c822607415853134a0e4383d2ab2_sysmonactivity.evtx,Classic,0,"{""EventData"":{""Data"":[{""@Name"":""RuleName"",""#text"":""DLL""},{""@Name"":""UtcTime"",""#text"":""2025-12-10 04:23:28.521""},{""@Name"":""ProcessGuid"",""#text"":""1111e010-edfe-6938-1300-000000000400""},{""@Name"":""ProcessId"",""#text"":""508""},{""@Name"":""Image"",""#text"":""C:\\Windows\\system32\\svchost.exe""},{""@Name"":""TargetFilename"",""#text"":""C:\\Windows\\SoftwareDistribution\\Download\\9d01866b9626c1aaf1de9db17038e23e\\Metadata\\UAOneSettings.dll""},{""@Name"":""CreationUtcTime"",""#text"":""2025-12-10 04:23:28.521""},{""@Name"":""User"",""#text"":""NT AUTHORITY\\SYSTEM""}]}}"
112,112,2025-12-10 04:23:28.5244130,11,Info,Microsoft-Windows-Sysmon,Microsoft-Windows-Sysmon/Operational,4960,7188,DESKTOP-0S2K0MN,2,S-1-5-18,FileCreate,NT AUTHORITY\SYSTEM,,"ProcessID: 508, ProcessGUID: 1111e010-edfe-6938-1300-000000000400",RuleName: DLL,Image: C:\Windows\system32\svchost.exe,TargetFilename: C:\Windows\SoftwareDistribution\Download\9d01866b9626c1aaf1de9db17038e23e\Metadata\wcp.dll,,,,False,c:\temp\6475c822607415853134a0e4383d2ab2_sysmonactivity.evtx,Classic,0,"{""EventData"":{""Data"":[{""@Name"":""RuleName"",""#text"":""DLL""},{""@Name"":""UtcTime"",""#text"":""2025-12-10 04:23:28.523""},{""@Name"":""ProcessGuid"",""#text"":""1111e010-edfe-6938-1300-000000000400""},{""@Name"":""ProcessId"",""#text"":""508""},{""@Name"":""Image"",""#text"":""C:\\Windows\\system32\\svchost.exe""},{""@Name"":""TargetFilename"",""#text"":""C:\\Windows\\SoftwareDistribution\\Download\\9d01866b9626c1aaf1de9db17038e23e\\Metadata\\wcp.dll""},{""@Name"":""CreationUtcTime"",""#text"":""2025-12-10 04:23:28.523""},{""@Name"":""User"",""#text"":""NT AUTHORITY\\SYSTEM""}]}}"
113,113,2025-12-10 04:23:28.5526684,11,Info,Microsoft-Windows-Sysmon,Microsoft-Windows-Sysmon/Operational,4960,7188,DESKTOP-0S2K0MN,2,S-1-5-18,FileCreate,NT AUTHORITY\SYSTEM,,"ProcessID: 508, ProcessGUID: 1111e010-edfe-6938-1300-000000000400",RuleName: DLL,Image: C:\Windows\system32\svchost.exe,TargetFilename: C:\Windows\SoftwareDistribution\Download\9d01866b9626c1aaf1de9db17038e23e\Metadata\TurboStack.dll,,,,False,c:\temp\6475c822607415853134a0e4383d2ab2_sysmonactivity.evtx,Classic,0,"{""EventData"":{""Data"":[{""@Name"":""RuleName"",""#text"":""DLL""},{""@Name"":""UtcTime"",""#text"":""2025-12-10 04:23:28.551""},{""@Name"":""ProcessGuid"",""#text"":""1111e010-edfe-6938-1300-000000000400""},{""@Name"":""ProcessId"",""#text"":""508""},{""@Name"":""Image"",""#text"":""C:\\Windows\\system32\\svchost.exe""},{""@Name"":""TargetFilename"",""#text"":""C:\\Windows\\SoftwareDistribution\\Download\\9d01866b9626c1aaf1de9db17038e23e\\Metadata\\TurboStack.dll""},{""@Name"":""CreationUtcTime"",""#text"":""2025-12-10 04:23:28.551""},{""@Name"":""User"",""#text"":""NT AUTHORITY\\SYSTEM""}]}}"
114,114,2025-12-10 04:23:28.5587703,11,Info,Microsoft-Windows-Sysmon,Microsoft-Windows-Sysmon/Operational,4960,7188,DESKTOP-0S2K0MN,2,S-1-5-18,FileCreate,NT AUTHORITY\SYSTEM,,"ProcessID: 508, ProcessGUID: 1111e010-edfe-6938-1300-000000000400",RuleName: DLL,Image: C:\Windows\system32\svchost.exe,TargetFilename: C:\Windows\SoftwareDistribution\Download\9d01866b9626c1aaf1de9db17038e23e\Metadata\ReserveManager.dll,,,,False,c:\temp\6475c822607415853134a0e4383d2ab2_sysmonactivity.evtx,Classic,0,"{""EventData"":{""Data"":[{""@Name"":""RuleName"",""#text"":""DLL""},{""@Name"":""UtcTime"",""#text"":""2025-12-10 04:23:28.557""},{""@Name"":""ProcessGuid"",""#text"":""1111e010-edfe-6938-1300-000000000400""},{""@Name"":""ProcessId"",""#text"":""508""},{""@Name"":""Image"",""#text"":""C:\\Windows\\system32\\svchost.exe""},{""@Name"":""TargetFilename"",""#text"":""C:\\Windows\\SoftwareDistribution\\Download\\9d01866b9626c1aaf1de9db17038e23e\\Metadata\\ReserveManager.dll""},{""@Name"":""CreationUtcTime"",""#text"":""2025-12-10 04:23:28.557""},{""@Name"":""User"",""#text"":""NT AUTHORITY\\SYSTEM""}]}}"
115,115,2025-12-10 04:23:28.5612813,11,Info,Microsoft-Windows-Sysmon,Microsoft-Windows-Sysmon/Operational,4960,7188,DESKTOP-0S2K0MN,2,S-1-5-18,FileCreate,NT AUTHORITY\SYSTEM,,"ProcessID: 508, ProcessGUID: 1111e010-edfe-6938-1300-000000000400",RuleName: DLL,Image: C:\Windows\system32\svchost.exe,TargetFilename: C:\Windows\SoftwareDistribution\Download\9d01866b9626c1aaf1de9db17038e23e\Metadata\WinREAgent.dll,,,,False,c:\temp\6475c822607415853134a0e4383d2ab2_sysmonactivity.evtx,Classic,0,"{""EventData"":{""Data"":[{""@Name"":""RuleName"",""#text"":""DLL""},{""@Name"":""UtcTime"",""#text"":""2025-12-10 04:23:28.560""},{""@Name"":""ProcessGuid"",""#text"":""1111e010-edfe-6938-1300-000000000400""},{""@Name"":""ProcessId"",""#text"":""508""},{""@Name"":""Image"",""#text"":""C:\\Windows\\system32\\svchost.exe""},{""@Name"":""TargetFilename"",""#text"":""C:\\Windows\\SoftwareDistribution\\Download\\9d01866b9626c1aaf1de9db17038e23e\\Metadata\\WinREAgent.dll""},{""@Name"":""CreationUtcTime"",""#text"":""2025-12-10 04:23:28.560""},{""@Name"":""User"",""#text"":""NT AUTHORITY\\SYSTEM""}]}}"
116,116,2025-12-10 04:23:28.5660647,11,Info,Microsoft-Windows-Sysmon,Microsoft-Windows-Sysmon/Operational,4960,7188,DESKTOP-0S2K0MN,2,S-1-5-18,FileCreate,NT AUTHORITY\SYSTEM,,"ProcessID: 508, ProcessGUID: 1111e010-edfe-6938-1300-000000000400",RuleName: DLL,Image: C:\Windows\system32\svchost.exe,TargetFilename: C:\Windows\SoftwareDistribution\Download\9d01866b9626c1aaf1de9db17038e23e\Metadata\fvereseal.dll,,,,False,c:\temp\6475c822607415853134a0e4383d2ab2_sysmonactivity.evtx,Classic,0,"{""EventData"":{""Data"":[{""@Name"":""RuleName"",""#text"":""DLL""},{""@Name"":""UtcTime"",""#text"":""2025-12-10 04:23:28.565""},{""@Name"":""ProcessGuid"",""#text"":""1111e010-edfe-6938-1300-000000000400""},{""@Name"":""ProcessId"",""#text"":""508""},{""@Name"":""Image"",""#text"":""C:\\Windows\\system32\\svchost.exe""},{""@Name"":""TargetFilename"",""#text"":""C:\\Windows\\SoftwareDistribution\\Download\\9d01866b9626c1aaf1de9db17038e23e\\Metadata\\fvereseal.dll""},{""@Name"":""CreationUtcTime"",""#text"":""2025-12-10 04:23:28.565""},{""@Name"":""User"",""#text"":""NT AUTHORITY\\SYSTEM""}]}}"
