58,58,2025-12-10 04:15:01.5518817,1,Info,Microsoft-Windows-Sysmon,Microsoft-Windows-Sysmon/Operational,4960,7188,DESKTOP-0S2K0MN,1,S-1-5-18,Process creation,DESKTOP-0S2K0MN\abish,,"ProcessID: 2256, ProcessGUID: 1111e010-f3c5-6938-7201-000000000400",RuleName: -,"MD5=F221A4CCAFEC690101C59F726C95B646,SHA256=94AA32A2C9C1D2DB78318D9C68262C2F834ABE26B6E9A661700324B55FDD5709,IMPHASH=D90E4D192F94E7240C400DA8FC2154D7",ParentProcess: C:\Windows\System32\cmd.exe,"ParentProcessID: 4328, ParentProcessGUID: 1111e010-f009-6938-e500-000000000400","ParentCommandLine: ""C:\Windows\system32\cmd.exe"" ",mspaint,False,c:\temp\6475c822607415853134a0e4383d2ab2_sysmonactivity.evtx,Classic,0,"{""EventData"":{""Data"":[{""@Name"":""RuleName"",""#text"":""-""},{""@Name"":""UtcTime"",""#text"":""2025-12-10 04:15:01.544""},{""@Name"":""ProcessGuid"",""#text"":""1111e010-f3c5-6938-7201-000000000400""},{""@Name"":""ProcessId"",""#text"":""2256""},{""@Name"":""Image"",""#text"":""C:\\Windows\\System32\\mspaint.exe""},{""@Name"":""FileVersion"",""#text"":""10.0.19041.746 (WinBuild.160101.0800)""},{""@Name"":""Description"",""#text"":""Paint""},{""@Name"":""Product"",""#text"":""Microsoft® Windows® Operating System""},{""@Name"":""Company"",""#text"":""Microsoft Corporation""},{""@Name"":""OriginalFileName"",""#text"":""MSPAINT.EXE""},{""@Name"":""CommandLine"",""#text"":""mspaint""},{""@Name"":""CurrentDirectory"",""#text"":""C:\\Users\\abish\\Downloads\\Sysmon\\""},{""@Name"":""User"",""#text"":""DESKTOP-0S2K0MN\\abish""},{""@Name"":""LogonGuid"",""#text"":""1111e010-eeb6-6938-4994-070000000000""},{""@Name"":""LogonId"",""#text"":""0x79449""},{""@Name"":""TerminalSessionId"",""#text"":""1""},{""@Name"":""IntegrityLevel"",""#text"":""High""},{""@Name"":""Hashes"",""#text"":""MD5=F221A4CCAFEC690101C59F726C95B646,SHA256=94AA32A2C9C1D2DB78318D9C68262C2F834ABE26B6E9A661700324B55FDD5709,IMPHASH=D90E4D192F94E7240C400DA8FC2154D7""},{""@Name"":""ParentProcessGuid"",""#text"":""1111e010-f009-6938-e500-000000000400""},{""@Name"":""ParentProcessId"",""#text"":""4328""},{""@Name"":""ParentImage"",""#text"":""C:\\Windows\\System32\\cmd.exe""},{""@Name"":""ParentCommandLine"",""#text"":""\""C:\\Windows\\system32\\cmd.exe\"" ""},{""@Name"":""ParentUser"",""#text"":""DESKTOP-0S2K0MN\\abish""}]}}"
59,59,2025-12-10 04:15:30.3476719,13,Info,Microsoft-Windows-Sysmon,Microsoft-Windows-Sysmon/Operational,4960,7188,DESKTOP-0S2K0MN,1,S-1-5-18,RegistryEvent (Value Set),NT AUTHORITY\SYSTEM,,"ProcessID: 1688, ProcessGUID: 1111e010-edff-6938-2600-000000000400",RuleName: InvDB-Path,Image: C:\Windows\System32\svchost.exe,EventType: SetValue,TargetObject: \REGISTRY\A\{6153746f-14e0-09fd-4a23-4401df607f6a}\Root\InventoryApplicationFile\mspaint.exe|3bae8eb76a24224b\LowerCaseLongPath,Details: c:\windows\system32\mspaint.exe,,False,c:\temp\6475c822607415853134a0e4383d2ab2_sysmonactivity.evtx,Classic,0,"{""EventData"":{""Data"":[{""@Name"":""RuleName"",""#text"":""InvDB-Path""},{""@Name"":""EventType"",""#text"":""SetValue""},{""@Name"":""UtcTime"",""#text"":""2025-12-10 04:15:30.341""},{""@Name"":""ProcessGuid"",""#text"":""1111e010-edff-6938-2600-000000000400""},{""@Name"":""ProcessId"",""#text"":""1688""},{""@Name"":""Image"",""#text"":""C:\\Windows\\System32\\svchost.exe""},{""@Name"":""TargetObject"",""#text"":""\\REGISTRY\\A\\{6153746f-14e0-09fd-4a23-4401df607f6a}\\Root\\InventoryApplicationFile\\mspaint.exe|3bae8eb76a24224b\\LowerCaseLongPath""},{""@Name"":""Details"",""#text"":""c:\\windows\\system32\\mspaint.exe""},{""@Name"":""User"",""#text"":""NT AUTHORITY\\SYSTEM""}]}}"
60,60,2025-12-10 04:15:30.3478043,13,Info,Microsoft-Windows-Sysmon,Microsoft-Windows-Sysmon/Operational,4960,7188,DESKTOP-0S2K0MN,1,S-1-5-18,RegistryEvent (Value Set),NT AUTHORITY\SYSTEM,,"ProcessID: 1688, ProcessGUID: 1111e010-edff-6938-2600-000000000400",RuleName: InvDB-Pub,Image: C:\Windows\System32\svchost.exe,EventType: SetValue,TargetObject: \REGISTRY\A\{6153746f-14e0-09fd-4a23-4401df607f6a}\Root\InventoryApplicationFile\mspaint.exe|3bae8eb76a24224b\Publisher,Details: microsoft corporation,,False,c:\temp\6475c822607415853134a0e4383d2ab2_sysmonactivity.evtx,Classic,0,"{""EventData"":{""Data"":[{""@Name"":""RuleName"",""#text"":""InvDB-Pub""},{""@Name"":""EventType"",""#text"":""SetValue""},{""@Name"":""UtcTime"",""#text"":""2025-12-10 04:15:30.341""},{""@Name"":""ProcessGuid"",""#text"":""1111e010-edff-6938-2600-000000000400""},{""@Name"":""ProcessId"",""#text"":""1688""},{""@Name"":""Image"",""#text"":""C:\\Windows\\System32\\svchost.exe""},{""@Name"":""TargetObject"",""#text"":""\\REGISTRY\\A\\{6153746f-14e0-09fd-4a23-4401df607f6a}\\Root\\InventoryApplicationFile\\mspaint.exe|3bae8eb76a24224b\\Publisher""},{""@Name"":""Details"",""#text"":""microsoft corporation""},{""@Name"":""User"",""#text"":""NT AUTHORITY\\SYSTEM""}]}}"
61,61,2025-12-10 04:15:30.3480448,13,Info,Microsoft-Windows-Sysmon,Microsoft-Windows-Sysmon/Operational,4960,7188,DESKTOP-0S2K0MN,1,S-1-5-18,RegistryEvent (Value Set),NT AUTHORITY\SYSTEM,,"ProcessID: 1688, ProcessGUID: 1111e010-edff-6938-2600-000000000400",RuleName: InvDB-CompileTimeClaim,Image: C:\Windows\System32\svchost.exe,EventType: SetValue,TargetObject: \REGISTRY\A\{6153746f-14e0-09fd-4a23-4401df607f6a}\Root\InventoryApplicationFile\mspaint.exe|3bae8eb76a24224b\LinkDate,Details: 01/23/1978 11:09:21,,False,c:\temp\6475c822607415853134a0e4383d2ab2_sysmonactivity.evtx,Classic,0,"{""EventData"":{""Data"":[{""@Name"":""RuleName"",""#text"":""InvDB-CompileTimeClaim""},{""@Name"":""EventType"",""#text"":""SetValue""},{""@Name"":""UtcTime"",""#text"":""2025-12-10 04:15:30.341""},{""@Name"":""ProcessGuid"",""#text"":""1111e010-edff-6938-2600-000000000400""},{""@Name"":""ProcessId"",""#text"":""1688""},{""@Name"":""Image"",""#text"":""C:\\Windows\\System32\\svchost.exe""},{""@Name"":""TargetObject"",""#text"":""\\REGISTRY\\A\\{6153746f-14e0-09fd-4a23-4401df607f6a}\\Root\\InventoryApplicationFile\\mspaint.exe|3bae8eb76a24224b\\LinkDate""},{""@Name"":""Details"",""#text"":""01/23/1978 11:09:21""},{""@Name"":""User"",""#text"":""NT AUTHORITY\\SYSTEM""}]}}"
62,62,2025-12-10 04:15:30.3480924,13,Info,Microsoft-Windows-Sysmon,Microsoft-Windows-Sysmon/Operational,4960,7188,DESKTOP-0S2K0MN,1,S-1-5-18,RegistryEvent (Value Set),NT AUTHORITY\SYSTEM,,"ProcessID: 1688, ProcessGUID: 1111e010-edff-6938-2600-000000000400",RuleName: InvDB-Ver,Image: C:\Windows\System32\svchost.exe,EventType: SetValue,TargetObject: \REGISTRY\A\{6153746f-14e0-09fd-4a23-4401df607f6a}\Root\InventoryApplicationFile\mspaint.exe|3bae8eb76a24224b\BinProductVersion,Details: 10.0.19041.746,,False,c:\temp\6475c822607415853134a0e4383d2ab2_sysmonactivity.evtx,Classic,0,"{""EventData"":{""Data"":[{""@Name"":""RuleName"",""#text"":""InvDB-Ver""},{""@Name"":""EventType"",""#text"":""SetValue""},{""@Name"":""UtcTime"",""#text"":""2025-12-10 04:15:30.341""},{""@Name"":""ProcessGuid"",""#text"":""1111e010-edff-6938-2600-000000000400""},{""@Name"":""ProcessId"",""#text"":""1688""},{""@Name"":""Image"",""#text"":""C:\\Windows\\System32\\svchost.exe""},{""@Name"":""TargetObject"",""#text"":""\\REGISTRY\\A\\{6153746f-14e0-09fd-4a23-4401df607f6a}\\Root\\InventoryApplicationFile\\mspaint.exe|3bae8eb76a24224b\\BinProductVersion""},{""@Name"":""Details"",""#text"":""10.0.19041.746""},{""@Name"":""User"",""#text"":""NT AUTHORITY\\SYSTEM""}]}}"
63,63,2025-12-10 04:15:47.7360950,1,Info,Microsoft-Windows-Sysmon,Microsoft-Windows-Sysmon/Operational,4960,7188,DESKTOP-0S2K0MN,1,S-1-5-18,Process creation,DESKTOP-0S2K0MN\abish,,"ProcessID: 2800, ProcessGUID: 1111e010-f3f3-6938-7401-000000000400",RuleName: -,"MD5=05DEDF1936A065612E52C37E40143646,SHA256=664BB48BF3E8A7D7036E4B0029FA10E1A90C2562AD9A09A885650408D00DEA1B,IMPHASH=A798305E4231D362ADC62175DEBE3E10",ParentProcess: C:\Windows\System32\cmd.exe,"ParentProcessID: 4328, ParentProcessGUID: 1111e010-f009-6938-e500-000000000400","ParentCommandLine: ""C:\Windows\system32\cmd.exe"" ",curl  https://google.com,False,c:\temp\6475c822607415853134a0e4383d2ab2_sysmonactivity.evtx,Classic,0,"{""EventData"":{""Data"":[{""@Name"":""RuleName"",""#text"":""-""},{""@Name"":""UtcTime"",""#text"":""2025-12-10 04:15:47.723""},{""@Name"":""ProcessGuid"",""#text"":""1111e010-f3f3-6938-7401-000000000400""},{""@Name"":""ProcessId"",""#text"":""2800""},{""@Name"":""Image"",""#text"":""C:\\Windows\\System32\\curl.exe""},{""@Name"":""FileVersion"",""#text"":""8.0.1""},{""@Name"":""Description"",""#text"":""The curl executable""},{""@Name"":""Product"",""#text"":""The curl executable""},{""@Name"":""Company"",""#text"":""curl, https://curl.se/""},{""@Name"":""OriginalFileName"",""#text"":""curl.exe""},{""@Name"":""CommandLine"",""#text"":""curl  https://google.com""},{""@Name"":""CurrentDirectory"",""#text"":""C:\\Users\\abish\\Downloads\\Sysmon\\""},{""@Name"":""User"",""#text"":""DESKTOP-0S2K0MN\\abish""},{""@Name"":""LogonGuid"",""#text"":""1111e010-eeb6-6938-4994-070000000000""},{""@Name"":""LogonId"",""#text"":""0x79449""},{""@Name"":""TerminalSessionId"",""#text"":""1""},{""@Name"":""IntegrityLevel"",""#text"":""High""},{""@Name"":""Hashes"",""#text"":""MD5=05DEDF1936A065612E52C37E40143646,SHA256=664BB48BF3E8A7D7036E4B0029FA10E1A90C2562AD9A09A885650408D00DEA1B,IMPHASH=A798305E4231D362ADC62175DEBE3E10""},{""@Name"":""ParentProcessGuid"",""#text"":""1111e010-f009-6938-e500-000000000400""},{""@Name"":""ParentProcessId"",""#text"":""4328""},{""@Name"":""ParentImage"",""#text"":""C:\\Windows\\System32\\cmd.exe""},{""@Name"":""ParentCommandLine"",""#text"":""\""C:\\Windows\\system32\\cmd.exe\"" ""},{""@Name"":""ParentUser"",""#text"":""DESKTOP-0S2K0MN\\abish""}]}}"
64,64,2025-12-10 04:15:48.7398133,22,Info,Microsoft-Windows-Sysmon,Microsoft-Windows-Sysmon/Operational,4960,7184,DESKTOP-0S2K0MN,1,S-1-5-18,DNSEvent (DNS query),DESKTOP-0S2K0MN\abish,,"ProcessID: 2800, ProcessGUID: 1111e010-f3f3-6938-7401-000000000400",RuleName: -,Image: C:\Windows\System32\curl.exe,QueryName: google.com,QueryStatus: 0,QueryResults: ::ffff:142.251.220.110;,,False,c:\temp\6475c822607415853134a0e4383d2ab2_sysmonactivity.evtx,Classic,0,"{""EventData"":{""Data"":[{""@Name"":""RuleName"",""#text"":""-""},{""@Name"":""UtcTime"",""#text"":""2025-12-10 04:15:47.750""},{""@Name"":""ProcessGuid"",""#text"":""1111e010-f3f3-6938-7401-000000000400""},{""@Name"":""ProcessId"",""#text"":""2800""},{""@Name"":""QueryName"",""#text"":""google.com""},{""@Name"":""QueryStatus"",""#text"":""0""},{""@Name"":""QueryResults"",""#text"":""::ffff:142.251.220.110;""},{""@Name"":""Image"",""#text"":""C:\\Windows\\System32\\curl.exe""},{""@Name"":""User"",""#text"":""DESKTOP-0S2K0MN\\abish""}]}}"
65,65,2025-12-10 04:15:55.2553157,3,Info,Microsoft-Windows-Sysmon,Microsoft-Windows-Sysmon/Operational,4960,6708,DESKTOP-0S2K0MN,1,S-1-5-18,Network connection,DESKTOP-0S2K0MN\abish,,"ProcessID: 6424, ProcessGUID: 1111e010-eec6-6938-7900-000000000400",RuleName: Usermode,SourceHostname: DESKTOP-0S2K0MN..,SourceIp: 10.0.2.15,DestinationHostname: -,DestinationIp: 150.171.22.11,C:\Users\abish\AppData\Local\Microsoft\OneDrive\OneDrive.exe,False,c:\temp\6475c822607415853134a0e4383d2ab2_sysmonactivity.evtx,Classic,0,"{""EventData"":{""Data"":[{""@Name"":""RuleName"",""#text"":""Usermode""},{""@Name"":""UtcTime"",""#text"":""2025-12-10 04:15:53.101""},{""@Name"":""ProcessGuid"",""#text"":""1111e010-eec6-6938-7900-000000000400""},{""@Name"":""ProcessId"",""#text"":""6424""},{""@Name"":""Image"",""#text"":""C:\\Users\\abish\\AppData\\Local\\Microsoft\\OneDrive\\OneDrive.exe""},{""@Name"":""User"",""#text"":""DESKTOP-0S2K0MN\\abish""},{""@Name"":""Protocol"",""#text"":""tcp""},{""@Name"":""Initiated"",""#text"":""True""},{""@Name"":""SourceIsIpv6"",""#text"":""False""},{""@Name"":""SourceIp"",""#text"":""10.0.2.15""},{""@Name"":""SourceHostname"",""#text"":""DESKTOP-0S2K0MN..""},{""@Name"":""SourcePort"",""#text"":""50098""},{""@Name"":""SourcePortName"",""#text"":""-""},{""@Name"":""DestinationIsIpv6"",""#text"":""False""},{""@Name"":""DestinationIp"",""#text"":""150.171.22.11""},{""@Name"":""DestinationHostname"",""#text"":""-""},{""@Name"":""DestinationPort"",""#text"":""443""},{""@Name"":""DestinationPortName"",""#text"":""https""}]}}"
66,66,2025-12-10 04:16:44.4403920,1,Info,Microsoft-Windows-Sysmon,Microsoft-Windows-Sysmon/Operational,4960,7188,DESKTOP-0S2K0MN,1,S-1-5-18,Process creation,DESKTOP-0S2K0MN\abish,,"ProcessID: 7868, ProcessGUID: 1111e010-f42c-6938-7501-000000000400",RuleName: -,"MD5=05DEDF1936A065612E52C37E40143646,SHA256=664BB48BF3E8A7D7036E4B0029FA10E1A90C2562AD9A09A885650408D00DEA1B,IMPHASH=A798305E4231D362ADC62175DEBE3E10",ParentProcess: C:\Windows\System32\cmd.exe,"ParentProcessID: 4328, ParentProcessGUID: 1111e010-f009-6938-e500-000000000400","ParentCommandLine: ""C:\Windows\system32\cmd.exe"" ",curl  https://google.com,False,c:\temp\6475c822607415853134a0e4383d2ab2_sysmonactivity.evtx,Classic,0,"{""EventData"":{""Data"":[{""@Name"":""RuleName"",""#text"":""-""},{""@Name"":""UtcTime"",""#text"":""2025-12-10 04:16:44.438""},{""@Name"":""ProcessGuid"",""#text"":""1111e010-f42c-6938-7501-000000000400""},{""@Name"":""ProcessId"",""#text"":""7868""},{""@Name"":""Image"",""#text"":""C:\\Windows\\System32\\curl.exe""},{""@Name"":""FileVersion"",""#text"":""8.0.1""},{""@Name"":""Description"",""#text"":""The curl executable""},{""@Name"":""Product"",""#text"":""The curl executable""},{""@Name"":""Company"",""#text"":""curl, https://curl.se/""},{""@Name"":""OriginalFileName"",""#text"":""curl.exe""},{""@Name"":""CommandLine"",""#text"":""curl  https://google.com""},{""@Name"":""CurrentDirectory"",""#text"":""C:\\Users\\abish\\Downloads\\Sysmon\\""},{""@Name"":""User"",""#text"":""DESKTOP-0S2K0MN\\abish""},{""@Name"":""LogonGuid"",""#text"":""1111e010-eeb6-6938-4994-070000000000""},{""@Name"":""LogonId"",""#text"":""0x79449""},{""@Name"":""TerminalSessionId"",""#text"":""1""},{""@Name"":""IntegrityLevel"",""#text"":""High""},{""@Name"":""Hashes"",""#text"":""MD5=05DEDF1936A065612E52C37E40143646,SHA256=664BB48BF3E8A7D7036E4B0029FA10E1A90C2562AD9A09A885650408D00DEA1B,IMPHASH=A798305E4231D362ADC62175DEBE3E10""},{""@Name"":""ParentProcessGuid"",""#text"":""1111e010-f009-6938-e500-000000000400""},{""@Name"":""ParentProcessId"",""#text"":""4328""},{""@Name"":""ParentImage"",""#text"":""C:\\Windows\\System32\\cmd.exe""},{""@Name"":""ParentCommandLine"",""#text"":""\""C:\\Windows\\system32\\cmd.exe\"" ""},{""@Name"":""ParentUser"",""#text"":""DESKTOP-0S2K0MN\\abish""}]}}"
67,67,2025-12-10 04:16:46.4755322,22,Info,Microsoft-Windows-Sysmon,Microsoft-Windows-Sysmon/Operational,4960,7184,DESKTOP-0S2K0MN,1,S-1-5-18,DNSEvent (DNS query),DESKTOP-0S2K0MN\abish,,"ProcessID: 7868, ProcessGUID: 1111e010-f42c-6938-7501-000000000400",RuleName: -,Image: C:\Windows\System32\curl.exe,QueryName: google.com,QueryStatus: 0,QueryResults: ::ffff:142.251.220.110;,,False,c:\temp\6475c822607415853134a0e4383d2ab2_sysmonactivity.evtx,Classic,0,"{""EventData"":{""Data"":[{""@Name"":""RuleName"",""#text"":""-""},{""@Name"":""UtcTime"",""#text"":""2025-12-10 04:16:44.458""},{""@Name"":""ProcessGuid"",""#text"":""1111e010-f42c-6938-7501-000000000400""},{""@Name"":""ProcessId"",""#text"":""7868""},{""@Name"":""QueryName"",""#text"":""google.com""},{""@Name"":""QueryStatus"",""#text"":""0""},{""@Name"":""QueryResults"",""#text"":""::ffff:142.251.220.110;""},{""@Name"":""Image"",""#text"":""C:\\Windows\\System32\\curl.exe""},{""@Name"":""User"",""#text"":""DESKTOP-0S2K0MN\\abish""}]}}"
68,68,2025-12-10 04:17:50.1215597,1,Info,Microsoft-Windows-Sysmon,Microsoft-Windows-Sysmon/Operational,4960,7188,DESKTOP-0S2K0MN,1,S-1-5-18,Process creation,DESKTOP-0S2K0MN\abish,,"ProcessID: 6952, ProcessGUID: 1111e010-f46e-6938-7601-000000000400",RuleName: -,"MD5=A00BF82660835224CD6606A248321C5D,SHA256=E63709209D09BC0247E785F075DDB28A98C348206109E2B8BA321AD958402728,IMPHASH=3A0C6863CDE566AF997DB2DEFFF9D924",ParentProcess: C:\Windows\System32\svchost.exe,"ParentProcessID: 508, ParentProcessGUID: 1111e010-edfe-6938-1300-000000000400",ParentCommandLine: C:\Windows\system32\svchost.exe -k netsvcs -p,taskhostw.exe Install $(Arg0),False,c:\temp\6475c822607415853134a0e4383d2ab2_sysmonactivity.evtx,Classic,0,"{""EventData"":{""Data"":[{""@Name"":""RuleName"",""#text"":""-""},{""@Name"":""UtcTime"",""#text"":""2025-12-10 04:17:50.118""},{""@Name"":""ProcessGuid"",""#text"":""1111e010-f46e-6938-7601-000000000400""},{""@Name"":""ProcessId"",""#text"":""6952""},{""@Name"":""Image"",""#text"":""C:\\Windows\\System32\\taskhostw.exe""},{""@Name"":""FileVersion"",""#text"":""10.0.19041.1865 (WinBuild.160101.0800)""},{""@Name"":""Description"",""#text"":""Host Process for Windows Tasks""},{""@Name"":""Product"",""#text"":""Microsoft® Windows® Operating System""},{""@Name"":""Company"",""#text"":""Microsoft Corporation""},{""@Name"":""OriginalFileName"",""#text"":""taskhostw.exe""},{""@Name"":""CommandLine"",""#text"":""taskhostw.exe Install $(Arg0)""},{""@Name"":""CurrentDirectory"",""#text"":""C:\\Windows\\system32\\""},{""@Name"":""User"",""#text"":""DESKTOP-0S2K0MN\\abish""},{""@Name"":""LogonGuid"",""#text"":""1111e010-eeb6-6938-7e94-070000000000""},{""@Name"":""LogonId"",""#text"":""0x7947E""},{""@Name"":""TerminalSessionId"",""#text"":""1""},{""@Name"":""IntegrityLevel"",""#text"":""Medium""},{""@Name"":""Hashes"",""#text"":""MD5=A00BF82660835224CD6606A248321C5D,SHA256=E63709209D09BC0247E785F075DDB28A98C348206109E2B8BA321AD958402728,IMPHASH=3A0C6863CDE566AF997DB2DEFFF9D924""},{""@Name"":""ParentProcessGuid"",""#text"":""1111e010-edfe-6938-1300-000000000400""},{""@Name"":""ParentProcessId"",""#text"":""508""},{""@Name"":""ParentImage"",""#text"":""C:\\Windows\\System32\\svchost.exe""},{""@Name"":""ParentCommandLine"",""#text"":""C:\\Windows\\system32\\svchost.exe -k netsvcs -p""},{""@Name"":""ParentUser"",""#text"":""NT AUTHORITY\\SYSTEM""}]}}"
69,69,2025-12-10 04:17:50.1313068,1,Info,Microsoft-Windows-Sysmon,Microsoft-Windows-Sysmon/Operational,4960,7188,DESKTOP-0S2K0MN,1,S-1-5-18,Process creation,NT AUTHORITY\SYSTEM,,"ProcessID: 6844, ProcessGUID: 1111e010-f46e-6938-7701-000000000400",RuleName: -,"MD5=A00BF82660835224CD6606A248321C5D,SHA256=E63709209D09BC0247E785F075DDB28A98C348206109E2B8BA321AD958402728,IMPHASH=3A0C6863CDE566AF997DB2DEFFF9D924",ParentProcess: C:\Windows\System32\svchost.exe,"ParentProcessID: 508, ParentProcessGUID: 1111e010-edfe-6938-1300-000000000400",ParentCommandLine: C:\Windows\system32\svchost.exe -k netsvcs -p,taskhostw.exe -RegisterDevice -ProtectionStateChanged -FreeNetworkOnly,False,c:\temp\6475c822607415853134a0e4383d2ab2_sysmonactivity.evtx,Classic,0,"{""EventData"":{""Data"":[{""@Name"":""RuleName"",""#text"":""-""},{""@Name"":""UtcTime"",""#text"":""2025-12-10 04:17:50.128""},{""@Name"":""ProcessGuid"",""#text"":""1111e010-f46e-6938-7701-000000000400""},{""@Name"":""ProcessId"",""#text"":""6844""},{""@Name"":""Image"",""#text"":""C:\\Windows\\System32\\taskhostw.exe""},{""@Name"":""FileVersion"",""#text"":""10.0.19041.1865 (WinBuild.160101.0800)""},{""@Name"":""Description"",""#text"":""Host Process for Windows Tasks""},{""@Name"":""Product"",""#text"":""Microsoft® Windows® Operating System""},{""@Name"":""Company"",""#text"":""Microsoft Corporation""},{""@Name"":""OriginalFileName"",""#text"":""taskhostw.exe""},{""@Name"":""CommandLine"",""#text"":""taskhostw.exe -RegisterDevice -ProtectionStateChanged -FreeNetworkOnly""},{""@Name"":""CurrentDirectory"",""#text"":""C:\\Windows\\system32\\""},{""@Name"":""User"",""#text"":""NT AUTHORITY\\SYSTEM""},{""@Name"":""LogonGuid"",""#text"":""1111e010-edfe-6938-e703-000000000000""},{""@Name"":""LogonId"",""#text"":""0x3E7""},{""@Name"":""TerminalSessionId"",""#text"":""0""},{""@Name"":""IntegrityLevel"",""#text"":""System""},{""@Name"":""Hashes"",""#text"":""MD5=A00BF82660835224CD6606A248321C5D,SHA256=E63709209D09BC0247E785F075DDB28A98C348206109E2B8BA321AD958402728,IMPHASH=3A0C6863CDE566AF997DB2DEFFF9D924""},{""@Name"":""ParentProcessGuid"",""#text"":""1111e010-edfe-6938-1300-000000000400""},{""@Name"":""ParentProcessId"",""#text"":""508""},{""@Name"":""ParentImage"",""#text"":""C:\\Windows\\System32\\svchost.exe""},{""@Name"":""ParentCommandLine"",""#text"":""C:\\Windows\\system32\\svchost.exe -k netsvcs -p""},{""@Name"":""ParentUser"",""#text"":""NT AUTHORITY\\SYSTEM""}]}}"
70,70,2025-12-10 04:17:50.1796293,1,Info,Microsoft-Windows-Sysmon,Microsoft-Windows-Sysmon/Operational,4960,7188,DESKTOP-0S2K0MN,1,S-1-5-18,Process creation,NT AUTHORITY\SYSTEM,,"ProcessID: 7720, ProcessGUID: 1111e010-f46e-6938-7801-000000000400",RuleName: -,"MD5=D098F2FC042FBF6879D47E3A86FBB4A1,SHA256=7F0E3E2682A24A6B27484226CC0C7B30F837EA08B01F82C7B7AC094BF0A88CE5,IMPHASH=A36251F871E741F4ABE36BD6D61A9C01",ParentProcess: C:\Windows\System32\services.exe,"ParentProcessID: 656, ParentProcessGUID: 1111e010-edfe-6938-0b00-000000000400",ParentCommandLine: C:\Windows\system32\services.exe,C:\Windows\servicing\TrustedInstaller.exe,False,c:\temp\6475c822607415853134a0e4383d2ab2_sysmonactivity.evtx,Classic,0,"{""EventData"":{""Data"":[{""@Name"":""RuleName"",""#text"":""-""},{""@Name"":""UtcTime"",""#text"":""2025-12-10 04:17:50.172""},{""@Name"":""ProcessGuid"",""#text"":""1111e010-f46e-6938-7801-000000000400""},{""@Name"":""ProcessId"",""#text"":""7720""},{""@Name"":""Image"",""#text"":""C:\\Windows\\servicing\\TrustedInstaller.exe""},{""@Name"":""FileVersion"",""#text"":""10.0.19041.1741 (WinBuild.160101.0800)""},{""@Name"":""Description"",""#text"":""Windows Modules Installer""},{""@Name"":""Product"",""#text"":""Microsoft® Windows® Operating System""},{""@Name"":""Company"",""#text"":""Microsoft Corporation""},{""@Name"":""OriginalFileName"",""#text"":""TrustedInstaller.exe""},{""@Name"":""CommandLine"",""#text"":""C:\\Windows\\servicing\\TrustedInstaller.exe""},{""@Name"":""CurrentDirectory"",""#text"":""C:\\Windows\\system32\\""},{""@Name"":""User"",""#text"":""NT AUTHORITY\\SYSTEM""},{""@Name"":""LogonGuid"",""#text"":""1111e010-edfe-6938-e703-000000000000""},{""@Name"":""LogonId"",""#text"":""0x3E7""},{""@Name"":""TerminalSessionId"",""#text"":""0""},{""@Name"":""IntegrityLevel"",""#text"":""System""},{""@Name"":""Hashes"",""#text"":""MD5=D098F2FC042FBF6879D47E3A86FBB4A1,SHA256=7F0E3E2682A24A6B27484226CC0C7B30F837EA08B01F82C7B7AC094BF0A88CE5,IMPHASH=A36251F871E741F4ABE36BD6D61A9C01""},{""@Name"":""ParentProcessGuid"",""#text"":""1111e010-edfe-6938-0b00-000000000400""},{""@Name"":""ParentProcessId"",""#text"":""656""},{""@Name"":""ParentImage"",""#text"":""C:\\Windows\\System32\\services.exe""},{""@Name"":""ParentCommandLine"",""#text"":""C:\\Windows\\system32\\services.exe""},{""@Name"":""ParentUser"",""#text"":""NT AUTHORITY\\SYSTEM""}]}}"
71,71,2025-12-10 04:17:50.2475047,1,Info,Microsoft-Windows-Sysmon,Microsoft-Windows-Sysmon/Operational,4960,7188,DESKTOP-0S2K0MN,1,S-1-5-18,Process creation,NT AUTHORITY\SYSTEM,,"ProcessID: 7376, ProcessGUID: 1111e010-f46e-6938-7901-000000000400",RuleName: -,"MD5=679AB0FEFC5559D68C8482DB9496034C,SHA256=CA6C5A7558DEFB4CBE1E64C706A78D83C39DB4F2789C08882F0BE9F2F765AED1,IMPHASH=A85EB04C60D9F7AE6C25298B2A8FE3E9",ParentProcess: C:\Windows\System32\svchost.exe,"ParentProcessID: 788, ParentProcessGUID: 1111e010-edfe-6938-0d00-000000000400",ParentCommandLine: C:\Windows\system32\svchost.exe -k DcomLaunch -p,C:\Windows\winsxs\amd64_microsoft-windows-servicingstack_31bf3856ad364e35_10.0.19041.2905_none_7dd39c4c7cb9dfa0\TiWorker.exe -Embedding,False,c:\temp\6475c822607415853134a0e4383d2ab2_sysmonactivity.evtx,Classic,0,"{""EventData"":{""Data"":[{""@Name"":""RuleName"",""#text"":""-""},{""@Name"":""UtcTime"",""#text"":""2025-12-10 04:17:50.238""},{""@Name"":""ProcessGuid"",""#text"":""1111e010-f46e-6938-7901-000000000400""},{""@Name"":""ProcessId"",""#text"":""7376""},{""@Name"":""Image"",""#text"":""C:\\Windows\\WinSxS\\amd64_microsoft-windows-servicingstack_31bf3856ad364e35_10.0.19041.2905_none_7dd39c4c7cb9dfa0\\TiWorker.exe""},{""@Name"":""FileVersion"",""#text"":""10.0.19041.2905 (WinBuild.160101.0800)""},{""@Name"":""Description"",""#text"":""Windows Modules Installer Worker""},{""@Name"":""Product"",""#text"":""Microsoft® Windows® Operating System""},{""@Name"":""Company"",""#text"":""Microsoft Corporation""},{""@Name"":""OriginalFileName"",""#text"":""TiWorker.exe""},{""@Name"":""CommandLine"",""#text"":""C:\\Windows\\winsxs\\amd64_microsoft-windows-servicingstack_31bf3856ad364e35_10.0.19041.2905_none_7dd39c4c7cb9dfa0\\TiWorker.exe -Embedding""},{""@Name"":""CurrentDirectory"",""#text"":""C:\\Windows\\system32\\""},{""@Name"":""User"",""#text"":""NT AUTHORITY\\SYSTEM""},{""@Name"":""LogonGuid"",""#text"":""1111e010-edfe-6938-e703-000000000000""},{""@Name"":""LogonId"",""#text"":""0x3E7""},{""@Name"":""TerminalSessionId"",""#text"":""0""},{""@Name"":""IntegrityLevel"",""#text"":""System""},{""@Name"":""Hashes"",""#text"":""MD5=679AB0FEFC5559D68C8482DB9496034C,SHA256=CA6C5A7558DEFB4CBE1E64C706A78D83C39DB4F2789C08882F0BE9F2F765AED1,IMPHASH=A85EB04C60D9F7AE6C25298B2A8FE3E9""},{""@Name"":""ParentProcessGuid"",""#text"":""1111e010-edfe-6938-0d00-000000000400""},{""@Name"":""ParentProcessId"",""#text"":""788""},{""@Name"":""ParentImage"",""#text"":""C:\\Windows\\System32\\svchost.exe""},{""@Name"":""ParentCommandLine"",""#text"":""C:\\Windows\\system32\\svchost.exe -k DcomLaunch -p""},{""@Name"":""ParentUser"",""#text"":""NT AUTHORITY\\SYSTEM""}]}}"
72,72,2025-12-10 04:17:50.2769084,1,Info,Microsoft-Windows-Sysmon,Microsoft-Windows-Sysmon/Operational,4960,7188,DESKTOP-0S2K0MN,1,S-1-5-18,Process creation,DESKTOP-0S2K0MN\abish,,"ProcessID: 5116, ProcessGUID: 1111e010-f46e-6938-7a01-000000000400",RuleName: -,"MD5=0686C38F513C3C5A7ABB07388FA4DB87,SHA256=5402CEFB8E7351079FC73A247056AF66678560568486DE484374213B643B4FBE,IMPHASH=3198144220BF18551FB10AC902B2BACF",ParentProcess: C:\Windows\System32\svchost.exe,"ParentProcessID: 788, ParentProcessGUID: 1111e010-edfe-6938-0d00-000000000400",ParentCommandLine: C:\Windows\system32\svchost.exe -k DcomLaunch -p,C:\Windows\System32\smartscreen.exe -Embedding,False,c:\temp\6475c822607415853134a0e4383d2ab2_sysmonactivity.evtx,Classic,0,"{""EventData"":{""Data"":[{""@Name"":""RuleName"",""#text"":""-""},{""@Name"":""UtcTime"",""#text"":""2025-12-10 04:17:50.275""},{""@Name"":""ProcessGuid"",""#text"":""1111e010-f46e-6938-7a01-000000000400""},{""@Name"":""ProcessId"",""#text"":""5116""},{""@Name"":""Image"",""#text"":""C:\\Windows\\System32\\smartscreen.exe""},{""@Name"":""FileVersion"",""#text"":""10.0.19041.2913 (WinBuild.160101.0800)""},{""@Name"":""Description"",""#text"":""Windows Defender SmartScreen""},{""@Name"":""Product"",""#text"":""Microsoft® Windows® Operating System""},{""@Name"":""Company"",""#text"":""Microsoft Corporation""},{""@Name"":""OriginalFileName"",""#text"":""smartscreen.exe""},{""@Name"":""CommandLine"",""#text"":""C:\\Windows\\System32\\smartscreen.exe -Embedding""},{""@Name"":""CurrentDirectory"",""#text"":""C:\\Windows\\system32\\""},{""@Name"":""User"",""#text"":""DESKTOP-0S2K0MN\\abish""},{""@Name"":""LogonGuid"",""#text"":""1111e010-eeb6-6938-7e94-070000000000""},{""@Name"":""LogonId"",""#text"":""0x7947E""},{""@Name"":""TerminalSessionId"",""#text"":""1""},{""@Name"":""IntegrityLevel"",""#text"":""Medium""},{""@Name"":""Hashes"",""#text"":""MD5=0686C38F513C3C5A7ABB07388FA4DB87,SHA256=5402CEFB8E7351079FC73A247056AF66678560568486DE484374213B643B4FBE,IMPHASH=3198144220BF18551FB10AC902B2BACF""},{""@Name"":""ParentProcessGuid"",""#text"":""1111e010-edfe-6938-0d00-000000000400""},{""@Name"":""ParentProcessId"",""#text"":""788""},{""@Name"":""ParentImage"",""#text"":""C:\\Windows\\System32\\svchost.exe""},{""@Name"":""ParentCommandLine"",""#text"":""C:\\Windows\\system32\\svchost.exe -k DcomLaunch -p""},{""@Name"":""ParentUser"",""#text"":""NT AUTHORITY\\SYSTEM""}]}}"
73,73,2025-12-10 04:17:58.0021099,1,Info,Microsoft-Windows-Sysmon,Microsoft-Windows-Sysmon/Operational,4960,7188,DESKTOP-0S2K0MN,1,S-1-5-18,Process creation,NT AUTHORITY\SYSTEM,,"ProcessID: 6412, ProcessGUID: 1111e010-f475-6938-7d01-000000000400",RuleName: -,"MD5=2210FE3B3E1B85A401749FACEF6E4958,SHA256=C41258FA588B650483DEE87057AA82F7B855EB257D3D25BE41F71E90C8CA9746,IMPHASH=3F53CAD1BAC93EE5AC20EA3E53FE8CD2",ParentProcess: C:\Windows\System32\svchost.exe,"ParentProcessID: 508, ParentProcessGUID: 1111e010-edfe-6938-1300-000000000400",ParentCommandLine: C:\Windows\system32\svchost.exe -k netsvcs -p,"""C:\Windows\system32\dmclient.exe"" utcwnf",False,c:\temp\6475c822607415853134a0e4383d2ab2_sysmonactivity.evtx,Classic,0,"{""EventData"":{""Data"":[{""@Name"":""RuleName"",""#text"":""-""},{""@Name"":""UtcTime"",""#text"":""2025-12-10 04:17:57.999""},{""@Name"":""ProcessGuid"",""#text"":""1111e010-f475-6938-7d01-000000000400""},{""@Name"":""ProcessId"",""#text"":""6412""},{""@Name"":""Image"",""#text"":""C:\\Windows\\System32\\dmclient.exe""},{""@Name"":""FileVersion"",""#text"":""10.0.19041.1202 (WinBuild.160101.0800)""},{""@Name"":""Description"",""#text"":""Microsoft Feedback SIUF Deployment Manager Client""},{""@Name"":""Product"",""#text"":""Microsoft® Windows® Operating System""},{""@Name"":""Company"",""#text"":""Microsoft Corporation""},{""@Name"":""OriginalFileName"",""#text"":""dmclient.exe""},{""@Name"":""CommandLine"",""#text"":""\""C:\\Windows\\system32\\dmclient.exe\"" utcwnf""},{""@Name"":""CurrentDirectory"",""#text"":""C:\\Windows\\system32\\""},{""@Name"":""User"",""#text"":""NT AUTHORITY\\SYSTEM""},{""@Name"":""LogonGuid"",""#text"":""1111e010-edfe-6938-e703-000000000000""},{""@Name"":""LogonId"",""#text"":""0x3E7""},{""@Name"":""TerminalSessionId"",""#text"":""0""},{""@Name"":""IntegrityLevel"",""#text"":""System""},{""@Name"":""Hashes"",""#text"":""MD5=2210FE3B3E1B85A401749FACEF6E4958,SHA256=C41258FA588B650483DEE87057AA82F7B855EB257D3D25BE41F71E90C8CA9746,IMPHASH=3F53CAD1BAC93EE5AC20EA3E53FE8CD2""},{""@Name"":""ParentProcessGuid"",""#text"":""1111e010-edfe-6938-1300-000000000400""},{""@Name"":""ParentProcessId"",""#text"":""508""},{""@Name"":""ParentImage"",""#text"":""C:\\Windows\\System32\\svchost.exe""},{""@Name"":""ParentCommandLine"",""#text"":""C:\\Windows\\system32\\svchost.exe -k netsvcs -p""},{""@Name"":""ParentUser"",""#text"":""NT AUTHORITY\\SYSTEM""}]}}"
74,74,2025-12-10 04:18:04.0002771,13,Info,Microsoft-Windows-Sysmon,Microsoft-Windows-Sysmon/Operational,4960,7188,DESKTOP-0S2K0MN,1,S-1-5-18,RegistryEvent (Value Set),NT AUTHORITY\SYSTEM,,"ProcessID: 1688, ProcessGUID: 1111e010-edff-6938-2600-000000000400",RuleName: InvDB-Path,Image: C:\Windows\System32\svchost.exe,EventType: SetValue,TargetObject: \REGISTRY\A\{6153746f-14e0-09fd-4a23-4401df607f6a}\Root\InventoryApplicationFile\notepad.exe|8a29d0c6d8c68f8e\LowerCaseLongPath,Details: c:\windows\system32\notepad.exe,,False,c:\temp\6475c822607415853134a0e4383d2ab2_sysmonactivity.evtx,Classic,0,"{""EventData"":{""Data"":[{""@Name"":""RuleName"",""#text"":""InvDB-Path""},{""@Name"":""EventType"",""#text"":""SetValue""},{""@Name"":""UtcTime"",""#text"":""2025-12-10 04:18:03.999""},{""@Name"":""ProcessGuid"",""#text"":""1111e010-edff-6938-2600-000000000400""},{""@Name"":""ProcessId"",""#text"":""1688""},{""@Name"":""Image"",""#text"":""C:\\Windows\\System32\\svchost.exe""},{""@Name"":""TargetObject"",""#text"":""\\REGISTRY\\A\\{6153746f-14e0-09fd-4a23-4401df607f6a}\\Root\\InventoryApplicationFile\\notepad.exe|8a29d0c6d8c68f8e\\LowerCaseLongPath""},{""@Name"":""Details"",""#text"":""c:\\windows\\system32\\notepad.exe""},{""@Name"":""User"",""#text"":""NT AUTHORITY\\SYSTEM""}]}}"
75,75,2025-12-10 04:18:04.0005581,13,Info,Microsoft-Windows-Sysmon,Microsoft-Windows-Sysmon/Operational,4960,7188,DESKTOP-0S2K0MN,1,S-1-5-18,RegistryEvent (Value Set),NT AUTHORITY\SYSTEM,,"ProcessID: 1688, ProcessGUID: 1111e010-edff-6938-2600-000000000400",RuleName: InvDB-Pub,Image: C:\Windows\System32\svchost.exe,EventType: SetValue,TargetObject: \REGISTRY\A\{6153746f-14e0-09fd-4a23-4401df607f6a}\Root\InventoryApplicationFile\notepad.exe|8a29d0c6d8c68f8e\Publisher,Details: microsoft corporation,,False,c:\temp\6475c822607415853134a0e4383d2ab2_sysmonactivity.evtx,Classic,0,"{""EventData"":{""Data"":[{""@Name"":""RuleName"",""#text"":""InvDB-Pub""},{""@Name"":""EventType"",""#text"":""SetValue""},{""@Name"":""UtcTime"",""#text"":""2025-12-10 04:18:03.999""},{""@Name"":""ProcessGuid"",""#text"":""1111e010-edff-6938-2600-000000000400""},{""@Name"":""ProcessId"",""#text"":""1688""},{""@Name"":""Image"",""#text"":""C:\\Windows\\System32\\svchost.exe""},{""@Name"":""TargetObject"",""#text"":""\\REGISTRY\\A\\{6153746f-14e0-09fd-4a23-4401df607f6a}\\Root\\InventoryApplicationFile\\notepad.exe|8a29d0c6d8c68f8e\\Publisher""},{""@Name"":""Details"",""#text"":""microsoft corporation""},{""@Name"":""User"",""#text"":""NT AUTHORITY\\SYSTEM""}]}}"
76,76,2025-12-10 04:18:04.0009619,13,Info,Microsoft-Windows-Sysmon,Microsoft-Windows-Sysmon/Operational,4960,7188,DESKTOP-0S2K0MN,1,S-1-5-18,RegistryEvent (Value Set),NT AUTHORITY\SYSTEM,,"ProcessID: 1688, ProcessGUID: 1111e010-edff-6938-2600-000000000400",RuleName: InvDB-CompileTimeClaim,Image: C:\Windows\System32\svchost.exe,EventType: SetValue,TargetObject: \REGISTRY\A\{6153746f-14e0-09fd-4a23-4401df607f6a}\Root\InventoryApplicationFile\notepad.exe|8a29d0c6d8c68f8e\LinkDate,Details: 12/03/2070 11:32:29,,False,c:\temp\6475c822607415853134a0e4383d2ab2_sysmonactivity.evtx,Classic,0,"{""EventData"":{""Data"":[{""@Name"":""RuleName"",""#text"":""InvDB-CompileTimeClaim""},{""@Name"":""EventType"",""#text"":""SetValue""},{""@Name"":""UtcTime"",""#text"":""2025-12-10 04:18:03.999""},{""@Name"":""ProcessGuid"",""#text"":""1111e010-edff-6938-2600-000000000400""},{""@Name"":""ProcessId"",""#text"":""1688""},{""@Name"":""Image"",""#text"":""C:\\Windows\\System32\\svchost.exe""},{""@Name"":""TargetObject"",""#text"":""\\REGISTRY\\A\\{6153746f-14e0-09fd-4a23-4401df607f6a}\\Root\\InventoryApplicationFile\\notepad.exe|8a29d0c6d8c68f8e\\LinkDate""},{""@Name"":""Details"",""#text"":""12/03/2070 11:32:29""},{""@Name"":""User"",""#text"":""NT AUTHORITY\\SYSTEM""}]}}"
77,77,2025-12-10 04:18:04.0011061,13,Info,Microsoft-Windows-Sysmon,Microsoft-Windows-Sysmon/Operational,4960,7188,DESKTOP-0S2K0MN,1,S-1-5-18,RegistryEvent (Value Set),NT AUTHORITY\SYSTEM,,"ProcessID: 1688, ProcessGUID: 1111e010-edff-6938-2600-000000000400",RuleName: InvDB-Ver,Image: C:\Windows\System32\svchost.exe,EventType: SetValue,TargetObject: \REGISTRY\A\{6153746f-14e0-09fd-4a23-4401df607f6a}\Root\InventoryApplicationFile\notepad.exe|8a29d0c6d8c68f8e\BinProductVersion,Details: 10.0.19041.1865,,False,c:\temp\6475c822607415853134a0e4383d2ab2_sysmonactivity.evtx,Classic,0,"{""EventData"":{""Data"":[{""@Name"":""RuleName"",""#text"":""InvDB-Ver""},{""@Name"":""EventType"",""#text"":""SetValue""},{""@Name"":""UtcTime"",""#text"":""2025-12-10 04:18:03.999""},{""@Name"":""ProcessGuid"",""#text"":""1111e010-edff-6938-2600-000000000400""},{""@Name"":""ProcessId"",""#text"":""1688""},{""@Name"":""Image"",""#text"":""C:\\Windows\\System32\\svchost.exe""},{""@Name"":""TargetObject"",""#text"":""\\REGISTRY\\A\\{6153746f-14e0-09fd-4a23-4401df607f6a}\\Root\\InventoryApplicationFile\\notepad.exe|8a29d0c6d8c68f8e\\BinProductVersion""},{""@Name"":""Details"",""#text"":""10.0.19041.1865""},{""@Name"":""User"",""#text"":""NT AUTHORITY\\SYSTEM""}]}}"
78,78,2025-12-10 04:18:15.4456097,22,Info,Microsoft-Windows-Sysmon,Microsoft-Windows-Sysmon/Operational,4960,7184,DESKTOP-0S2K0MN,1,S-1-5-18,DNSEvent (DNS query),DESKTOP-0S2K0MN\abish,,"ProcessID: 3752, ProcessGUID: 1111e010-f01e-6938-ec00-000000000400",RuleName: -,Image: C:\Program Files (x86)\Microsoft\EdgeWebView\Application\142.0.3595.94\msedgewebview2.exe,QueryName: wpad,QueryStatus: 14,QueryResults: -,,False,c:\temp\6475c822607415853134a0e4383d2ab2_sysmonactivity.evtx,Classic,0,"{""EventData"":{""Data"":[{""@Name"":""RuleName"",""#text"":""-""},{""@Name"":""UtcTime"",""#text"":""2025-12-10 04:18:14.440""},{""@Name"":""ProcessGuid"",""#text"":""1111e010-f01e-6938-ec00-000000000400""},{""@Name"":""ProcessId"",""#text"":""3752""},{""@Name"":""QueryName"",""#text"":""wpad""},{""@Name"":""QueryStatus"",""#text"":""14""},{""@Name"":""QueryResults"",""#text"":""-""},{""@Name"":""Image"",""#text"":""C:\\Program Files (x86)\\Microsoft\\EdgeWebView\\Application\\142.0.3595.94\\msedgewebview2.exe""},{""@Name"":""User"",""#text"":""DESKTOP-0S2K0MN\\abish""}]}}"
79,79,2025-12-10 04:18:16.4589010,22,Info,Microsoft-Windows-Sysmon,Microsoft-Windows-Sysmon/Operational,4960,7184,DESKTOP-0S2K0MN,1,S-1-5-18,DNSEvent (DNS query),DESKTOP-0S2K0MN\abish,,"ProcessID: 3752, ProcessGUID: 1111e010-f01e-6938-ec00-000000000400",RuleName: -,Image: C:\Program Files (x86)\Microsoft\EdgeWebView\Application\142.0.3595.94\msedgewebview2.exe,QueryName: wpad,QueryStatus: 14,QueryResults: -,,False,c:\temp\6475c822607415853134a0e4383d2ab2_sysmonactivity.evtx,Classic,0,"{""EventData"":{""Data"":[{""@Name"":""RuleName"",""#text"":""-""},{""@Name"":""UtcTime"",""#text"":""2025-12-10 04:18:14.698""},{""@Name"":""ProcessGuid"",""#text"":""1111e010-f01e-6938-ec00-000000000400""},{""@Name"":""ProcessId"",""#text"":""3752""},{""@Name"":""QueryName"",""#text"":""wpad""},{""@Name"":""QueryStatus"",""#text"":""14""},{""@Name"":""QueryResults"",""#text"":""-""},{""@Name"":""Image"",""#text"":""C:\\Program Files (x86)\\Microsoft\\EdgeWebView\\Application\\142.0.3595.94\\msedgewebview2.exe""},{""@Name"":""User"",""#text"":""DESKTOP-0S2K0MN\\abish""}]}}"
80,80,2025-12-10 04:19:09.6605092,1,Info,Microsoft-Windows-Sysmon,Microsoft-Windows-Sysmon/Operational,4960,7188,DESKTOP-0S2K0MN,1,S-1-5-18,Process creation,DESKTOP-0S2K0MN\abish,,"ProcessID: 7840, ProcessGUID: 1111e010-f4bd-6938-8101-000000000400",RuleName: -,"MD5=227F63E1D9008B36BDBCC4B397780BE4,SHA256=C0E25B1F9B22DE445298C1E96DDFCEAD265CA030FA6626F61A4A4786CC4A3B7D,IMPHASH=BE482BE427FE212CFEF2CDA0E61F19AC",ParentProcess: C:\Windows\System32\cmd.exe,"ParentProcessID: 4328, ParentProcessGUID: 1111e010-f009-6938-e500-000000000400","ParentCommandLine: ""C:\Windows\system32\cmd.exe"" ","reg  add HKCU\Software\TestKey /v TestValue /t REG_SZ /d ""SysmonTest"" /f",False,c:\temp\6475c822607415853134a0e4383d2ab2_sysmonactivity.evtx,Classic,0,"{""EventData"":{""Data"":[{""@Name"":""RuleName"",""#text"":""-""},{""@Name"":""UtcTime"",""#text"":""2025-12-10 04:19:09.654""},{""@Name"":""ProcessGuid"",""#text"":""1111e010-f4bd-6938-8101-000000000400""},{""@Name"":""ProcessId"",""#text"":""7840""},{""@Name"":""Image"",""#text"":""C:\\Windows\\System32\\reg.exe""},{""@Name"":""FileVersion"",""#text"":""10.0.19041.1 (WinBuild.160101.0800)""},{""@Name"":""Description"",""#text"":""Registry Console Tool""},{""@Name"":""Product"",""#text"":""Microsoft® Windows® Operating System""},{""@Name"":""Company"",""#text"":""Microsoft Corporation""},{""@Name"":""OriginalFileName"",""#text"":""reg.exe""},{""@Name"":""CommandLine"",""#text"":""reg  add HKCU\\Software\\TestKey /v TestValue /t REG_SZ /d \""SysmonTest\"" /f""},{""@Name"":""CurrentDirectory"",""#text"":""C:\\Users\\abish\\Downloads\\Sysmon\\""},{""@Name"":""User"",""#text"":""DESKTOP-0S2K0MN\\abish""},{""@Name"":""LogonGuid"",""#text"":""1111e010-eeb6-6938-4994-070000000000""},{""@Name"":""LogonId"",""#text"":""0x79449""},{""@Name"":""TerminalSessionId"",""#text"":""1""},{""@Name"":""IntegrityLevel"",""#text"":""High""},{""@Name"":""Hashes"",""#text"":""MD5=227F63E1D9008B36BDBCC4B397780BE4,SHA256=C0E25B1F9B22DE445298C1E96DDFCEAD265CA030FA6626F61A4A4786CC4A3B7D,IMPHASH=BE482BE427FE212CFEF2CDA0E61F19AC""},{""@Name"":""ParentProcessGuid"",""#text"":""1111e010-f009-6938-e500-000000000400""},{""@Name"":""ParentProcessId"",""#text"":""4328""},{""@Name"":""ParentImage"",""#text"":""C:\\Windows\\System32\\cmd.exe""},{""@Name"":""ParentCommandLine"",""#text"":""\""C:\\Windows\\system32\\cmd.exe\"" ""},{""@Name"":""ParentUser"",""#text"":""DESKTOP-0S2K0MN\\abish""}]}}"
81,81,2025-12-10 04:20:19.6725042,3,Info,Microsoft-Windows-Sysmon,Microsoft-Windows-Sysmon/Operational,4960,6708,DESKTOP-0S2K0MN,1,S-1-5-18,Network connection,DESKTOP-0S2K0MN\abish,,"ProcessID: 6424, ProcessGUID: 1111e010-eec6-6938-7900-000000000400",RuleName: Usermode,SourceHostname: DESKTOP-0S2K0MN..,SourceIp: 10.0.2.15,DestinationHostname: -,DestinationIp: 150.171.22.11,C:\Users\abish\AppData\Local\Microsoft\OneDrive\OneDrive.exe,False,c:\temp\6475c822607415853134a0e4383d2ab2_sysmonactivity.evtx,Classic,0,"{""EventData"":{""Data"":[{""@Name"":""RuleName"",""#text"":""Usermode""},{""@Name"":""UtcTime"",""#text"":""2025-12-10 04:20:18.161""},{""@Name"":""ProcessGuid"",""#text"":""1111e010-eec6-6938-7900-000000000400""},{""@Name"":""ProcessId"",""#text"":""6424""},{""@Name"":""Image"",""#text"":""C:\\Users\\abish\\AppData\\Local\\Microsoft\\OneDrive\\OneDrive.exe""},{""@Name"":""User"",""#text"":""DESKTOP-0S2K0MN\\abish""},{""@Name"":""Protocol"",""#text"":""tcp""},{""@Name"":""Initiated"",""#text"":""True""},{""@Name"":""SourceIsIpv6"",""#text"":""False""},{""@Name"":""SourceIp"",""#text"":""10.0.2.15""},{""@Name"":""SourceHostname"",""#text"":""DESKTOP-0S2K0MN..""},{""@Name"":""SourcePort"",""#text"":""50116""},{""@Name"":""SourcePortName"",""#text"":""-""},{""@Name"":""DestinationIsIpv6"",""#text"":""False""},{""@Name"":""DestinationIp"",""#text"":""150.171.22.11""},{""@Name"":""DestinationHostname"",""#text"":""-""},{""@Name"":""DestinationPort"",""#text"":""443""},{""@Name"":""DestinationPortName"",""#text"":""https""}]}}"
82,82,2025-12-10 04:20:22.8851777,1,Info,Microsoft-Windows-Sysmon,Microsoft-Windows-Sysmon/Operational,4960,7188,DESKTOP-0S2K0MN,1,S-1-5-18,Process creation,DESKTOP-0S2K0MN\abish,,"ProcessID: 3500, ProcessGUID: 1111e010-f506-6938-8201-000000000400",RuleName: -,"MD5=F2E3950C1023ACF80765C918791999C0,SHA256=55AB032D256ADBE3FDE40CF90FE83BA5EAB591E04AD720161ED8E6EF059CA747,IMPHASH=2C6AC0BEC4117681BA25EAD3FABF0BA1",ParentProcess: C:\Windows\System32\cmd.exe,"ParentProcessID: 4328, ParentProcessGUID: 1111e010-f009-6938-e500-000000000400","ParentCommandLine: ""C:\Windows\system32\cmd.exe"" ",nslookup  google.com,False,c:\temp\6475c822607415853134a0e4383d2ab2_sysmonactivity.evtx,Classic,0,"{""EventData"":{""Data"":[{""@Name"":""RuleName"",""#text"":""-""},{""@Name"":""UtcTime"",""#text"":""2025-12-10 04:20:22.881""},{""@Name"":""ProcessGuid"",""#text"":""1111e010-f506-6938-8201-000000000400""},{""@Name"":""ProcessId"",""#text"":""3500""},{""@Name"":""Image"",""#text"":""C:\\Windows\\System32\\nslookup.exe""},{""@Name"":""FileVersion"",""#text"":""10.0.19041.1 (WinBuild.160101.0800)""},{""@Name"":""Description"",""#text"":""nslookup""},{""@Name"":""Product"",""#text"":""Microsoft® Windows® Operating System""},{""@Name"":""Company"",""#text"":""Microsoft Corporation""},{""@Name"":""OriginalFileName"",""#text"":""nslookup.exe""},{""@Name"":""CommandLine"",""#text"":""nslookup  google.com""},{""@Name"":""CurrentDirectory"",""#text"":""C:\\Users\\abish\\Downloads\\Sysmon\\""},{""@Name"":""User"",""#text"":""DESKTOP-0S2K0MN\\abish""},{""@Name"":""LogonGuid"",""#text"":""1111e010-eeb6-6938-4994-070000000000""},{""@Name"":""LogonId"",""#text"":""0x79449""},{""@Name"":""TerminalSessionId"",""#text"":""1""},{""@Name"":""IntegrityLevel"",""#text"":""High""},{""@Name"":""Hashes"",""#text"":""MD5=F2E3950C1023ACF80765C918791999C0,SHA256=55AB032D256ADBE3FDE40CF90FE83BA5EAB591E04AD720161ED8E6EF059CA747,IMPHASH=2C6AC0BEC4117681BA25EAD3FABF0BA1""},{""@Name"":""ParentProcessGuid"",""#text"":""1111e010-f009-6938-e500-000000000400""},{""@Name"":""ParentProcessId"",""#text"":""4328""},{""@Name"":""ParentImage"",""#text"":""C:\\Windows\\System32\\cmd.exe""},{""@Name"":""ParentCommandLine"",""#text"":""\""C:\\Windows\\system32\\cmd.exe\"" ""},{""@Name"":""ParentUser"",""#text"":""DESKTOP-0S2K0MN\\abish""}]}}"
83,83,2025-12-10 04:20:24.0848257,3,Info,Microsoft-Windows-Sysmon,Microsoft-Windows-Sysmon/Operational,4960,6708,DESKTOP-0S2K0MN,1,S-1-5-18,Network connection,DESKTOP-0S2K0MN\abish,,"ProcessID: 3500, ProcessGUID: 1111e010-f506-6938-8201-000000000400",RuleName: -,SourceHostname: DESKTOP-0S2K0MN..,SourceIp: 10.0.2.15,DestinationHostname: -,DestinationIp: 10.0.2.3,C:\Windows\System32\nslookup.exe,False,c:\temp\6475c822607415853134a0e4383d2ab2_sysmonactivity.evtx,Classic,0,"{""EventData"":{""Data"":[{""@Name"":""RuleName"",""#text"":""-""},{""@Name"":""UtcTime"",""#text"":""2025-12-10 04:20:22.893""},{""@Name"":""ProcessGuid"",""#text"":""1111e010-f506-6938-8201-000000000400""},{""@Name"":""ProcessId"",""#text"":""3500""},{""@Name"":""Image"",""#text"":""C:\\Windows\\System32\\nslookup.exe""},{""@Name"":""User"",""#text"":""DESKTOP-0S2K0MN\\abish""},{""@Name"":""Protocol"",""#text"":""udp""},{""@Name"":""Initiated"",""#text"":""True""},{""@Name"":""SourceIsIpv6"",""#text"":""False""},{""@Name"":""SourceIp"",""#text"":""10.0.2.15""},{""@Name"":""SourceHostname"",""#text"":""DESKTOP-0S2K0MN..""},{""@Name"":""SourcePort"",""#text"":""51146""},{""@Name"":""SourcePortName"",""#text"":""-""},{""@Name"":""DestinationIsIpv6"",""#text"":""False""},{""@Name"":""DestinationIp"",""#text"":""10.0.2.3""},{""@Name"":""DestinationHostname"",""#text"":""-""},{""@Name"":""DestinationPort"",""#text"":""53""},{""@Name"":""DestinationPortName"",""#text"":""domain""}]}}"
84,84,2025-12-10 04:20:24.0848358,3,Info,Microsoft-Windows-Sysmon,Microsoft-Windows-Sysmon/Operational,4960,6708,DESKTOP-0S2K0MN,1,S-1-5-18,Network connection,DESKTOP-0S2K0MN\abish,,"ProcessID: 3500, ProcessGUID: 1111e010-f506-6938-8201-000000000400",RuleName: -,SourceHostname: DESKTOP-0S2K0MN..,SourceIp: 10.0.2.15,DestinationHostname: -,DestinationIp: 10.0.2.3,C:\Windows\System32\nslookup.exe,False,c:\temp\6475c822607415853134a0e4383d2ab2_sysmonactivity.evtx,Classic,0,"{""EventData"":{""Data"":[{""@Name"":""RuleName"",""#text"":""-""},{""@Name"":""UtcTime"",""#text"":""2025-12-10 04:20:22.899""},{""@Name"":""ProcessGuid"",""#text"":""1111e010-f506-6938-8201-000000000400""},{""@Name"":""ProcessId"",""#text"":""3500""},{""@Name"":""Image"",""#text"":""C:\\Windows\\System32\\nslookup.exe""},{""@Name"":""User"",""#text"":""DESKTOP-0S2K0MN\\abish""},{""@Name"":""Protocol"",""#text"":""udp""},{""@Name"":""Initiated"",""#text"":""True""},{""@Name"":""SourceIsIpv6"",""#text"":""False""},{""@Name"":""SourceIp"",""#text"":""10.0.2.15""},{""@Name"":""SourceHostname"",""#text"":""DESKTOP-0S2K0MN..""},{""@Name"":""SourcePort"",""#text"":""51147""},{""@Name"":""SourcePortName"",""#text"":""-""},{""@Name"":""DestinationIsIpv6"",""#text"":""False""},{""@Name"":""DestinationIp"",""#text"":""10.0.2.3""},{""@Name"":""DestinationHostname"",""#text"":""-""},{""@Name"":""DestinationPort"",""#text"":""53""},{""@Name"":""DestinationPortName"",""#text"":""domain""}]}}"
85,85,2025-12-10 04:20:24.5863620,3,Info,Microsoft-Windows-Sysmon,Microsoft-Windows-Sysmon/Operational,4960,6708,DESKTOP-0S2K0MN,1,S-1-5-18,Network connection,DESKTOP-0S2K0MN\abish,,"ProcessID: 3500, ProcessGUID: 1111e010-f506-6938-8201-000000000400",RuleName: -,SourceHostname: DESKTOP-0S2K0MN..,SourceIp: 10.0.2.15,DestinationHostname: -,DestinationIp: 10.0.2.3,C:\Windows\System32\nslookup.exe,False,c:\temp\6475c822607415853134a0e4383d2ab2_sysmonactivity.evtx,Classic,0,"{""EventData"":{""Data"":[{""@Name"":""RuleName"",""#text"":""-""},{""@Name"":""UtcTime"",""#text"":""2025-12-10 04:20:22.906""},{""@Name"":""ProcessGuid"",""#text"":""1111e010-f506-6938-8201-000000000400""},{""@Name"":""ProcessId"",""#text"":""3500""},{""@Name"":""Image"",""#text"":""C:\\Windows\\System32\\nslookup.exe""},{""@Name"":""User"",""#text"":""DESKTOP-0S2K0MN\\abish""},{""@Name"":""Protocol"",""#text"":""udp""},{""@Name"":""Initiated"",""#text"":""True""},{""@Name"":""SourceIsIpv6"",""#text"":""False""},{""@Name"":""SourceIp"",""#text"":""10.0.2.15""},{""@Name"":""SourceHostname"",""#text"":""DESKTOP-0S2K0MN..""},{""@Name"":""SourcePort"",""#text"":""51148""},{""@Name"":""SourcePortName"",""#text"":""-""},{""@Name"":""DestinationIsIpv6"",""#text"":""False""},{""@Name"":""DestinationIp"",""#text"":""10.0.2.3""},{""@Name"":""DestinationHostname"",""#text"":""-""},{""@Name"":""DestinationPort"",""#text"":""53""},{""@Name"":""DestinationPortName"",""#text"":""domain""}]}}"
