24,24,2025-12-10 04:11:06.6553181,1,Info,Microsoft-Windows-Sysmon,Microsoft-Windows-Sysmon/Operational,4960,7188,DESKTOP-0S2K0MN,0,S-1-5-18,Process creation,NT AUTHORITY\SYSTEM,,"ProcessID: 8112, ProcessGUID: 1111e010-f2da-6938-6601-000000000400",RuleName: -,"MD5=85F850F1A93B5FEEA11FEC856A0F86AE,SHA256=94BF9975472A1FFDB1BD7148B164AF7254671C1C5097CA88449515DCA743DE1E,IMPHASH=DA8D05B0C1C3B522299D1FEF5ADCFB7A",ParentProcess: C:\ProgramData\Microsoft\Windows Defender\Platform\4.18.25100.9008-0\MsMpEng.exe,"ParentProcessID: 2940, ParentProcessGUID: 1111e010-f079-6938-1f01-000000000400","ParentCommandLine: ""C:\ProgramData\Microsoft\Windows Defender\platform\4.18.25100.9008-0\MsMpEng.exe""","""C:\ProgramData\Microsoft\Windows Defender\platform\4.18.25100.9008-0\MpCmdRun.exe"" SignatureUpdate -ScheduleJob -RestrictPrivileges",False,c:\temp\6475c822607415853134a0e4383d2ab2_sysmonactivity.evtx,Classic,0,"{""EventData"":{""Data"":[{""@Name"":""RuleName"",""#text"":""-""},{""@Name"":""UtcTime"",""#text"":""2025-12-10 04:11:06.626""},{""@Name"":""ProcessGuid"",""#text"":""1111e010-f2da-6938-6601-000000000400""},{""@Name"":""ProcessId"",""#text"":""8112""},{""@Name"":""Image"",""#text"":""C:\\ProgramData\\Microsoft\\Windows Defender\\Platform\\4.18.25100.9008-0\\MpCmdRun.exe""},{""@Name"":""FileVersion"",""#text"":""4.18.25100.9008 (b0af8b174efae63a7a64d96131727074dad31379)""},{""@Name"":""Description"",""#text"":""Microsoft Malware Protection Command Line Utility""},{""@Name"":""Product"",""#text"":""Microsoft® Windows® Operating System""},{""@Name"":""Company"",""#text"":""Microsoft Corporation""},{""@Name"":""OriginalFileName"",""#text"":""MpCmdRun.exe""},{""@Name"":""CommandLine"",""#text"":""\""C:\\ProgramData\\Microsoft\\Windows Defender\\platform\\4.18.25100.9008-0\\MpCmdRun.exe\"" SignatureUpdate -ScheduleJob -RestrictPrivileges""},{""@Name"":""CurrentDirectory"",""#text"":""C:\\Windows\\system32\\""},{""@Name"":""User"",""#text"":""NT AUTHORITY\\SYSTEM""},{""@Name"":""LogonGuid"",""#text"":""1111e010-edfe-6938-e703-000000000000""},{""@Name"":""LogonId"",""#text"":""0x3E7""},{""@Name"":""TerminalSessionId"",""#text"":""0""},{""@Name"":""IntegrityLevel"",""#text"":""System""},{""@Name"":""Hashes"",""#text"":""MD5=85F850F1A93B5FEEA11FEC856A0F86AE,SHA256=94BF9975472A1FFDB1BD7148B164AF7254671C1C5097CA88449515DCA743DE1E,IMPHASH=DA8D05B0C1C3B522299D1FEF5ADCFB7A""},{""@Name"":""ParentProcessGuid"",""#text"":""1111e010-f079-6938-1f01-000000000400""},{""@Name"":""ParentProcessId"",""#text"":""2940""},{""@Name"":""ParentImage"",""#text"":""C:\\ProgramData\\Microsoft\\Windows Defender\\Platform\\4.18.25100.9008-0\\MsMpEng.exe""},{""@Name"":""ParentCommandLine"",""#text"":""\""C:\\ProgramData\\Microsoft\\Windows Defender\\platform\\4.18.25100.9008-0\\MsMpEng.exe\""""},{""@Name"":""ParentUser"",""#text"":""NT AUTHORITY\\SYSTEM""}]}}"
25,25,2025-12-10 04:11:06.6560986,11,Info,Microsoft-Windows-Sysmon,Microsoft-Windows-Sysmon/Operational,4960,7188,DESKTOP-0S2K0MN,0,S-1-5-18,FileCreate,NT AUTHORITY\SYSTEM,,"ProcessID: 508, ProcessGUID: 1111e010-edfe-6938-1300-000000000400",RuleName: T1053,Image: C:\Windows\system32\svchost.exe,TargetFilename: C:\Windows\System32\Tasks\Microsoft\Windows\Windows Defender\Windows Defender Cache Maintenance,,,,False,c:\temp\6475c822607415853134a0e4383d2ab2_sysmonactivity.evtx,Classic,0,"{""EventData"":{""Data"":[{""@Name"":""RuleName"",""#text"":""T1053""},{""@Name"":""UtcTime"",""#text"":""2025-12-10 04:11:06.644""},{""@Name"":""ProcessGuid"",""#text"":""1111e010-edfe-6938-1300-000000000400""},{""@Name"":""ProcessId"",""#text"":""508""},{""@Name"":""Image"",""#text"":""C:\\Windows\\system32\\svchost.exe""},{""@Name"":""TargetFilename"",""#text"":""C:\\Windows\\System32\\Tasks\\Microsoft\\Windows\\Windows Defender\\Windows Defender Cache Maintenance""},{""@Name"":""CreationUtcTime"",""#text"":""2025-12-09 18:01:09.654""},{""@Name"":""User"",""#text"":""NT AUTHORITY\\SYSTEM""}]}}"
26,26,2025-12-10 04:11:06.6777682,11,Info,Microsoft-Windows-Sysmon,Microsoft-Windows-Sysmon/Operational,4960,7188,DESKTOP-0S2K0MN,0,S-1-5-18,FileCreate,NT AUTHORITY\SYSTEM,,"ProcessID: 508, ProcessGUID: 1111e010-edfe-6938-1300-000000000400",RuleName: T1053,Image: C:\Windows\system32\svchost.exe,TargetFilename: C:\Windows\System32\Tasks\Microsoft\Windows\Windows Defender\Windows Defender Cleanup,,,,False,c:\temp\6475c822607415853134a0e4383d2ab2_sysmonactivity.evtx,Classic,0,"{""EventData"":{""Data"":[{""@Name"":""RuleName"",""#text"":""T1053""},{""@Name"":""UtcTime"",""#text"":""2025-12-10 04:11:06.675""},{""@Name"":""ProcessGuid"",""#text"":""1111e010-edfe-6938-1300-000000000400""},{""@Name"":""ProcessId"",""#text"":""508""},{""@Name"":""Image"",""#text"":""C:\\Windows\\system32\\svchost.exe""},{""@Name"":""TargetFilename"",""#text"":""C:\\Windows\\System32\\Tasks\\Microsoft\\Windows\\Windows Defender\\Windows Defender Cleanup""},{""@Name"":""CreationUtcTime"",""#text"":""2025-12-09 18:01:10.357""},{""@Name"":""User"",""#text"":""NT AUTHORITY\\SYSTEM""}]}}"
27,27,2025-12-10 04:11:06.7029102,11,Info,Microsoft-Windows-Sysmon,Microsoft-Windows-Sysmon/Operational,4960,7188,DESKTOP-0S2K0MN,0,S-1-5-18,FileCreate,NT AUTHORITY\SYSTEM,,"ProcessID: 508, ProcessGUID: 1111e010-edfe-6938-1300-000000000400",RuleName: T1053,Image: C:\Windows\system32\svchost.exe,TargetFilename: C:\Windows\System32\Tasks\Microsoft\Windows\Windows Defender\Windows Defender Scheduled Scan,,,,False,c:\temp\6475c822607415853134a0e4383d2ab2_sysmonactivity.evtx,Classic,0,"{""EventData"":{""Data"":[{""@Name"":""RuleName"",""#text"":""T1053""},{""@Name"":""UtcTime"",""#text"":""2025-12-10 04:11:06.699""},{""@Name"":""ProcessGuid"",""#text"":""1111e010-edfe-6938-1300-000000000400""},{""@Name"":""ProcessId"",""#text"":""508""},{""@Name"":""Image"",""#text"":""C:\\Windows\\system32\\svchost.exe""},{""@Name"":""TargetFilename"",""#text"":""C:\\Windows\\System32\\Tasks\\Microsoft\\Windows\\Windows Defender\\Windows Defender Scheduled Scan""},{""@Name"":""CreationUtcTime"",""#text"":""2025-12-09 18:01:09.546""},{""@Name"":""User"",""#text"":""NT AUTHORITY\\SYSTEM""}]}}"
28,28,2025-12-10 04:11:06.7170502,1,Info,Microsoft-Windows-Sysmon,Microsoft-Windows-Sysmon/Operational,4960,7188,DESKTOP-0S2K0MN,0,S-1-5-18,Process creation,NT AUTHORITY\SYSTEM,,"ProcessID: 7924, ProcessGUID: 1111e010-f2da-6938-6801-000000000400",RuleName: -,"MD5=85F850F1A93B5FEEA11FEC856A0F86AE,SHA256=94BF9975472A1FFDB1BD7148B164AF7254671C1C5097CA88449515DCA743DE1E,IMPHASH=DA8D05B0C1C3B522299D1FEF5ADCFB7A",ParentProcess: C:\ProgramData\Microsoft\Windows Defender\Platform\4.18.25100.9008-0\MsMpEng.exe,"ParentProcessID: 2940, ParentProcessGUID: 1111e010-f079-6938-1f01-000000000400","ParentCommandLine: ""C:\ProgramData\Microsoft\Windows Defender\platform\4.18.25100.9008-0\MsMpEng.exe""","""C:\ProgramData\Microsoft\Windows Defender\platform\4.18.25100.9008-0\MpCmdRun.exe"" SignaturesUpdateService -ScheduleJob -UnmanagedUpdate",False,c:\temp\6475c822607415853134a0e4383d2ab2_sysmonactivity.evtx,Classic,0,"{""EventData"":{""Data"":[{""@Name"":""RuleName"",""#text"":""-""},{""@Name"":""UtcTime"",""#text"":""2025-12-10 04:11:06.715""},{""@Name"":""ProcessGuid"",""#text"":""1111e010-f2da-6938-6801-000000000400""},{""@Name"":""ProcessId"",""#text"":""7924""},{""@Name"":""Image"",""#text"":""C:\\ProgramData\\Microsoft\\Windows Defender\\Platform\\4.18.25100.9008-0\\MpCmdRun.exe""},{""@Name"":""FileVersion"",""#text"":""4.18.25100.9008 (b0af8b174efae63a7a64d96131727074dad31379)""},{""@Name"":""Description"",""#text"":""Microsoft Malware Protection Command Line Utility""},{""@Name"":""Product"",""#text"":""Microsoft® Windows® Operating System""},{""@Name"":""Company"",""#text"":""Microsoft Corporation""},{""@Name"":""OriginalFileName"",""#text"":""MpCmdRun.exe""},{""@Name"":""CommandLine"",""#text"":""\""C:\\ProgramData\\Microsoft\\Windows Defender\\platform\\4.18.25100.9008-0\\MpCmdRun.exe\"" SignaturesUpdateService -ScheduleJob -UnmanagedUpdate""},{""@Name"":""CurrentDirectory"",""#text"":""C:\\Windows\\system32\\""},{""@Name"":""User"",""#text"":""NT AUTHORITY\\SYSTEM""},{""@Name"":""LogonGuid"",""#text"":""1111e010-edfe-6938-e703-000000000000""},{""@Name"":""LogonId"",""#text"":""0x3E7""},{""@Name"":""TerminalSessionId"",""#text"":""0""},{""@Name"":""IntegrityLevel"",""#text"":""System""},{""@Name"":""Hashes"",""#text"":""MD5=85F850F1A93B5FEEA11FEC856A0F86AE,SHA256=94BF9975472A1FFDB1BD7148B164AF7254671C1C5097CA88449515DCA743DE1E,IMPHASH=DA8D05B0C1C3B522299D1FEF5ADCFB7A""},{""@Name"":""ParentProcessGuid"",""#text"":""1111e010-f079-6938-1f01-000000000400""},{""@Name"":""ParentProcessId"",""#text"":""2940""},{""@Name"":""ParentImage"",""#text"":""C:\\ProgramData\\Microsoft\\Windows Defender\\Platform\\4.18.25100.9008-0\\MsMpEng.exe""},{""@Name"":""ParentCommandLine"",""#text"":""\""C:\\ProgramData\\Microsoft\\Windows Defender\\platform\\4.18.25100.9008-0\\MsMpEng.exe\""""},{""@Name"":""ParentUser"",""#text"":""NT AUTHORITY\\SYSTEM""}]}}"
29,29,2025-12-10 04:11:34.6380406,3,Info,Microsoft-Windows-Sysmon,Microsoft-Windows-Sysmon/Operational,4960,6708,DESKTOP-0S2K0MN,0,S-1-5-18,Network connection,DESKTOP-0S2K0MN\abish,,"ProcessID: 6424, ProcessGUID: 1111e010-eec6-6938-7900-000000000400",RuleName: Usermode,SourceHostname: DESKTOP-0S2K0MN..,SourceIp: 10.0.2.15,DestinationHostname: -,DestinationIp: 150.171.22.11,C:\Users\abish\AppData\Local\Microsoft\OneDrive\OneDrive.exe,False,c:\temp\6475c822607415853134a0e4383d2ab2_sysmonactivity.evtx,Classic,0,"{""EventData"":{""Data"":[{""@Name"":""RuleName"",""#text"":""Usermode""},{""@Name"":""UtcTime"",""#text"":""2025-12-10 04:11:32.703""},{""@Name"":""ProcessGuid"",""#text"":""1111e010-eec6-6938-7900-000000000400""},{""@Name"":""ProcessId"",""#text"":""6424""},{""@Name"":""Image"",""#text"":""C:\\Users\\abish\\AppData\\Local\\Microsoft\\OneDrive\\OneDrive.exe""},{""@Name"":""User"",""#text"":""DESKTOP-0S2K0MN\\abish""},{""@Name"":""Protocol"",""#text"":""tcp""},{""@Name"":""Initiated"",""#text"":""True""},{""@Name"":""SourceIsIpv6"",""#text"":""False""},{""@Name"":""SourceIp"",""#text"":""10.0.2.15""},{""@Name"":""SourceHostname"",""#text"":""DESKTOP-0S2K0MN..""},{""@Name"":""SourcePort"",""#text"":""50081""},{""@Name"":""SourcePortName"",""#text"":""-""},{""@Name"":""DestinationIsIpv6"",""#text"":""False""},{""@Name"":""DestinationIp"",""#text"":""150.171.22.11""},{""@Name"":""DestinationHostname"",""#text"":""-""},{""@Name"":""DestinationPort"",""#text"":""443""},{""@Name"":""DestinationPortName"",""#text"":""https""}]}}"
30,30,2025-12-10 04:11:43.6077594,22,Info,Microsoft-Windows-Sysmon,Microsoft-Windows-Sysmon/Operational,4960,7184,DESKTOP-0S2K0MN,0,S-1-5-18,DNSEvent (DNS query),NT AUTHORITY\LOCAL SERVICE,,"ProcessID: 1028, ProcessGUID: 1111e010-edfe-6938-1500-000000000400",RuleName: -,Image: C:\Windows\System32\svchost.exe,QueryName: wpad,QueryStatus: 13,QueryResults: -,,False,c:\temp\6475c822607415853134a0e4383d2ab2_sysmonactivity.evtx,Classic,0,"{""EventData"":{""Data"":[{""@Name"":""RuleName"",""#text"":""-""},{""@Name"":""UtcTime"",""#text"":""2025-12-10 04:11:41.591""},{""@Name"":""ProcessGuid"",""#text"":""1111e010-edfe-6938-1500-000000000400""},{""@Name"":""ProcessId"",""#text"":""1028""},{""@Name"":""QueryName"",""#text"":""wpad""},{""@Name"":""QueryStatus"",""#text"":""13""},{""@Name"":""QueryResults"",""#text"":""-""},{""@Name"":""Image"",""#text"":""C:\\Windows\\System32\\svchost.exe""},{""@Name"":""User"",""#text"":""NT AUTHORITY\\LOCAL SERVICE""}]}}"
31,31,2025-12-10 04:11:57.9814917,13,Info,Microsoft-Windows-Sysmon,Microsoft-Windows-Sysmon/Operational,4960,7188,DESKTOP-0S2K0MN,0,S-1-5-18,RegistryEvent (Value Set),NT AUTHORITY\SYSTEM,,"ProcessID: 1688, ProcessGUID: 1111e010-edff-6938-2600-000000000400",RuleName: InvDB-Path,Image: C:\Windows\System32\svchost.exe,EventType: SetValue,TargetObject: \REGISTRY\A\{6153746f-14e0-09fd-4a23-4401df607f6a}\Root\InventoryApplicationFile\telegram.exe|cf67f0f7c9681ebf\LowerCaseLongPath,Details: c:\users\abish\appdata\roaming\telegram desktop\telegram.exe,,False,c:\temp\6475c822607415853134a0e4383d2ab2_sysmonactivity.evtx,Classic,0,"{""EventData"":{""Data"":[{""@Name"":""RuleName"",""#text"":""InvDB-Path""},{""@Name"":""EventType"",""#text"":""SetValue""},{""@Name"":""UtcTime"",""#text"":""2025-12-10 04:11:57.975""},{""@Name"":""ProcessGuid"",""#text"":""1111e010-edff-6938-2600-000000000400""},{""@Name"":""ProcessId"",""#text"":""1688""},{""@Name"":""Image"",""#text"":""C:\\Windows\\System32\\svchost.exe""},{""@Name"":""TargetObject"",""#text"":""\\REGISTRY\\A\\{6153746f-14e0-09fd-4a23-4401df607f6a}\\Root\\InventoryApplicationFile\\telegram.exe|cf67f0f7c9681ebf\\LowerCaseLongPath""},{""@Name"":""Details"",""#text"":""c:\\users\\abish\\appdata\\roaming\\telegram desktop\\telegram.exe""},{""@Name"":""User"",""#text"":""NT AUTHORITY\\SYSTEM""}]}}"
32,32,2025-12-10 04:11:57.9816863,13,Info,Microsoft-Windows-Sysmon,Microsoft-Windows-Sysmon/Operational,4960,7188,DESKTOP-0S2K0MN,0,S-1-5-18,RegistryEvent (Value Set),NT AUTHORITY\SYSTEM,,"ProcessID: 1688, ProcessGUID: 1111e010-edff-6938-2600-000000000400",RuleName: InvDB-Pub,Image: C:\Windows\System32\svchost.exe,EventType: SetValue,TargetObject: \REGISTRY\A\{6153746f-14e0-09fd-4a23-4401df607f6a}\Root\InventoryApplicationFile\telegram.exe|cf67f0f7c9681ebf\Publisher,Details: telegram fz-llc,,False,c:\temp\6475c822607415853134a0e4383d2ab2_sysmonactivity.evtx,Classic,0,"{""EventData"":{""Data"":[{""@Name"":""RuleName"",""#text"":""InvDB-Pub""},{""@Name"":""EventType"",""#text"":""SetValue""},{""@Name"":""UtcTime"",""#text"":""2025-12-10 04:11:57.975""},{""@Name"":""ProcessGuid"",""#text"":""1111e010-edff-6938-2600-000000000400""},{""@Name"":""ProcessId"",""#text"":""1688""},{""@Name"":""Image"",""#text"":""C:\\Windows\\System32\\svchost.exe""},{""@Name"":""TargetObject"",""#text"":""\\REGISTRY\\A\\{6153746f-14e0-09fd-4a23-4401df607f6a}\\Root\\InventoryApplicationFile\\telegram.exe|cf67f0f7c9681ebf\\Publisher""},{""@Name"":""Details"",""#text"":""telegram fz-llc""},{""@Name"":""User"",""#text"":""NT AUTHORITY\\SYSTEM""}]}}"
33,33,2025-12-10 04:11:57.9818846,13,Info,Microsoft-Windows-Sysmon,Microsoft-Windows-Sysmon/Operational,4960,7188,DESKTOP-0S2K0MN,0,S-1-5-18,RegistryEvent (Value Set),NT AUTHORITY\SYSTEM,,"ProcessID: 1688, ProcessGUID: 1111e010-edff-6938-2600-000000000400",RuleName: InvDB-CompileTimeClaim,Image: C:\Windows\System32\svchost.exe,EventType: SetValue,TargetObject: \REGISTRY\A\{6153746f-14e0-09fd-4a23-4401df607f6a}\Root\InventoryApplicationFile\telegram.exe|cf67f0f7c9681ebf\LinkDate,Details: 12/05/2025 20:35:24,,False,c:\temp\6475c822607415853134a0e4383d2ab2_sysmonactivity.evtx,Classic,0,"{""EventData"":{""Data"":[{""@Name"":""RuleName"",""#text"":""InvDB-CompileTimeClaim""},{""@Name"":""EventType"",""#text"":""SetValue""},{""@Name"":""UtcTime"",""#text"":""2025-12-10 04:11:57.975""},{""@Name"":""ProcessGuid"",""#text"":""1111e010-edff-6938-2600-000000000400""},{""@Name"":""ProcessId"",""#text"":""1688""},{""@Name"":""Image"",""#text"":""C:\\Windows\\System32\\svchost.exe""},{""@Name"":""TargetObject"",""#text"":""\\REGISTRY\\A\\{6153746f-14e0-09fd-4a23-4401df607f6a}\\Root\\InventoryApplicationFile\\telegram.exe|cf67f0f7c9681ebf\\LinkDate""},{""@Name"":""Details"",""#text"":""12/05/2025 20:35:24""},{""@Name"":""User"",""#text"":""NT AUTHORITY\\SYSTEM""}]}}"
34,34,2025-12-10 04:11:57.9819213,13,Info,Microsoft-Windows-Sysmon,Microsoft-Windows-Sysmon/Operational,4960,7188,DESKTOP-0S2K0MN,0,S-1-5-18,RegistryEvent (Value Set),NT AUTHORITY\SYSTEM,,"ProcessID: 1688, ProcessGUID: 1111e010-edff-6938-2600-000000000400",RuleName: InvDB-Ver,Image: C:\Windows\System32\svchost.exe,EventType: SetValue,TargetObject: \REGISTRY\A\{6153746f-14e0-09fd-4a23-4401df607f6a}\Root\InventoryApplicationFile\telegram.exe|cf67f0f7c9681ebf\BinProductVersion,Details: 6.3.6.0,,False,c:\temp\6475c822607415853134a0e4383d2ab2_sysmonactivity.evtx,Classic,0,"{""EventData"":{""Data"":[{""@Name"":""RuleName"",""#text"":""InvDB-Ver""},{""@Name"":""EventType"",""#text"":""SetValue""},{""@Name"":""UtcTime"",""#text"":""2025-12-10 04:11:57.975""},{""@Name"":""ProcessGuid"",""#text"":""1111e010-edff-6938-2600-000000000400""},{""@Name"":""ProcessId"",""#text"":""1688""},{""@Name"":""Image"",""#text"":""C:\\Windows\\System32\\svchost.exe""},{""@Name"":""TargetObject"",""#text"":""\\REGISTRY\\A\\{6153746f-14e0-09fd-4a23-4401df607f6a}\\Root\\InventoryApplicationFile\\telegram.exe|cf67f0f7c9681ebf\\BinProductVersion""},{""@Name"":""Details"",""#text"":""6.3.6.0""},{""@Name"":""User"",""#text"":""NT AUTHORITY\\SYSTEM""}]}}"
35,35,2025-12-10 04:11:58.0341518,13,Info,Microsoft-Windows-Sysmon,Microsoft-Windows-Sysmon/Operational,4960,7188,DESKTOP-0S2K0MN,0,S-1-5-18,RegistryEvent (Value Set),NT AUTHORITY\SYSTEM,,"ProcessID: 1688, ProcessGUID: 1111e010-edff-6938-2600-000000000400",RuleName: InvDB-Path,Image: C:\Windows\System32\svchost.exe,EventType: SetValue,TargetObject: \REGISTRY\A\{6153746f-14e0-09fd-4a23-4401df607f6a}\Root\InventoryApplicationFile\applicationframe|7c5c9be1b612bbd\LowerCaseLongPath,Details: c:\windows\system32\applicationframehost.exe,,False,c:\temp\6475c822607415853134a0e4383d2ab2_sysmonactivity.evtx,Classic,0,"{""EventData"":{""Data"":[{""@Name"":""RuleName"",""#text"":""InvDB-Path""},{""@Name"":""EventType"",""#text"":""SetValue""},{""@Name"":""UtcTime"",""#text"":""2025-12-10 04:11:58.030""},{""@Name"":""ProcessGuid"",""#text"":""1111e010-edff-6938-2600-000000000400""},{""@Name"":""ProcessId"",""#text"":""1688""},{""@Name"":""Image"",""#text"":""C:\\Windows\\System32\\svchost.exe""},{""@Name"":""TargetObject"",""#text"":""\\REGISTRY\\A\\{6153746f-14e0-09fd-4a23-4401df607f6a}\\Root\\InventoryApplicationFile\\applicationframe|7c5c9be1b612bbd\\LowerCaseLongPath""},{""@Name"":""Details"",""#text"":""c:\\windows\\system32\\applicationframehost.exe""},{""@Name"":""User"",""#text"":""NT AUTHORITY\\SYSTEM""}]}}"
36,36,2025-12-10 04:11:58.0342883,13,Info,Microsoft-Windows-Sysmon,Microsoft-Windows-Sysmon/Operational,4960,7188,DESKTOP-0S2K0MN,0,S-1-5-18,RegistryEvent (Value Set),NT AUTHORITY\SYSTEM,,"ProcessID: 1688, ProcessGUID: 1111e010-edff-6938-2600-000000000400",RuleName: InvDB-Pub,Image: C:\Windows\System32\svchost.exe,EventType: SetValue,TargetObject: \REGISTRY\A\{6153746f-14e0-09fd-4a23-4401df607f6a}\Root\InventoryApplicationFile\applicationframe|7c5c9be1b612bbd\Publisher,Details: microsoft corporation,,False,c:\temp\6475c822607415853134a0e4383d2ab2_sysmonactivity.evtx,Classic,0,"{""EventData"":{""Data"":[{""@Name"":""RuleName"",""#text"":""InvDB-Pub""},{""@Name"":""EventType"",""#text"":""SetValue""},{""@Name"":""UtcTime"",""#text"":""2025-12-10 04:11:58.030""},{""@Name"":""ProcessGuid"",""#text"":""1111e010-edff-6938-2600-000000000400""},{""@Name"":""ProcessId"",""#text"":""1688""},{""@Name"":""Image"",""#text"":""C:\\Windows\\System32\\svchost.exe""},{""@Name"":""TargetObject"",""#text"":""\\REGISTRY\\A\\{6153746f-14e0-09fd-4a23-4401df607f6a}\\Root\\InventoryApplicationFile\\applicationframe|7c5c9be1b612bbd\\Publisher""},{""@Name"":""Details"",""#text"":""microsoft corporation""},{""@Name"":""User"",""#text"":""NT AUTHORITY\\SYSTEM""}]}}"
37,37,2025-12-10 04:11:58.0344876,13,Info,Microsoft-Windows-Sysmon,Microsoft-Windows-Sysmon/Operational,4960,7188,DESKTOP-0S2K0MN,0,S-1-5-18,RegistryEvent (Value Set),NT AUTHORITY\SYSTEM,,"ProcessID: 1688, ProcessGUID: 1111e010-edff-6938-2600-000000000400",RuleName: InvDB-CompileTimeClaim,Image: C:\Windows\System32\svchost.exe,EventType: SetValue,TargetObject: \REGISTRY\A\{6153746f-14e0-09fd-4a23-4401df607f6a}\Root\InventoryApplicationFile\applicationframe|7c5c9be1b612bbd\LinkDate,Details: 09/02/2061 00:04:16,,False,c:\temp\6475c822607415853134a0e4383d2ab2_sysmonactivity.evtx,Classic,0,"{""EventData"":{""Data"":[{""@Name"":""RuleName"",""#text"":""InvDB-CompileTimeClaim""},{""@Name"":""EventType"",""#text"":""SetValue""},{""@Name"":""UtcTime"",""#text"":""2025-12-10 04:11:58.030""},{""@Name"":""ProcessGuid"",""#text"":""1111e010-edff-6938-2600-000000000400""},{""@Name"":""ProcessId"",""#text"":""1688""},{""@Name"":""Image"",""#text"":""C:\\Windows\\System32\\svchost.exe""},{""@Name"":""TargetObject"",""#text"":""\\REGISTRY\\A\\{6153746f-14e0-09fd-4a23-4401df607f6a}\\Root\\InventoryApplicationFile\\applicationframe|7c5c9be1b612bbd\\LinkDate""},{""@Name"":""Details"",""#text"":""09/02/2061 00:04:16""},{""@Name"":""User"",""#text"":""NT AUTHORITY\\SYSTEM""}]}}"
38,38,2025-12-10 04:11:58.0345231,13,Info,Microsoft-Windows-Sysmon,Microsoft-Windows-Sysmon/Operational,4960,7188,DESKTOP-0S2K0MN,0,S-1-5-18,RegistryEvent (Value Set),NT AUTHORITY\SYSTEM,,"ProcessID: 1688, ProcessGUID: 1111e010-edff-6938-2600-000000000400",RuleName: InvDB-Ver,Image: C:\Windows\System32\svchost.exe,EventType: SetValue,TargetObject: \REGISTRY\A\{6153746f-14e0-09fd-4a23-4401df607f6a}\Root\InventoryApplicationFile\applicationframe|7c5c9be1b612bbd\BinProductVersion,Details: 10.0.19041.746,,False,c:\temp\6475c822607415853134a0e4383d2ab2_sysmonactivity.evtx,Classic,0,"{""EventData"":{""Data"":[{""@Name"":""RuleName"",""#text"":""InvDB-Ver""},{""@Name"":""EventType"",""#text"":""SetValue""},{""@Name"":""UtcTime"",""#text"":""2025-12-10 04:11:58.030""},{""@Name"":""ProcessGuid"",""#text"":""1111e010-edff-6938-2600-000000000400""},{""@Name"":""ProcessId"",""#text"":""1688""},{""@Name"":""Image"",""#text"":""C:\\Windows\\System32\\svchost.exe""},{""@Name"":""TargetObject"",""#text"":""\\REGISTRY\\A\\{6153746f-14e0-09fd-4a23-4401df607f6a}\\Root\\InventoryApplicationFile\\applicationframe|7c5c9be1b612bbd\\BinProductVersion""},{""@Name"":""Details"",""#text"":""10.0.19041.746""},{""@Name"":""User"",""#text"":""NT AUTHORITY\\SYSTEM""}]}}"
39,39,2025-12-10 04:11:58.0416872,13,Info,Microsoft-Windows-Sysmon,Microsoft-Windows-Sysmon/Operational,4960,7188,DESKTOP-0S2K0MN,0,S-1-5-18,RegistryEvent (Value Set),NT AUTHORITY\SYSTEM,,"ProcessID: 1688, ProcessGUID: 1111e010-edff-6938-2600-000000000400",RuleName: InvDB-Path,Image: C:\Windows\System32\svchost.exe,EventType: SetValue,TargetObject: \REGISTRY\A\{6153746f-14e0-09fd-4a23-4401df607f6a}\Root\InventoryApplicationFile\iexplore.exe|4bb0745287b452cb\LowerCaseLongPath,Details: c:\program files\internet explorer\iexplore.exe,,False,c:\temp\6475c822607415853134a0e4383d2ab2_sysmonactivity.evtx,Classic,0,"{""EventData"":{""Data"":[{""@Name"":""RuleName"",""#text"":""InvDB-Path""},{""@Name"":""EventType"",""#text"":""SetValue""},{""@Name"":""UtcTime"",""#text"":""2025-12-10 04:11:58.038""},{""@Name"":""ProcessGuid"",""#text"":""1111e010-edff-6938-2600-000000000400""},{""@Name"":""ProcessId"",""#text"":""1688""},{""@Name"":""Image"",""#text"":""C:\\Windows\\System32\\svchost.exe""},{""@Name"":""TargetObject"",""#text"":""\\REGISTRY\\A\\{6153746f-14e0-09fd-4a23-4401df607f6a}\\Root\\InventoryApplicationFile\\iexplore.exe|4bb0745287b452cb\\LowerCaseLongPath""},{""@Name"":""Details"",""#text"":""c:\\program files\\internet explorer\\iexplore.exe""},{""@Name"":""User"",""#text"":""NT AUTHORITY\\SYSTEM""}]}}"
40,40,2025-12-10 04:11:58.0418455,13,Info,Microsoft-Windows-Sysmon,Microsoft-Windows-Sysmon/Operational,4960,7188,DESKTOP-0S2K0MN,0,S-1-5-18,RegistryEvent (Value Set),NT AUTHORITY\SYSTEM,,"ProcessID: 1688, ProcessGUID: 1111e010-edff-6938-2600-000000000400",RuleName: InvDB-Pub,Image: C:\Windows\System32\svchost.exe,EventType: SetValue,TargetObject: \REGISTRY\A\{6153746f-14e0-09fd-4a23-4401df607f6a}\Root\InventoryApplicationFile\iexplore.exe|4bb0745287b452cb\Publisher,Details: microsoft corporation,,False,c:\temp\6475c822607415853134a0e4383d2ab2_sysmonactivity.evtx,Classic,0,"{""EventData"":{""Data"":[{""@Name"":""RuleName"",""#text"":""InvDB-Pub""},{""@Name"":""EventType"",""#text"":""SetValue""},{""@Name"":""UtcTime"",""#text"":""2025-12-10 04:11:58.038""},{""@Name"":""ProcessGuid"",""#text"":""1111e010-edff-6938-2600-000000000400""},{""@Name"":""ProcessId"",""#text"":""1688""},{""@Name"":""Image"",""#text"":""C:\\Windows\\System32\\svchost.exe""},{""@Name"":""TargetObject"",""#text"":""\\REGISTRY\\A\\{6153746f-14e0-09fd-4a23-4401df607f6a}\\Root\\InventoryApplicationFile\\iexplore.exe|4bb0745287b452cb\\Publisher""},{""@Name"":""Details"",""#text"":""microsoft corporation""},{""@Name"":""User"",""#text"":""NT AUTHORITY\\SYSTEM""}]}}"
41,41,2025-12-10 04:11:58.0420494,13,Info,Microsoft-Windows-Sysmon,Microsoft-Windows-Sysmon/Operational,4960,7188,DESKTOP-0S2K0MN,0,S-1-5-18,RegistryEvent (Value Set),NT AUTHORITY\SYSTEM,,"ProcessID: 1688, ProcessGUID: 1111e010-edff-6938-2600-000000000400",RuleName: InvDB-CompileTimeClaim,Image: C:\Windows\System32\svchost.exe,EventType: SetValue,TargetObject: \REGISTRY\A\{6153746f-14e0-09fd-4a23-4401df607f6a}\Root\InventoryApplicationFile\iexplore.exe|4bb0745287b452cb\LinkDate,Details: 08/05/2040 13:45:30,,False,c:\temp\6475c822607415853134a0e4383d2ab2_sysmonactivity.evtx,Classic,0,"{""EventData"":{""Data"":[{""@Name"":""RuleName"",""#text"":""InvDB-CompileTimeClaim""},{""@Name"":""EventType"",""#text"":""SetValue""},{""@Name"":""UtcTime"",""#text"":""2025-12-10 04:11:58.038""},{""@Name"":""ProcessGuid"",""#text"":""1111e010-edff-6938-2600-000000000400""},{""@Name"":""ProcessId"",""#text"":""1688""},{""@Name"":""Image"",""#text"":""C:\\Windows\\System32\\svchost.exe""},{""@Name"":""TargetObject"",""#text"":""\\REGISTRY\\A\\{6153746f-14e0-09fd-4a23-4401df607f6a}\\Root\\InventoryApplicationFile\\iexplore.exe|4bb0745287b452cb\\LinkDate""},{""@Name"":""Details"",""#text"":""08/05/2040 13:45:30""},{""@Name"":""User"",""#text"":""NT AUTHORITY\\SYSTEM""}]}}"
42,42,2025-12-10 04:11:58.0420898,13,Info,Microsoft-Windows-Sysmon,Microsoft-Windows-Sysmon/Operational,4960,7188,DESKTOP-0S2K0MN,0,S-1-5-18,RegistryEvent (Value Set),NT AUTHORITY\SYSTEM,,"ProcessID: 1688, ProcessGUID: 1111e010-edff-6938-2600-000000000400",RuleName: InvDB-Ver,Image: C:\Windows\System32\svchost.exe,EventType: SetValue,TargetObject: \REGISTRY\A\{6153746f-14e0-09fd-4a23-4401df607f6a}\Root\InventoryApplicationFile\iexplore.exe|4bb0745287b452cb\BinProductVersion,Details: 11.0.19041.1566,,False,c:\temp\6475c822607415853134a0e4383d2ab2_sysmonactivity.evtx,Classic,0,"{""EventData"":{""Data"":[{""@Name"":""RuleName"",""#text"":""InvDB-Ver""},{""@Name"":""EventType"",""#text"":""SetValue""},{""@Name"":""UtcTime"",""#text"":""2025-12-10 04:11:58.038""},{""@Name"":""ProcessGuid"",""#text"":""1111e010-edff-6938-2600-000000000400""},{""@Name"":""ProcessId"",""#text"":""1688""},{""@Name"":""Image"",""#text"":""C:\\Windows\\System32\\svchost.exe""},{""@Name"":""TargetObject"",""#text"":""\\REGISTRY\\A\\{6153746f-14e0-09fd-4a23-4401df607f6a}\\Root\\InventoryApplicationFile\\iexplore.exe|4bb0745287b452cb\\BinProductVersion""},{""@Name"":""Details"",""#text"":""11.0.19041.1566""},{""@Name"":""User"",""#text"":""NT AUTHORITY\\SYSTEM""}]}}"
43,43,2025-12-10 04:11:58.0849116,13,Info,Microsoft-Windows-Sysmon,Microsoft-Windows-Sysmon/Operational,4960,7188,DESKTOP-0S2K0MN,0,S-1-5-18,RegistryEvent (Value Set),NT AUTHORITY\SYSTEM,,"ProcessID: 1688, ProcessGUID: 1111e010-edff-6938-2600-000000000400",RuleName: InvDB-Path,Image: C:\Windows\System32\svchost.exe,EventType: SetValue,TargetObject: \REGISTRY\A\{6153746f-14e0-09fd-4a23-4401df607f6a}\Root\InventoryApplicationFile\iexplore.exe|2322840f7933cc81\LowerCaseLongPath,Details: c:\program files (x86)\internet explorer\iexplore.exe,,False,c:\temp\6475c822607415853134a0e4383d2ab2_sysmonactivity.evtx,Classic,0,"{""EventData"":{""Data"":[{""@Name"":""RuleName"",""#text"":""InvDB-Path""},{""@Name"":""EventType"",""#text"":""SetValue""},{""@Name"":""UtcTime"",""#text"":""2025-12-10 04:11:58.077""},{""@Name"":""ProcessGuid"",""#text"":""1111e010-edff-6938-2600-000000000400""},{""@Name"":""ProcessId"",""#text"":""1688""},{""@Name"":""Image"",""#text"":""C:\\Windows\\System32\\svchost.exe""},{""@Name"":""TargetObject"",""#text"":""\\REGISTRY\\A\\{6153746f-14e0-09fd-4a23-4401df607f6a}\\Root\\InventoryApplicationFile\\iexplore.exe|2322840f7933cc81\\LowerCaseLongPath""},{""@Name"":""Details"",""#text"":""c:\\program files (x86)\\internet explorer\\iexplore.exe""},{""@Name"":""User"",""#text"":""NT AUTHORITY\\SYSTEM""}]}}"
44,44,2025-12-10 04:11:58.0850765,13,Info,Microsoft-Windows-Sysmon,Microsoft-Windows-Sysmon/Operational,4960,7188,DESKTOP-0S2K0MN,0,S-1-5-18,RegistryEvent (Value Set),NT AUTHORITY\SYSTEM,,"ProcessID: 1688, ProcessGUID: 1111e010-edff-6938-2600-000000000400",RuleName: InvDB-Pub,Image: C:\Windows\System32\svchost.exe,EventType: SetValue,TargetObject: \REGISTRY\A\{6153746f-14e0-09fd-4a23-4401df607f6a}\Root\InventoryApplicationFile\iexplore.exe|2322840f7933cc81\Publisher,Details: microsoft corporation,,False,c:\temp\6475c822607415853134a0e4383d2ab2_sysmonactivity.evtx,Classic,0,"{""EventData"":{""Data"":[{""@Name"":""RuleName"",""#text"":""InvDB-Pub""},{""@Name"":""EventType"",""#text"":""SetValue""},{""@Name"":""UtcTime"",""#text"":""2025-12-10 04:11:58.077""},{""@Name"":""ProcessGuid"",""#text"":""1111e010-edff-6938-2600-000000000400""},{""@Name"":""ProcessId"",""#text"":""1688""},{""@Name"":""Image"",""#text"":""C:\\Windows\\System32\\svchost.exe""},{""@Name"":""TargetObject"",""#text"":""\\REGISTRY\\A\\{6153746f-14e0-09fd-4a23-4401df607f6a}\\Root\\InventoryApplicationFile\\iexplore.exe|2322840f7933cc81\\Publisher""},{""@Name"":""Details"",""#text"":""microsoft corporation""},{""@Name"":""User"",""#text"":""NT AUTHORITY\\SYSTEM""}]}}"
45,45,2025-12-10 04:11:58.0852928,13,Info,Microsoft-Windows-Sysmon,Microsoft-Windows-Sysmon/Operational,4960,7188,DESKTOP-0S2K0MN,0,S-1-5-18,RegistryEvent (Value Set),NT AUTHORITY\SYSTEM,,"ProcessID: 1688, ProcessGUID: 1111e010-edff-6938-2600-000000000400",RuleName: InvDB-CompileTimeClaim,Image: C:\Windows\System32\svchost.exe,EventType: SetValue,TargetObject: \REGISTRY\A\{6153746f-14e0-09fd-4a23-4401df607f6a}\Root\InventoryApplicationFile\iexplore.exe|2322840f7933cc81\LinkDate,Details: 12/26/1991 12:20:57,,False,c:\temp\6475c822607415853134a0e4383d2ab2_sysmonactivity.evtx,Classic,0,"{""EventData"":{""Data"":[{""@Name"":""RuleName"",""#text"":""InvDB-CompileTimeClaim""},{""@Name"":""EventType"",""#text"":""SetValue""},{""@Name"":""UtcTime"",""#text"":""2025-12-10 04:11:58.077""},{""@Name"":""ProcessGuid"",""#text"":""1111e010-edff-6938-2600-000000000400""},{""@Name"":""ProcessId"",""#text"":""1688""},{""@Name"":""Image"",""#text"":""C:\\Windows\\System32\\svchost.exe""},{""@Name"":""TargetObject"",""#text"":""\\REGISTRY\\A\\{6153746f-14e0-09fd-4a23-4401df607f6a}\\Root\\InventoryApplicationFile\\iexplore.exe|2322840f7933cc81\\LinkDate""},{""@Name"":""Details"",""#text"":""12/26/1991 12:20:57""},{""@Name"":""User"",""#text"":""NT AUTHORITY\\SYSTEM""}]}}"
46,46,2025-12-10 04:11:58.0853273,13,Info,Microsoft-Windows-Sysmon,Microsoft-Windows-Sysmon/Operational,4960,7188,DESKTOP-0S2K0MN,0,S-1-5-18,RegistryEvent (Value Set),NT AUTHORITY\SYSTEM,,"ProcessID: 1688, ProcessGUID: 1111e010-edff-6938-2600-000000000400",RuleName: InvDB-Ver,Image: C:\Windows\System32\svchost.exe,EventType: SetValue,TargetObject: \REGISTRY\A\{6153746f-14e0-09fd-4a23-4401df607f6a}\Root\InventoryApplicationFile\iexplore.exe|2322840f7933cc81\BinProductVersion,Details: 11.0.19041.1566,,False,c:\temp\6475c822607415853134a0e4383d2ab2_sysmonactivity.evtx,Classic,0,"{""EventData"":{""Data"":[{""@Name"":""RuleName"",""#text"":""InvDB-Ver""},{""@Name"":""EventType"",""#text"":""SetValue""},{""@Name"":""UtcTime"",""#text"":""2025-12-10 04:11:58.077""},{""@Name"":""ProcessGuid"",""#text"":""1111e010-edff-6938-2600-000000000400""},{""@Name"":""ProcessId"",""#text"":""1688""},{""@Name"":""Image"",""#text"":""C:\\Windows\\System32\\svchost.exe""},{""@Name"":""TargetObject"",""#text"":""\\REGISTRY\\A\\{6153746f-14e0-09fd-4a23-4401df607f6a}\\Root\\InventoryApplicationFile\\iexplore.exe|2322840f7933cc81\\BinProductVersion""},{""@Name"":""Details"",""#text"":""11.0.19041.1566""},{""@Name"":""User"",""#text"":""NT AUTHORITY\\SYSTEM""}]}}"
47,47,2025-12-10 04:11:58.0880082,13,Info,Microsoft-Windows-Sysmon,Microsoft-Windows-Sysmon/Operational,4960,7188,DESKTOP-0S2K0MN,0,S-1-5-18,RegistryEvent (Value Set),NT AUTHORITY\SYSTEM,,"ProcessID: 1688, ProcessGUID: 1111e010-edff-6938-2600-000000000400",RuleName: InvDB-Path,Image: C:\Windows\System32\svchost.exe,EventType: SetValue,TargetObject: \REGISTRY\A\{6153746f-14e0-09fd-4a23-4401df607f6a}\Root\InventoryApplicationFile\conhost.exe|a73bcd1ef9353f3e\LowerCaseLongPath,Details: c:\windows\system32\conhost.exe,,False,c:\temp\6475c822607415853134a0e4383d2ab2_sysmonactivity.evtx,Classic,0,"{""EventData"":{""Data"":[{""@Name"":""RuleName"",""#text"":""InvDB-Path""},{""@Name"":""EventType"",""#text"":""SetValue""},{""@Name"":""UtcTime"",""#text"":""2025-12-10 04:11:58.085""},{""@Name"":""ProcessGuid"",""#text"":""1111e010-edff-6938-2600-000000000400""},{""@Name"":""ProcessId"",""#text"":""1688""},{""@Name"":""Image"",""#text"":""C:\\Windows\\System32\\svchost.exe""},{""@Name"":""TargetObject"",""#text"":""\\REGISTRY\\A\\{6153746f-14e0-09fd-4a23-4401df607f6a}\\Root\\InventoryApplicationFile\\conhost.exe|a73bcd1ef9353f3e\\LowerCaseLongPath""},{""@Name"":""Details"",""#text"":""c:\\windows\\system32\\conhost.exe""},{""@Name"":""User"",""#text"":""NT AUTHORITY\\SYSTEM""}]}}"
48,48,2025-12-10 04:11:58.0881713,13,Info,Microsoft-Windows-Sysmon,Microsoft-Windows-Sysmon/Operational,4960,7188,DESKTOP-0S2K0MN,0,S-1-5-18,RegistryEvent (Value Set),NT AUTHORITY\SYSTEM,,"ProcessID: 1688, ProcessGUID: 1111e010-edff-6938-2600-000000000400",RuleName: InvDB-Pub,Image: C:\Windows\System32\svchost.exe,EventType: SetValue,TargetObject: \REGISTRY\A\{6153746f-14e0-09fd-4a23-4401df607f6a}\Root\InventoryApplicationFile\conhost.exe|a73bcd1ef9353f3e\Publisher,Details: microsoft corporation,,False,c:\temp\6475c822607415853134a0e4383d2ab2_sysmonactivity.evtx,Classic,0,"{""EventData"":{""Data"":[{""@Name"":""RuleName"",""#text"":""InvDB-Pub""},{""@Name"":""EventType"",""#text"":""SetValue""},{""@Name"":""UtcTime"",""#text"":""2025-12-10 04:11:58.085""},{""@Name"":""ProcessGuid"",""#text"":""1111e010-edff-6938-2600-000000000400""},{""@Name"":""ProcessId"",""#text"":""1688""},{""@Name"":""Image"",""#text"":""C:\\Windows\\System32\\svchost.exe""},{""@Name"":""TargetObject"",""#text"":""\\REGISTRY\\A\\{6153746f-14e0-09fd-4a23-4401df607f6a}\\Root\\InventoryApplicationFile\\conhost.exe|a73bcd1ef9353f3e\\Publisher""},{""@Name"":""Details"",""#text"":""microsoft corporation""},{""@Name"":""User"",""#text"":""NT AUTHORITY\\SYSTEM""}]}}"
49,49,2025-12-10 04:11:58.0883718,13,Info,Microsoft-Windows-Sysmon,Microsoft-Windows-Sysmon/Operational,4960,7188,DESKTOP-0S2K0MN,0,S-1-5-18,RegistryEvent (Value Set),NT AUTHORITY\SYSTEM,,"ProcessID: 1688, ProcessGUID: 1111e010-edff-6938-2600-000000000400",RuleName: InvDB-CompileTimeClaim,Image: C:\Windows\System32\svchost.exe,EventType: SetValue,TargetObject: \REGISTRY\A\{6153746f-14e0-09fd-4a23-4401df607f6a}\Root\InventoryApplicationFile\conhost.exe|a73bcd1ef9353f3e\LinkDate,Details: 12/15/1995 02:31:54,,False,c:\temp\6475c822607415853134a0e4383d2ab2_sysmonactivity.evtx,Classic,0,"{""EventData"":{""Data"":[{""@Name"":""RuleName"",""#text"":""InvDB-CompileTimeClaim""},{""@Name"":""EventType"",""#text"":""SetValue""},{""@Name"":""UtcTime"",""#text"":""2025-12-10 04:11:58.085""},{""@Name"":""ProcessGuid"",""#text"":""1111e010-edff-6938-2600-000000000400""},{""@Name"":""ProcessId"",""#text"":""1688""},{""@Name"":""Image"",""#text"":""C:\\Windows\\System32\\svchost.exe""},{""@Name"":""TargetObject"",""#text"":""\\REGISTRY\\A\\{6153746f-14e0-09fd-4a23-4401df607f6a}\\Root\\InventoryApplicationFile\\conhost.exe|a73bcd1ef9353f3e\\LinkDate""},{""@Name"":""Details"",""#text"":""12/15/1995 02:31:54""},{""@Name"":""User"",""#text"":""NT AUTHORITY\\SYSTEM""}]}}"
50,50,2025-12-10 04:11:58.0884068,13,Info,Microsoft-Windows-Sysmon,Microsoft-Windows-Sysmon/Operational,4960,7188,DESKTOP-0S2K0MN,0,S-1-5-18,RegistryEvent (Value Set),NT AUTHORITY\SYSTEM,,"ProcessID: 1688, ProcessGUID: 1111e010-edff-6938-2600-000000000400",RuleName: InvDB-Ver,Image: C:\Windows\System32\svchost.exe,EventType: SetValue,TargetObject: \REGISTRY\A\{6153746f-14e0-09fd-4a23-4401df607f6a}\Root\InventoryApplicationFile\conhost.exe|a73bcd1ef9353f3e\BinProductVersion,Details: 10.0.19041.2546,,False,c:\temp\6475c822607415853134a0e4383d2ab2_sysmonactivity.evtx,Classic,0,"{""EventData"":{""Data"":[{""@Name"":""RuleName"",""#text"":""InvDB-Ver""},{""@Name"":""EventType"",""#text"":""SetValue""},{""@Name"":""UtcTime"",""#text"":""2025-12-10 04:11:58.085""},{""@Name"":""ProcessGuid"",""#text"":""1111e010-edff-6938-2600-000000000400""},{""@Name"":""ProcessId"",""#text"":""1688""},{""@Name"":""Image"",""#text"":""C:\\Windows\\System32\\svchost.exe""},{""@Name"":""TargetObject"",""#text"":""\\REGISTRY\\A\\{6153746f-14e0-09fd-4a23-4401df607f6a}\\Root\\InventoryApplicationFile\\conhost.exe|a73bcd1ef9353f3e\\BinProductVersion""},{""@Name"":""Details"",""#text"":""10.0.19041.2546""},{""@Name"":""User"",""#text"":""NT AUTHORITY\\SYSTEM""}]}}"
51,51,2025-12-10 04:11:58.0940085,13,Info,Microsoft-Windows-Sysmon,Microsoft-Windows-Sysmon/Operational,4960,7188,DESKTOP-0S2K0MN,0,S-1-5-18,RegistryEvent (Value Set),NT AUTHORITY\SYSTEM,,"ProcessID: 1688, ProcessGUID: 1111e010-edff-6938-2600-000000000400",RuleName: InvDB-Path,Image: C:\Windows\System32\svchost.exe,EventType: SetValue,TargetObject: \REGISTRY\A\{6153746f-14e0-09fd-4a23-4401df607f6a}\Root\InventoryApplicationFile\mmc.exe|8471611706ce450b\LowerCaseLongPath,Details: c:\windows\system32\mmc.exe,,False,c:\temp\6475c822607415853134a0e4383d2ab2_sysmonactivity.evtx,Classic,0,"{""EventData"":{""Data"":[{""@Name"":""RuleName"",""#text"":""InvDB-Path""},{""@Name"":""EventType"",""#text"":""SetValue""},{""@Name"":""UtcTime"",""#text"":""2025-12-10 04:11:58.093""},{""@Name"":""ProcessGuid"",""#text"":""1111e010-edff-6938-2600-000000000400""},{""@Name"":""ProcessId"",""#text"":""1688""},{""@Name"":""Image"",""#text"":""C:\\Windows\\System32\\svchost.exe""},{""@Name"":""TargetObject"",""#text"":""\\REGISTRY\\A\\{6153746f-14e0-09fd-4a23-4401df607f6a}\\Root\\InventoryApplicationFile\\mmc.exe|8471611706ce450b\\LowerCaseLongPath""},{""@Name"":""Details"",""#text"":""c:\\windows\\system32\\mmc.exe""},{""@Name"":""User"",""#text"":""NT AUTHORITY\\SYSTEM""}]}}"
52,52,2025-12-10 04:11:58.0941614,13,Info,Microsoft-Windows-Sysmon,Microsoft-Windows-Sysmon/Operational,4960,7188,DESKTOP-0S2K0MN,0,S-1-5-18,RegistryEvent (Value Set),NT AUTHORITY\SYSTEM,,"ProcessID: 1688, ProcessGUID: 1111e010-edff-6938-2600-000000000400",RuleName: InvDB-Pub,Image: C:\Windows\System32\svchost.exe,EventType: SetValue,TargetObject: \REGISTRY\A\{6153746f-14e0-09fd-4a23-4401df607f6a}\Root\InventoryApplicationFile\mmc.exe|8471611706ce450b\Publisher,Details: microsoft corporation,,False,c:\temp\6475c822607415853134a0e4383d2ab2_sysmonactivity.evtx,Classic,0,"{""EventData"":{""Data"":[{""@Name"":""RuleName"",""#text"":""InvDB-Pub""},{""@Name"":""EventType"",""#text"":""SetValue""},{""@Name"":""UtcTime"",""#text"":""2025-12-10 04:11:58.093""},{""@Name"":""ProcessGuid"",""#text"":""1111e010-edff-6938-2600-000000000400""},{""@Name"":""ProcessId"",""#text"":""1688""},{""@Name"":""Image"",""#text"":""C:\\Windows\\System32\\svchost.exe""},{""@Name"":""TargetObject"",""#text"":""\\REGISTRY\\A\\{6153746f-14e0-09fd-4a23-4401df607f6a}\\Root\\InventoryApplicationFile\\mmc.exe|8471611706ce450b\\Publisher""},{""@Name"":""Details"",""#text"":""microsoft corporation""},{""@Name"":""User"",""#text"":""NT AUTHORITY\\SYSTEM""}]}}"
53,53,2025-12-10 04:11:58.0943559,13,Info,Microsoft-Windows-Sysmon,Microsoft-Windows-Sysmon/Operational,4960,7188,DESKTOP-0S2K0MN,0,S-1-5-18,RegistryEvent (Value Set),NT AUTHORITY\SYSTEM,,"ProcessID: 1688, ProcessGUID: 1111e010-edff-6938-2600-000000000400",RuleName: InvDB-CompileTimeClaim,Image: C:\Windows\System32\svchost.exe,EventType: SetValue,TargetObject: \REGISTRY\A\{6153746f-14e0-09fd-4a23-4401df607f6a}\Root\InventoryApplicationFile\mmc.exe|8471611706ce450b\LinkDate,Details: 07/30/2021 05:07:27,,False,c:\temp\6475c822607415853134a0e4383d2ab2_sysmonactivity.evtx,Classic,0,"{""EventData"":{""Data"":[{""@Name"":""RuleName"",""#text"":""InvDB-CompileTimeClaim""},{""@Name"":""EventType"",""#text"":""SetValue""},{""@Name"":""UtcTime"",""#text"":""2025-12-10 04:11:58.093""},{""@Name"":""ProcessGuid"",""#text"":""1111e010-edff-6938-2600-000000000400""},{""@Name"":""ProcessId"",""#text"":""1688""},{""@Name"":""Image"",""#text"":""C:\\Windows\\System32\\svchost.exe""},{""@Name"":""TargetObject"",""#text"":""\\REGISTRY\\A\\{6153746f-14e0-09fd-4a23-4401df607f6a}\\Root\\InventoryApplicationFile\\mmc.exe|8471611706ce450b\\LinkDate""},{""@Name"":""Details"",""#text"":""07/30/2021 05:07:27""},{""@Name"":""User"",""#text"":""NT AUTHORITY\\SYSTEM""}]}}"
54,54,2025-12-10 04:11:58.0943906,13,Info,Microsoft-Windows-Sysmon,Microsoft-Windows-Sysmon/Operational,4960,7188,DESKTOP-0S2K0MN,1,S-1-5-18,RegistryEvent (Value Set),NT AUTHORITY\SYSTEM,,"ProcessID: 1688, ProcessGUID: 1111e010-edff-6938-2600-000000000400",RuleName: InvDB-Ver,Image: C:\Windows\System32\svchost.exe,EventType: SetValue,TargetObject: \REGISTRY\A\{6153746f-14e0-09fd-4a23-4401df607f6a}\Root\InventoryApplicationFile\mmc.exe|8471611706ce450b\BinProductVersion,Details: 10.0.19041.2913,,False,c:\temp\6475c822607415853134a0e4383d2ab2_sysmonactivity.evtx,Classic,0,"{""EventData"":{""Data"":[{""@Name"":""RuleName"",""#text"":""InvDB-Ver""},{""@Name"":""EventType"",""#text"":""SetValue""},{""@Name"":""UtcTime"",""#text"":""2025-12-10 04:11:58.093""},{""@Name"":""ProcessGuid"",""#text"":""1111e010-edff-6938-2600-000000000400""},{""@Name"":""ProcessId"",""#text"":""1688""},{""@Name"":""Image"",""#text"":""C:\\Windows\\System32\\svchost.exe""},{""@Name"":""TargetObject"",""#text"":""\\REGISTRY\\A\\{6153746f-14e0-09fd-4a23-4401df607f6a}\\Root\\InventoryApplicationFile\\mmc.exe|8471611706ce450b\\BinProductVersion""},{""@Name"":""Details"",""#text"":""10.0.19041.2913""},{""@Name"":""User"",""#text"":""NT AUTHORITY\\SYSTEM""}]}}"
55,55,2025-12-10 04:12:57.3890064,1,Info,Microsoft-Windows-Sysmon,Microsoft-Windows-Sysmon/Operational,4960,7188,DESKTOP-0S2K0MN,1,S-1-5-18,Process creation,DESKTOP-0S2K0MN\abish,,"ProcessID: 7848, ProcessGUID: 1111e010-f349-6938-6c01-000000000400",RuleName: -,"MD5=9BAD04696E81E4420A99660C8D1388A1,SHA256=A9024C4C0ED03730085FB529828A917F701E3DCA30D3286AE0D41E9FFF33F445,IMPHASH=43770938065E918EAD8F8E36EA492A75",ParentProcess: C:\Windows\System32\svchost.exe,"ParentProcessID: 508, ParentProcessGUID: 1111e010-edfe-6938-1300-000000000400",ParentCommandLine: C:\Windows\system32\svchost.exe -k netsvcs -p,"""C:\Windows\System32\LocationNotificationWindows.exe""",False,c:\temp\6475c822607415853134a0e4383d2ab2_sysmonactivity.evtx,Classic,0,"{""EventData"":{""Data"":[{""@Name"":""RuleName"",""#text"":""-""},{""@Name"":""UtcTime"",""#text"":""2025-12-10 04:12:57.386""},{""@Name"":""ProcessGuid"",""#text"":""1111e010-f349-6938-6c01-000000000400""},{""@Name"":""ProcessId"",""#text"":""7848""},{""@Name"":""Image"",""#text"":""C:\\Windows\\System32\\LocationNotificationWindows.exe""},{""@Name"":""FileVersion"",""#text"":""10.0.19041.1 (WinBuild.160101.0800)""},{""@Name"":""Description"",""#text"":""Location Notification""},{""@Name"":""Product"",""#text"":""Microsoft® Windows® Operating System""},{""@Name"":""Company"",""#text"":""Microsoft Corporation""},{""@Name"":""OriginalFileName"",""#text"":""LocationNotificationWindows.exe""},{""@Name"":""CommandLine"",""#text"":""\""C:\\Windows\\System32\\LocationNotificationWindows.exe\""""},{""@Name"":""CurrentDirectory"",""#text"":""C:\\Windows\\system32\\""},{""@Name"":""User"",""#text"":""DESKTOP-0S2K0MN\\abish""},{""@Name"":""LogonGuid"",""#text"":""1111e010-eeb6-6938-7e94-070000000000""},{""@Name"":""LogonId"",""#text"":""0x7947E""},{""@Name"":""TerminalSessionId"",""#text"":""1""},{""@Name"":""IntegrityLevel"",""#text"":""Medium""},{""@Name"":""Hashes"",""#text"":""MD5=9BAD04696E81E4420A99660C8D1388A1,SHA256=A9024C4C0ED03730085FB529828A917F701E3DCA30D3286AE0D41E9FFF33F445,IMPHASH=43770938065E918EAD8F8E36EA492A75""},{""@Name"":""ParentProcessGuid"",""#text"":""1111e010-edfe-6938-1300-000000000400""},{""@Name"":""ParentProcessId"",""#text"":""508""},{""@Name"":""ParentImage"",""#text"":""C:\\Windows\\System32\\svchost.exe""},{""@Name"":""ParentCommandLine"",""#text"":""C:\\Windows\\system32\\svchost.exe -k netsvcs -p""},{""@Name"":""ParentUser"",""#text"":""NT AUTHORITY\\SYSTEM""}]}}"
56,56,2025-12-10 04:14:00.8624595,1,Info,Microsoft-Windows-Sysmon,Microsoft-Windows-Sysmon/Operational,4960,7188,DESKTOP-0S2K0MN,1,S-1-5-18,Process creation,DESKTOP-0S2K0MN\abish,,"ProcessID: 7488, ProcessGUID: 1111e010-f388-6938-6d01-000000000400",RuleName: -,"MD5=27F71B12CB585541885A31BE22F61C83,SHA256=F9D9B9DED9A67AA3CFDBD5002F3B524B265C4086C188E1BE7C936AB25627BF01,IMPHASH=320FAF01086570930EFF84A436797927",ParentProcess: C:\Windows\System32\cmd.exe,"ParentProcessID: 4328, ParentProcessGUID: 1111e010-f009-6938-e500-000000000400","ParentCommandLine: ""C:\Windows\system32\cmd.exe"" ",notepad,False,c:\temp\6475c822607415853134a0e4383d2ab2_sysmonactivity.evtx,Classic,0,"{""EventData"":{""Data"":[{""@Name"":""RuleName"",""#text"":""-""},{""@Name"":""UtcTime"",""#text"":""2025-12-10 04:14:00.859""},{""@Name"":""ProcessGuid"",""#text"":""1111e010-f388-6938-6d01-000000000400""},{""@Name"":""ProcessId"",""#text"":""7488""},{""@Name"":""Image"",""#text"":""C:\\Windows\\System32\\notepad.exe""},{""@Name"":""FileVersion"",""#text"":""10.0.19041.1865 (WinBuild.160101.0800)""},{""@Name"":""Description"",""#text"":""Notepad""},{""@Name"":""Product"",""#text"":""Microsoft® Windows® Operating System""},{""@Name"":""Company"",""#text"":""Microsoft Corporation""},{""@Name"":""OriginalFileName"",""#text"":""NOTEPAD.EXE""},{""@Name"":""CommandLine"",""#text"":""notepad""},{""@Name"":""CurrentDirectory"",""#text"":""C:\\Users\\abish\\Downloads\\Sysmon\\""},{""@Name"":""User"",""#text"":""DESKTOP-0S2K0MN\\abish""},{""@Name"":""LogonGuid"",""#text"":""1111e010-eeb6-6938-4994-070000000000""},{""@Name"":""LogonId"",""#text"":""0x79449""},{""@Name"":""TerminalSessionId"",""#text"":""1""},{""@Name"":""IntegrityLevel"",""#text"":""High""},{""@Name"":""Hashes"",""#text"":""MD5=27F71B12CB585541885A31BE22F61C83,SHA256=F9D9B9DED9A67AA3CFDBD5002F3B524B265C4086C188E1BE7C936AB25627BF01,IMPHASH=320FAF01086570930EFF84A436797927""},{""@Name"":""ParentProcessGuid"",""#text"":""1111e010-f009-6938-e500-000000000400""},{""@Name"":""ParentProcessId"",""#text"":""4328""},{""@Name"":""ParentImage"",""#text"":""C:\\Windows\\System32\\cmd.exe""},{""@Name"":""ParentCommandLine"",""#text"":""\""C:\\Windows\\system32\\cmd.exe\"" ""},{""@Name"":""ParentUser"",""#text"":""DESKTOP-0S2K0MN\\abish""}]}}"
57,57,2025-12-10 04:14:51.8489939,1,Info,Microsoft-Windows-Sysmon,Microsoft-Windows-Sysmon/Operational,4960,7188,DESKTOP-0S2K0MN,1,S-1-5-18,Process creation,DESKTOP-0S2K0MN\abish,,"ProcessID: 4068, ProcessGUID: 1111e010-f3bb-6938-6e01-000000000400",RuleName: -,"MD5=5DA8C98136D98DFEC4716EDD79C7145F,SHA256=58189CBD4E6DC0C7D8E66B6A6F75652FC9F4AFC7CE0EBA7D67D8C3FEB0D5381F,IMPHASH=8EEAA9499666119D13B3F44ECD77A729",ParentProcess: C:\Windows\System32\cmd.exe,"ParentProcessID: 4328, ParentProcessGUID: 1111e010-f009-6938-e500-000000000400","ParentCommandLine: ""C:\Windows\system32\cmd.exe"" ",calc,False,c:\temp\6475c822607415853134a0e4383d2ab2_sysmonactivity.evtx,Classic,0,"{""EventData"":{""Data"":[{""@Name"":""RuleName"",""#text"":""-""},{""@Name"":""UtcTime"",""#text"":""2025-12-10 04:14:51.844""},{""@Name"":""ProcessGuid"",""#text"":""1111e010-f3bb-6938-6e01-000000000400""},{""@Name"":""ProcessId"",""#text"":""4068""},{""@Name"":""Image"",""#text"":""C:\\Windows\\System32\\calc.exe""},{""@Name"":""FileVersion"",""#text"":""10.0.19041.1 (WinBuild.160101.0800)""},{""@Name"":""Description"",""#text"":""Windows Calculator""},{""@Name"":""Product"",""#text"":""Microsoft® Windows® Operating System""},{""@Name"":""Company"",""#text"":""Microsoft Corporation""},{""@Name"":""OriginalFileName"",""#text"":""CALC.EXE""},{""@Name"":""CommandLine"",""#text"":""calc""},{""@Name"":""CurrentDirectory"",""#text"":""C:\\Users\\abish\\Downloads\\Sysmon\\""},{""@Name"":""User"",""#text"":""DESKTOP-0S2K0MN\\abish""},{""@Name"":""LogonGuid"",""#text"":""1111e010-eeb6-6938-4994-070000000000""},{""@Name"":""LogonId"",""#text"":""0x79449""},{""@Name"":""TerminalSessionId"",""#text"":""1""},{""@Name"":""IntegrityLevel"",""#text"":""High""},{""@Name"":""Hashes"",""#text"":""MD5=5DA8C98136D98DFEC4716EDD79C7145F,SHA256=58189CBD4E6DC0C7D8E66B6A6F75652FC9F4AFC7CE0EBA7D67D8C3FEB0D5381F,IMPHASH=8EEAA9499666119D13B3F44ECD77A729""},{""@Name"":""ParentProcessGuid"",""#text"":""1111e010-f009-6938-e500-000000000400""},{""@Name"":""ParentProcessId"",""#text"":""4328""},{""@Name"":""ParentImage"",""#text"":""C:\\Windows\\System32\\cmd.exe""},{""@Name"":""ParentCommandLine"",""#text"":""\""C:\\Windows\\system32\\cmd.exe\"" ""},{""@Name"":""ParentUser"",""#text"":""DESKTOP-0S2K0MN\\abish""}]}}"
