RecordNumber,EventRecordId,TimeCreated,EventId,Level,Provider,Channel,ProcessId,ThreadId,Computer,ChunkNumber,UserId,MapDescription,UserName,RemoteHost,PayloadData1,PayloadData2,PayloadData3,PayloadData4,PayloadData5,PayloadData6,ExecutableInfo,HiddenRecord,SourceFile,Keywords,ExtraDataOffset,Payload
1,1,2025-12-10 04:03:00.9492687,16,Info,Microsoft-Windows-Sysmon,Microsoft-Windows-Sysmon/Operational,1424,5700,DESKTOP-0S2K0MN,0,S-1-5-21-3017231399-1690936289-2787975457-1001,ServiceConfigurationChange,,,ConfigurationFileHash: SHA256=055FEBC600E6D7448CDF3812307275912927A62B1F94D0D933B64B294BC87162,,,,,,C:\Users\abish\Downloads\Sysmon\sysmonconfig.xml,False,c:\temp\6475c822607415853134a0e4383d2ab2_sysmonactivity.evtx,Classic,0,"{""EventData"":{""Data"":[{""@Name"":""UtcTime"",""#text"":""2025-12-10 04:03:00.948""},{""@Name"":""Configuration"",""#text"":""C:\\Users\\abish\\Downloads\\Sysmon\\sysmonconfig.xml""},{""@Name"":""ConfigurationFileHash"",""#text"":""SHA256=055FEBC600E6D7448CDF3812307275912927A62B1F94D0D933B64B294BC87162""}]}}"
2,2,2025-12-10 04:03:01.2259358,4,Info,Microsoft-Windows-Sysmon,Microsoft-Windows-Sysmon/Operational,4960,7188,DESKTOP-0S2K0MN,0,S-1-5-18,Sysmon service state changed,,,Sysmon Version 15.15,Status: Started,Timestamp: 2025-12-10 04:03:01.222,,,,,False,c:\temp\6475c822607415853134a0e4383d2ab2_sysmonactivity.evtx,Classic,0,"{""EventData"":{""Data"":[{""@Name"":""UtcTime"",""#text"":""2025-12-10 04:03:01.222""},{""@Name"":""State"",""#text"":""Started""},{""@Name"":""Version"",""#text"":""15.15""},{""@Name"":""SchemaVersion"",""#text"":""4.90""}]}}"
3,3,2025-12-10 04:03:01.2285046,1,Info,Microsoft-Windows-Sysmon,Microsoft-Windows-Sysmon/Operational,4960,7188,DESKTOP-0S2K0MN,0,S-1-5-18,Process creation,NT AUTHORITY\SYSTEM,,"ProcessID: 4960, ProcessGUID: 1111e010-f0f5-6938-5001-000000000400",RuleName: -,"MD5=7663C565BF28115506CB7EBD1DA389E0,SHA256=D9C8FDFDCE510FD9922DA3A1084B6AC4476C1407D1D8BBB67FC0A61988552771,IMPHASH=A039666F8D08DD16E0909469DA998438",ParentProcess: C:\Windows\System32\services.exe,"ParentProcessID: 656, ParentProcessGUID: 1111e010-edfe-6938-0b00-000000000400",ParentCommandLine: C:\Windows\system32\services.exe,C:\Windows\Sysmon64.exe,False,c:\temp\6475c822607415853134a0e4383d2ab2_sysmonactivity.evtx,Classic,0,"{""EventData"":{""Data"":[{""@Name"":""RuleName"",""#text"":""-""},{""@Name"":""UtcTime"",""#text"":""2025-12-10 04:03:01.010""},{""@Name"":""ProcessGuid"",""#text"":""1111e010-f0f5-6938-5001-000000000400""},{""@Name"":""ProcessId"",""#text"":""4960""},{""@Name"":""Image"",""#text"":""C:\\Windows\\Sysmon64.exe""},{""@Name"":""FileVersion"",""#text"":""15.15""},{""@Name"":""Description"",""#text"":""System activity monitor""},{""@Name"":""Product"",""#text"":""Sysinternals Sysmon""},{""@Name"":""Company"",""#text"":""Sysinternals - www.sysinternals.com""},{""@Name"":""OriginalFileName"",""#text"":""-""},{""@Name"":""CommandLine"",""#text"":""C:\\Windows\\Sysmon64.exe""},{""@Name"":""CurrentDirectory"",""#text"":""C:\\Windows\\system32\\""},{""@Name"":""User"",""#text"":""NT AUTHORITY\\SYSTEM""},{""@Name"":""LogonGuid"",""#text"":""1111e010-edfe-6938-e703-000000000000""},{""@Name"":""LogonId"",""#text"":""0x3E7""},{""@Name"":""TerminalSessionId"",""#text"":""0""},{""@Name"":""IntegrityLevel"",""#text"":""System""},{""@Name"":""Hashes"",""#text"":""MD5=7663C565BF28115506CB7EBD1DA389E0,SHA256=D9C8FDFDCE510FD9922DA3A1084B6AC4476C1407D1D8BBB67FC0A61988552771,IMPHASH=A039666F8D08DD16E0909469DA998438""},{""@Name"":""ParentProcessGuid"",""#text"":""1111e010-edfe-6938-0b00-000000000400""},{""@Name"":""ParentProcessId"",""#text"":""656""},{""@Name"":""ParentImage"",""#text"":""C:\\Windows\\System32\\services.exe""},{""@Name"":""ParentCommandLine"",""#text"":""C:\\Windows\\system32\\services.exe""},{""@Name"":""ParentUser"",""#text"":""NT AUTHORITY\\SYSTEM""}]}}"
4,4,2025-12-10 04:03:01.2287985,1,Info,Microsoft-Windows-Sysmon,Microsoft-Windows-Sysmon/Operational,4960,7188,DESKTOP-0S2K0MN,0,S-1-5-18,Process creation,NT AUTHORITY\SYSTEM,,"ProcessID: 7160, ProcessGUID: 1111e010-f0f5-6938-5101-000000000400",RuleName: -,"MD5=9B782B1E1D7A2C28302755F963EAC907,SHA256=FABB8CC6DE82A79F1EED0976E5CE741FF3B9D5B1B40D90146052F4393CCA80A3,IMPHASH=87E54E3D04D772F26002D8B564B2426C",ParentProcess: C:\Windows\System32\svchost.exe,"ParentProcessID: 788, ParentProcessGUID: 1111e010-edfe-6938-0d00-000000000400",ParentCommandLine: C:\Windows\system32\svchost.exe -k DcomLaunch -p,C:\Windows\system32\wbem\unsecapp.exe -Embedding,False,c:\temp\6475c822607415853134a0e4383d2ab2_sysmonactivity.evtx,Classic,0,"{""EventData"":{""Data"":[{""@Name"":""RuleName"",""#text"":""-""},{""@Name"":""UtcTime"",""#text"":""2025-12-10 04:03:01.166""},{""@Name"":""ProcessGuid"",""#text"":""1111e010-f0f5-6938-5101-000000000400""},{""@Name"":""ProcessId"",""#text"":""7160""},{""@Name"":""Image"",""#text"":""C:\\Windows\\System32\\wbem\\unsecapp.exe""},{""@Name"":""FileVersion"",""#text"":""10.0.19041.1320 (WinBuild.160101.0800)""},{""@Name"":""Description"",""#text"":""Sink to receive asynchronous callbacks for WMI client application""},{""@Name"":""Product"",""#text"":""Microsoft® Windows® Operating System""},{""@Name"":""Company"",""#text"":""Microsoft Corporation""},{""@Name"":""OriginalFileName"",""#text"":""unsecapp.dll""},{""@Name"":""CommandLine"",""#text"":""C:\\Windows\\system32\\wbem\\unsecapp.exe -Embedding""},{""@Name"":""CurrentDirectory"",""#text"":""C:\\Windows\\system32\\""},{""@Name"":""User"",""#text"":""NT AUTHORITY\\SYSTEM""},{""@Name"":""LogonGuid"",""#text"":""1111e010-edfe-6938-e703-000000000000""},{""@Name"":""LogonId"",""#text"":""0x3E7""},{""@Name"":""TerminalSessionId"",""#text"":""0""},{""@Name"":""IntegrityLevel"",""#text"":""System""},{""@Name"":""Hashes"",""#text"":""MD5=9B782B1E1D7A2C28302755F963EAC907,SHA256=FABB8CC6DE82A79F1EED0976E5CE741FF3B9D5B1B40D90146052F4393CCA80A3,IMPHASH=87E54E3D04D772F26002D8B564B2426C""},{""@Name"":""ParentProcessGuid"",""#text"":""1111e010-edfe-6938-0d00-000000000400""},{""@Name"":""ParentProcessId"",""#text"":""788""},{""@Name"":""ParentImage"",""#text"":""C:\\Windows\\System32\\svchost.exe""},{""@Name"":""ParentCommandLine"",""#text"":""C:\\Windows\\system32\\svchost.exe -k DcomLaunch -p""},{""@Name"":""ParentUser"",""#text"":""NT AUTHORITY\\SYSTEM""}]}}"
5,5,2025-12-10 04:03:02.0840724,5,Info,Microsoft-Windows-Sysmon,Microsoft-Windows-Sysmon/Operational,4960,7188,DESKTOP-0S2K0MN,0,S-1-5-18,Process terminated,DESKTOP-0S2K0MN\abish,,"ProcessID: 1424, ProcessGUID: 1111e010-f0f4-6938-4a01-000000000400",,,,,,C:\Users\abish\Downloads\Sysmon\Sysmon64.exe,False,c:\temp\6475c822607415853134a0e4383d2ab2_sysmonactivity.evtx,Classic,0,"{""EventData"":{""Data"":[{""@Name"":""RuleName"",""#text"":""-""},{""@Name"":""UtcTime"",""#text"":""2025-12-10 04:03:02.081""},{""@Name"":""ProcessGuid"",""#text"":""1111e010-f0f4-6938-4a01-000000000400""},{""@Name"":""ProcessId"",""#text"":""1424""},{""@Name"":""Image"",""#text"":""C:\\Users\\abish\\Downloads\\Sysmon\\Sysmon64.exe""},{""@Name"":""User"",""#text"":""DESKTOP-0S2K0MN\\abish""}]}}"
6,6,2025-12-10 04:03:28.8019278,1,Info,Microsoft-Windows-Sysmon,Microsoft-Windows-Sysmon/Operational,4960,7188,DESKTOP-0S2K0MN,0,S-1-5-18,Process creation,DESKTOP-0S2K0MN\abish,,"ProcessID: 2800, ProcessGUID: 1111e010-f110-6938-5201-000000000400",RuleName: -,"MD5=3FB5CF71F7E7EB49790CB0E663434D80,SHA256=41F067C3A11B02FE39947F9EBA68AE5C7CB5BD1872A6009A4CD1506554A9ABA9,IMPHASH=803254E010814E69947095A2725B2AFD",ParentProcess: C:\Windows\System32\cmd.exe,"ParentProcessID: 4328, ParentProcessGUID: 1111e010-f009-6938-e500-000000000400","ParentCommandLine: ""C:\Windows\system32\cmd.exe"" ",sc  query sysmon,False,c:\temp\6475c822607415853134a0e4383d2ab2_sysmonactivity.evtx,Classic,0,"{""EventData"":{""Data"":[{""@Name"":""RuleName"",""#text"":""-""},{""@Name"":""UtcTime"",""#text"":""2025-12-10 04:03:28.798""},{""@Name"":""ProcessGuid"",""#text"":""1111e010-f110-6938-5201-000000000400""},{""@Name"":""ProcessId"",""#text"":""2800""},{""@Name"":""Image"",""#text"":""C:\\Windows\\System32\\sc.exe""},{""@Name"":""FileVersion"",""#text"":""10.0.19041.1 (WinBuild.160101.0800)""},{""@Name"":""Description"",""#text"":""Service Control Manager Configuration Tool""},{""@Name"":""Product"",""#text"":""Microsoft® Windows® Operating System""},{""@Name"":""Company"",""#text"":""Microsoft Corporation""},{""@Name"":""OriginalFileName"",""#text"":""sc.exe""},{""@Name"":""CommandLine"",""#text"":""sc  query sysmon""},{""@Name"":""CurrentDirectory"",""#text"":""C:\\Users\\abish\\Downloads\\Sysmon\\""},{""@Name"":""User"",""#text"":""DESKTOP-0S2K0MN\\abish""},{""@Name"":""LogonGuid"",""#text"":""1111e010-eeb6-6938-4994-070000000000""},{""@Name"":""LogonId"",""#text"":""0x79449""},{""@Name"":""TerminalSessionId"",""#text"":""1""},{""@Name"":""IntegrityLevel"",""#text"":""High""},{""@Name"":""Hashes"",""#text"":""MD5=3FB5CF71F7E7EB49790CB0E663434D80,SHA256=41F067C3A11B02FE39947F9EBA68AE5C7CB5BD1872A6009A4CD1506554A9ABA9,IMPHASH=803254E010814E69947095A2725B2AFD""},{""@Name"":""ParentProcessGuid"",""#text"":""1111e010-f009-6938-e500-000000000400""},{""@Name"":""ParentProcessId"",""#text"":""4328""},{""@Name"":""ParentImage"",""#text"":""C:\\Windows\\System32\\cmd.exe""},{""@Name"":""ParentCommandLine"",""#text"":""\""C:\\Windows\\system32\\cmd.exe\"" ""},{""@Name"":""ParentUser"",""#text"":""DESKTOP-0S2K0MN\\abish""}]}}"
7,7,2025-12-10 04:03:42.3465340,1,Info,Microsoft-Windows-Sysmon,Microsoft-Windows-Sysmon/Operational,4960,7188,DESKTOP-0S2K0MN,0,S-1-5-18,Process creation,DESKTOP-0S2K0MN\abish,,"ProcessID: 2224, ProcessGUID: 1111e010-f11e-6938-5301-000000000400",RuleName: -,"MD5=18CD5FF031BEDCD29AB0B8FDD72175AD,SHA256=9ED318124E781501D97BC63DDCCEC6BADC646D5EDD74ABAC8788551DB4ACD4A1,IMPHASH=9ACEBDFAC77931C2B0DFBBEA2D494BA9",ParentProcess: C:\Program Files (x86)\Microsoft\Edge\Application\msedge.exe,"ParentProcessID: 5680, ParentProcessGUID: 1111e010-eec4-6938-6e00-000000000400","ParentCommandLine: ""C:\Program Files (x86)\Microsoft\Edge\Application\msedge.exe"" --no-startup-window --win-session-start","""C:\Program Files (x86)\Microsoft\Edge\Application\msedge.exe"" --type=utility --utility-sub-type=asset_store.mojom.AssetStoreService --lang=en-US --service-sandbox-type=asset_store_service --ram-no-pressure-read-main-dll --metrics-shmem-handle=3496,i,18236440946799936149,10039648972489142172,524288 --field-trial-handle=2228,i,5221432224594371564,17681829210636758743,262144 --variations-seed-version --trace-process-track-uuid=3190709027541712850 --mojo-platform-channel-handle=3884 /prefetch:8",False,c:\temp\6475c822607415853134a0e4383d2ab2_sysmonactivity.evtx,Classic,0,"{""EventData"":{""Data"":[{""@Name"":""RuleName"",""#text"":""-""},{""@Name"":""UtcTime"",""#text"":""2025-12-10 04:03:42.319""},{""@Name"":""ProcessGuid"",""#text"":""1111e010-f11e-6938-5301-000000000400""},{""@Name"":""ProcessId"",""#text"":""2224""},{""@Name"":""Image"",""#text"":""C:\\Program Files (x86)\\Microsoft\\Edge\\Application\\msedge.exe""},{""@Name"":""FileVersion"",""#text"":""143.0.3650.66""},{""@Name"":""Description"",""#text"":""Microsoft Edge""},{""@Name"":""Product"",""#text"":""Microsoft Edge""},{""@Name"":""Company"",""#text"":""Microsoft Corporation""},{""@Name"":""OriginalFileName"",""#text"":""msedge.exe""},{""@Name"":""CommandLine"",""#text"":""\""C:\\Program Files (x86)\\Microsoft\\Edge\\Application\\msedge.exe\"" --type=utility --utility-sub-type=asset_store.mojom.AssetStoreService --lang=en-US --service-sandbox-type=asset_store_service --ram-no-pressure-read-main-dll --metrics-shmem-handle=3496,i,18236440946799936149,10039648972489142172,524288 --field-trial-handle=2228,i,5221432224594371564,17681829210636758743,262144 --variations-seed-version --trace-process-track-uuid=3190709027541712850 --mojo-platform-channel-handle=3884 /prefetch:8""},{""@Name"":""CurrentDirectory"",""#text"":""C:\\Program Files (x86)\\Microsoft\\Edge\\Application\\143.0.3650.66\\""},{""@Name"":""User"",""#text"":""DESKTOP-0S2K0MN\\abish""},{""@Name"":""LogonGuid"",""#text"":""1111e010-eeb6-6938-7e94-070000000000""},{""@Name"":""LogonId"",""#text"":""0x7947E""},{""@Name"":""TerminalSessionId"",""#text"":""1""},{""@Name"":""IntegrityLevel"",""#text"":""Low""},{""@Name"":""Hashes"",""#text"":""MD5=18CD5FF031BEDCD29AB0B8FDD72175AD,SHA256=9ED318124E781501D97BC63DDCCEC6BADC646D5EDD74ABAC8788551DB4ACD4A1,IMPHASH=9ACEBDFAC77931C2B0DFBBEA2D494BA9""},{""@Name"":""ParentProcessGuid"",""#text"":""1111e010-eec4-6938-6e00-000000000400""},{""@Name"":""ParentProcessId"",""#text"":""5680""},{""@Name"":""ParentImage"",""#text"":""C:\\Program Files (x86)\\Microsoft\\Edge\\Application\\msedge.exe""},{""@Name"":""ParentCommandLine"",""#text"":""\""C:\\Program Files (x86)\\Microsoft\\Edge\\Application\\msedge.exe\"" --no-startup-window --win-session-start""},{""@Name"":""ParentUser"",""#text"":""DESKTOP-0S2K0MN\\abish""}]}}"
8,8,2025-12-10 04:03:53.5622750,1,Info,Microsoft-Windows-Sysmon,Microsoft-Windows-Sysmon/Operational,4960,7188,DESKTOP-0S2K0MN,0,S-1-5-18,Process creation,DESKTOP-0S2K0MN\abish,,"ProcessID: 8076, ProcessGUID: 1111e010-f129-6938-5401-000000000400",RuleName: -,"MD5=3FB5CF71F7E7EB49790CB0E663434D80,SHA256=41F067C3A11B02FE39947F9EBA68AE5C7CB5BD1872A6009A4CD1506554A9ABA9,IMPHASH=803254E010814E69947095A2725B2AFD",ParentProcess: C:\Windows\System32\cmd.exe,"ParentProcessID: 4328, ParentProcessGUID: 1111e010-f009-6938-e500-000000000400","ParentCommandLine: ""C:\Windows\system32\cmd.exe"" ",sc  query sysmon64,False,c:\temp\6475c822607415853134a0e4383d2ab2_sysmonactivity.evtx,Classic,0,"{""EventData"":{""Data"":[{""@Name"":""RuleName"",""#text"":""-""},{""@Name"":""UtcTime"",""#text"":""2025-12-10 04:03:53.560""},{""@Name"":""ProcessGuid"",""#text"":""1111e010-f129-6938-5401-000000000400""},{""@Name"":""ProcessId"",""#text"":""8076""},{""@Name"":""Image"",""#text"":""C:\\Windows\\System32\\sc.exe""},{""@Name"":""FileVersion"",""#text"":""10.0.19041.1 (WinBuild.160101.0800)""},{""@Name"":""Description"",""#text"":""Service Control Manager Configuration Tool""},{""@Name"":""Product"",""#text"":""Microsoft® Windows® Operating System""},{""@Name"":""Company"",""#text"":""Microsoft Corporation""},{""@Name"":""OriginalFileName"",""#text"":""sc.exe""},{""@Name"":""CommandLine"",""#text"":""sc  query sysmon64""},{""@Name"":""CurrentDirectory"",""#text"":""C:\\Users\\abish\\Downloads\\Sysmon\\""},{""@Name"":""User"",""#text"":""DESKTOP-0S2K0MN\\abish""},{""@Name"":""LogonGuid"",""#text"":""1111e010-eeb6-6938-4994-070000000000""},{""@Name"":""LogonId"",""#text"":""0x79449""},{""@Name"":""TerminalSessionId"",""#text"":""1""},{""@Name"":""IntegrityLevel"",""#text"":""High""},{""@Name"":""Hashes"",""#text"":""MD5=3FB5CF71F7E7EB49790CB0E663434D80,SHA256=41F067C3A11B02FE39947F9EBA68AE5C7CB5BD1872A6009A4CD1506554A9ABA9,IMPHASH=803254E010814E69947095A2725B2AFD""},{""@Name"":""ParentProcessGuid"",""#text"":""1111e010-f009-6938-e500-000000000400""},{""@Name"":""ParentProcessId"",""#text"":""4328""},{""@Name"":""ParentImage"",""#text"":""C:\\Windows\\System32\\cmd.exe""},{""@Name"":""ParentCommandLine"",""#text"":""\""C:\\Windows\\system32\\cmd.exe\"" ""},{""@Name"":""ParentUser"",""#text"":""DESKTOP-0S2K0MN\\abish""}]}}"
9,9,2025-12-10 04:04:32.1138328,1,Info,Microsoft-Windows-Sysmon,Microsoft-Windows-Sysmon/Operational,4960,7188,DESKTOP-0S2K0MN,0,S-1-5-18,Process creation,DESKTOP-0S2K0MN\abish,,"ProcessID: 232, ProcessGUID: 1111e010-f150-6938-5501-000000000400",RuleName: -,"MD5=0686C38F513C3C5A7ABB07388FA4DB87,SHA256=5402CEFB8E7351079FC73A247056AF66678560568486DE484374213B643B4FBE,IMPHASH=3198144220BF18551FB10AC902B2BACF",ParentProcess: C:\Windows\System32\svchost.exe,"ParentProcessID: 788, ParentProcessGUID: 1111e010-edfe-6938-0d00-000000000400",ParentCommandLine: C:\Windows\system32\svchost.exe -k DcomLaunch -p,C:\Windows\System32\smartscreen.exe -Embedding,False,c:\temp\6475c822607415853134a0e4383d2ab2_sysmonactivity.evtx,Classic,0,"{""EventData"":{""Data"":[{""@Name"":""RuleName"",""#text"":""-""},{""@Name"":""UtcTime"",""#text"":""2025-12-10 04:04:32.096""},{""@Name"":""ProcessGuid"",""#text"":""1111e010-f150-6938-5501-000000000400""},{""@Name"":""ProcessId"",""#text"":""232""},{""@Name"":""Image"",""#text"":""C:\\Windows\\System32\\smartscreen.exe""},{""@Name"":""FileVersion"",""#text"":""10.0.19041.2913 (WinBuild.160101.0800)""},{""@Name"":""Description"",""#text"":""Windows Defender SmartScreen""},{""@Name"":""Product"",""#text"":""Microsoft® Windows® Operating System""},{""@Name"":""Company"",""#text"":""Microsoft Corporation""},{""@Name"":""OriginalFileName"",""#text"":""smartscreen.exe""},{""@Name"":""CommandLine"",""#text"":""C:\\Windows\\System32\\smartscreen.exe -Embedding""},{""@Name"":""CurrentDirectory"",""#text"":""C:\\Windows\\system32\\""},{""@Name"":""User"",""#text"":""DESKTOP-0S2K0MN\\abish""},{""@Name"":""LogonGuid"",""#text"":""1111e010-eeb6-6938-7e94-070000000000""},{""@Name"":""LogonId"",""#text"":""0x7947E""},{""@Name"":""TerminalSessionId"",""#text"":""1""},{""@Name"":""IntegrityLevel"",""#text"":""Medium""},{""@Name"":""Hashes"",""#text"":""MD5=0686C38F513C3C5A7ABB07388FA4DB87,SHA256=5402CEFB8E7351079FC73A247056AF66678560568486DE484374213B643B4FBE,IMPHASH=3198144220BF18551FB10AC902B2BACF""},{""@Name"":""ParentProcessGuid"",""#text"":""1111e010-edfe-6938-0d00-000000000400""},{""@Name"":""ParentProcessId"",""#text"":""788""},{""@Name"":""ParentImage"",""#text"":""C:\\Windows\\System32\\svchost.exe""},{""@Name"":""ParentCommandLine"",""#text"":""C:\\Windows\\system32\\svchost.exe -k DcomLaunch -p""},{""@Name"":""ParentUser"",""#text"":""NT AUTHORITY\\SYSTEM""}]}}"
10,10,2025-12-10 04:04:32.2340668,1,Info,Microsoft-Windows-Sysmon,Microsoft-Windows-Sysmon/Operational,4960,7188,DESKTOP-0S2K0MN,0,S-1-5-18,Process creation,DESKTOP-0S2K0MN\abish,,"ProcessID: 2804, ProcessGUID: 1111e010-f150-6938-5601-000000000400",RuleName: -,"MD5=B559E88529827CD4D072474E60B9D001,SHA256=A552E94E2D51C616004FBD165559EA23DA9410AC6CDBF4E70645B5F4D5988C65,IMPHASH=5AEF584EA4BCED674B66847FE9D61F23",ParentProcess: C:\Windows\explorer.exe,"ParentProcessID: 3912, ParentProcessGUID: 1111e010-eeb7-6938-5500-000000000400",ParentCommandLine: C:\Windows\Explorer.EXE,"""C:\Windows\system32\mmc.exe"" ""C:\Windows\system32\eventvwr.msc"" /s",False,c:\temp\6475c822607415853134a0e4383d2ab2_sysmonactivity.evtx,Classic,0,"{""EventData"":{""Data"":[{""@Name"":""RuleName"",""#text"":""-""},{""@Name"":""UtcTime"",""#text"":""2025-12-10 04:04:32.223""},{""@Name"":""ProcessGuid"",""#text"":""1111e010-f150-6938-5601-000000000400""},{""@Name"":""ProcessId"",""#text"":""2804""},{""@Name"":""Image"",""#text"":""C:\\Windows\\System32\\mmc.exe""},{""@Name"":""FileVersion"",""#text"":""10.0.19041.2913 (WinBuild.160101.0800)""},{""@Name"":""Description"",""#text"":""Microsoft Management Console""},{""@Name"":""Product"",""#text"":""Microsoft® Windows® Operating System""},{""@Name"":""Company"",""#text"":""Microsoft Corporation""},{""@Name"":""OriginalFileName"",""#text"":""mmc.exe""},{""@Name"":""CommandLine"",""#text"":""\""C:\\Windows\\system32\\mmc.exe\"" \""C:\\Windows\\system32\\eventvwr.msc\"" /s""},{""@Name"":""CurrentDirectory"",""#text"":""C:\\Windows\\system32\\""},{""@Name"":""User"",""#text"":""DESKTOP-0S2K0MN\\abish""},{""@Name"":""LogonGuid"",""#text"":""1111e010-eeb6-6938-7e94-070000000000""},{""@Name"":""LogonId"",""#text"":""0x7947E""},{""@Name"":""TerminalSessionId"",""#text"":""1""},{""@Name"":""IntegrityLevel"",""#text"":""Medium""},{""@Name"":""Hashes"",""#text"":""MD5=B559E88529827CD4D072474E60B9D001,SHA256=A552E94E2D51C616004FBD165559EA23DA9410AC6CDBF4E70645B5F4D5988C65,IMPHASH=5AEF584EA4BCED674B66847FE9D61F23""},{""@Name"":""ParentProcessGuid"",""#text"":""1111e010-eeb7-6938-5500-000000000400""},{""@Name"":""ParentProcessId"",""#text"":""3912""},{""@Name"":""ParentImage"",""#text"":""C:\\Windows\\explorer.exe""},{""@Name"":""ParentCommandLine"",""#text"":""C:\\Windows\\Explorer.EXE""},{""@Name"":""ParentUser"",""#text"":""DESKTOP-0S2K0MN\\abish""}]}}"
11,11,2025-12-10 04:04:32.3815282,1,Info,Microsoft-Windows-Sysmon,Microsoft-Windows-Sysmon/Operational,4960,7188,DESKTOP-0S2K0MN,0,S-1-5-18,Process creation,NT AUTHORITY\SYSTEM,,"ProcessID: 4060, ProcessGUID: 1111e010-f150-6938-5701-000000000400",RuleName: -,"MD5=DD5032EF160209E470E2612A8A3D5F59,SHA256=7FF00DE6D57E83E0A3D566935C7557F11F9B12270529582987FF14EE65502EA6,IMPHASH=7001337914CFB426620F508E54CDF72F",ParentProcess: C:\Windows\System32\svchost.exe,"ParentProcessID: 508, ParentProcessGUID: 1111e010-edfe-6938-1300-000000000400",ParentCommandLine: C:\Windows\system32\svchost.exe -k netsvcs -p,consent.exe 508 426 00000191622933E0,False,c:\temp\6475c822607415853134a0e4383d2ab2_sysmonactivity.evtx,Classic,0,"{""EventData"":{""Data"":[{""@Name"":""RuleName"",""#text"":""-""},{""@Name"":""UtcTime"",""#text"":""2025-12-10 04:04:32.378""},{""@Name"":""ProcessGuid"",""#text"":""1111e010-f150-6938-5701-000000000400""},{""@Name"":""ProcessId"",""#text"":""4060""},{""@Name"":""Image"",""#text"":""C:\\Windows\\System32\\consent.exe""},{""@Name"":""FileVersion"",""#text"":""10.0.19041.1865 (WinBuild.160101.0800)""},{""@Name"":""Description"",""#text"":""Consent UI for administrative applications""},{""@Name"":""Product"",""#text"":""Microsoft® Windows® Operating System""},{""@Name"":""Company"",""#text"":""Microsoft Corporation""},{""@Name"":""OriginalFileName"",""#text"":""consent.exe""},{""@Name"":""CommandLine"",""#text"":""consent.exe 508 426 00000191622933E0""},{""@Name"":""CurrentDirectory"",""#text"":""C:\\Windows\\system32\\""},{""@Name"":""User"",""#text"":""NT AUTHORITY\\SYSTEM""},{""@Name"":""LogonGuid"",""#text"":""1111e010-edfe-6938-e703-000000000000""},{""@Name"":""LogonId"",""#text"":""0x3E7""},{""@Name"":""TerminalSessionId"",""#text"":""1""},{""@Name"":""IntegrityLevel"",""#text"":""System""},{""@Name"":""Hashes"",""#text"":""MD5=DD5032EF160209E470E2612A8A3D5F59,SHA256=7FF00DE6D57E83E0A3D566935C7557F11F9B12270529582987FF14EE65502EA6,IMPHASH=7001337914CFB426620F508E54CDF72F""},{""@Name"":""ParentProcessGuid"",""#text"":""1111e010-edfe-6938-1300-000000000400""},{""@Name"":""ParentProcessId"",""#text"":""508""},{""@Name"":""ParentImage"",""#text"":""C:\\Windows\\System32\\svchost.exe""},{""@Name"":""ParentCommandLine"",""#text"":""C:\\Windows\\system32\\svchost.exe -k netsvcs -p""},{""@Name"":""ParentUser"",""#text"":""NT AUTHORITY\\SYSTEM""}]}}"
12,12,2025-12-10 04:04:32.4662110,1,Info,Microsoft-Windows-Sysmon,Microsoft-Windows-Sysmon/Operational,4960,7188,DESKTOP-0S2K0MN,0,S-1-5-18,Process creation,DESKTOP-0S2K0MN\abish,,"ProcessID: 7180, ProcessGUID: 1111e010-f150-6938-5801-000000000400",RuleName: -,"MD5=B559E88529827CD4D072474E60B9D001,SHA256=A552E94E2D51C616004FBD165559EA23DA9410AC6CDBF4E70645B5F4D5988C65,IMPHASH=5AEF584EA4BCED674B66847FE9D61F23",ParentProcess: C:\Windows\explorer.exe,"ParentProcessID: 3912, ParentProcessGUID: 1111e010-eeb7-6938-5500-000000000400",ParentCommandLine: C:\Windows\Explorer.EXE,"""C:\Windows\system32\mmc.exe"" ""C:\Windows\system32\eventvwr.msc"" /s",False,c:\temp\6475c822607415853134a0e4383d2ab2_sysmonactivity.evtx,Classic,0,"{""EventData"":{""Data"":[{""@Name"":""RuleName"",""#text"":""-""},{""@Name"":""UtcTime"",""#text"":""2025-12-10 04:04:32.465""},{""@Name"":""ProcessGuid"",""#text"":""1111e010-f150-6938-5801-000000000400""},{""@Name"":""ProcessId"",""#text"":""7180""},{""@Name"":""Image"",""#text"":""C:\\Windows\\System32\\mmc.exe""},{""@Name"":""FileVersion"",""#text"":""10.0.19041.2913 (WinBuild.160101.0800)""},{""@Name"":""Description"",""#text"":""Microsoft Management Console""},{""@Name"":""Product"",""#text"":""Microsoft® Windows® Operating System""},{""@Name"":""Company"",""#text"":""Microsoft Corporation""},{""@Name"":""OriginalFileName"",""#text"":""mmc.exe""},{""@Name"":""CommandLine"",""#text"":""\""C:\\Windows\\system32\\mmc.exe\"" \""C:\\Windows\\system32\\eventvwr.msc\"" /s""},{""@Name"":""CurrentDirectory"",""#text"":""C:\\Windows\\system32\\""},{""@Name"":""User"",""#text"":""DESKTOP-0S2K0MN\\abish""},{""@Name"":""LogonGuid"",""#text"":""1111e010-eeb6-6938-4994-070000000000""},{""@Name"":""LogonId"",""#text"":""0x79449""},{""@Name"":""TerminalSessionId"",""#text"":""1""},{""@Name"":""IntegrityLevel"",""#text"":""High""},{""@Name"":""Hashes"",""#text"":""MD5=B559E88529827CD4D072474E60B9D001,SHA256=A552E94E2D51C616004FBD165559EA23DA9410AC6CDBF4E70645B5F4D5988C65,IMPHASH=5AEF584EA4BCED674B66847FE9D61F23""},{""@Name"":""ParentProcessGuid"",""#text"":""1111e010-eeb7-6938-5500-000000000400""},{""@Name"":""ParentProcessId"",""#text"":""3912""},{""@Name"":""ParentImage"",""#text"":""C:\\Windows\\explorer.exe""},{""@Name"":""ParentCommandLine"",""#text"":""C:\\Windows\\Explorer.EXE""},{""@Name"":""ParentUser"",""#text"":""DESKTOP-0S2K0MN\\abish""}]}}"
13,13,2025-12-10 04:05:24.1492919,1,Info,Microsoft-Windows-Sysmon,Microsoft-Windows-Sysmon/Operational,4960,7188,DESKTOP-0S2K0MN,0,S-1-5-18,Process creation,NT AUTHORITY\SYSTEM,,"ProcessID: 7652, ProcessGUID: 1111e010-f184-6938-5901-000000000400",RuleName: -,"MD5=A00BF82660835224CD6606A248321C5D,SHA256=E63709209D09BC0247E785F075DDB28A98C348206109E2B8BA321AD958402728,IMPHASH=3A0C6863CDE566AF997DB2DEFFF9D924",ParentProcess: C:\Windows\System32\svchost.exe,"ParentProcessID: 508, ParentProcessGUID: 1111e010-edfe-6938-1300-000000000400",ParentCommandLine: C:\Windows\system32\svchost.exe -k netsvcs -p,taskhostw.exe,False,c:\temp\6475c822607415853134a0e4383d2ab2_sysmonactivity.evtx,Classic,0,"{""EventData"":{""Data"":[{""@Name"":""RuleName"",""#text"":""-""},{""@Name"":""UtcTime"",""#text"":""2025-12-10 04:05:24.145""},{""@Name"":""ProcessGuid"",""#text"":""1111e010-f184-6938-5901-000000000400""},{""@Name"":""ProcessId"",""#text"":""7652""},{""@Name"":""Image"",""#text"":""C:\\Windows\\System32\\taskhostw.exe""},{""@Name"":""FileVersion"",""#text"":""10.0.19041.1865 (WinBuild.160101.0800)""},{""@Name"":""Description"",""#text"":""Host Process for Windows Tasks""},{""@Name"":""Product"",""#text"":""Microsoft® Windows® Operating System""},{""@Name"":""Company"",""#text"":""Microsoft Corporation""},{""@Name"":""OriginalFileName"",""#text"":""taskhostw.exe""},{""@Name"":""CommandLine"",""#text"":""taskhostw.exe""},{""@Name"":""CurrentDirectory"",""#text"":""C:\\Windows\\system32\\""},{""@Name"":""User"",""#text"":""NT AUTHORITY\\SYSTEM""},{""@Name"":""LogonGuid"",""#text"":""1111e010-edfe-6938-e703-000000000000""},{""@Name"":""LogonId"",""#text"":""0x3E7""},{""@Name"":""TerminalSessionId"",""#text"":""0""},{""@Name"":""IntegrityLevel"",""#text"":""System""},{""@Name"":""Hashes"",""#text"":""MD5=A00BF82660835224CD6606A248321C5D,SHA256=E63709209D09BC0247E785F075DDB28A98C348206109E2B8BA321AD958402728,IMPHASH=3A0C6863CDE566AF997DB2DEFFF9D924""},{""@Name"":""ParentProcessGuid"",""#text"":""1111e010-edfe-6938-1300-000000000400""},{""@Name"":""ParentProcessId"",""#text"":""508""},{""@Name"":""ParentImage"",""#text"":""C:\\Windows\\System32\\svchost.exe""},{""@Name"":""ParentCommandLine"",""#text"":""C:\\Windows\\system32\\svchost.exe -k netsvcs -p""},{""@Name"":""ParentUser"",""#text"":""NT AUTHORITY\\SYSTEM""}]}}"
14,14,2025-12-10 04:07:12.7668764,3,Info,Microsoft-Windows-Sysmon,Microsoft-Windows-Sysmon/Operational,4960,6708,DESKTOP-0S2K0MN,0,S-1-5-18,Network connection,DESKTOP-0S2K0MN\abish,,"ProcessID: 6424, ProcessGUID: 1111e010-eec6-6938-7900-000000000400",RuleName: Usermode,SourceHostname: DESKTOP-0S2K0MN..,SourceIp: 10.0.2.15,DestinationHostname: -,DestinationIp: 150.171.22.11,C:\Users\abish\AppData\Local\Microsoft\OneDrive\OneDrive.exe,False,c:\temp\6475c822607415853134a0e4383d2ab2_sysmonactivity.evtx,Classic,0,"{""EventData"":{""Data"":[{""@Name"":""RuleName"",""#text"":""Usermode""},{""@Name"":""UtcTime"",""#text"":""2025-12-10 04:07:10.803""},{""@Name"":""ProcessGuid"",""#text"":""1111e010-eec6-6938-7900-000000000400""},{""@Name"":""ProcessId"",""#text"":""6424""},{""@Name"":""Image"",""#text"":""C:\\Users\\abish\\AppData\\Local\\Microsoft\\OneDrive\\OneDrive.exe""},{""@Name"":""User"",""#text"":""DESKTOP-0S2K0MN\\abish""},{""@Name"":""Protocol"",""#text"":""tcp""},{""@Name"":""Initiated"",""#text"":""True""},{""@Name"":""SourceIsIpv6"",""#text"":""False""},{""@Name"":""SourceIp"",""#text"":""10.0.2.15""},{""@Name"":""SourceHostname"",""#text"":""DESKTOP-0S2K0MN..""},{""@Name"":""SourcePort"",""#text"":""50071""},{""@Name"":""SourcePortName"",""#text"":""-""},{""@Name"":""DestinationIsIpv6"",""#text"":""False""},{""@Name"":""DestinationIp"",""#text"":""150.171.22.11""},{""@Name"":""DestinationHostname"",""#text"":""-""},{""@Name"":""DestinationPort"",""#text"":""443""},{""@Name"":""DestinationPortName"",""#text"":""https""}]}}"
15,15,2025-12-10 04:08:27.2621305,1,Info,Microsoft-Windows-Sysmon,Microsoft-Windows-Sysmon/Operational,4960,7188,DESKTOP-0S2K0MN,0,S-1-5-18,Process creation,DESKTOP-0S2K0MN\abish,,"ProcessID: 7124, ProcessGUID: 1111e010-f23b-6938-5c01-000000000400",RuleName: -,"MD5=A00BF82660835224CD6606A248321C5D,SHA256=E63709209D09BC0247E785F075DDB28A98C348206109E2B8BA321AD958402728,IMPHASH=3A0C6863CDE566AF997DB2DEFFF9D924",ParentProcess: C:\Windows\System32\svchost.exe,"ParentProcessID: 508, ParentProcessGUID: 1111e010-edfe-6938-1300-000000000400",ParentCommandLine: C:\Windows\system32\svchost.exe -k netsvcs -p,taskhostw.exe -RegisterUserDevice -NewAccount,False,c:\temp\6475c822607415853134a0e4383d2ab2_sysmonactivity.evtx,Classic,0,"{""EventData"":{""Data"":[{""@Name"":""RuleName"",""#text"":""-""},{""@Name"":""UtcTime"",""#text"":""2025-12-10 04:08:27.260""},{""@Name"":""ProcessGuid"",""#text"":""1111e010-f23b-6938-5c01-000000000400""},{""@Name"":""ProcessId"",""#text"":""7124""},{""@Name"":""Image"",""#text"":""C:\\Windows\\System32\\taskhostw.exe""},{""@Name"":""FileVersion"",""#text"":""10.0.19041.1865 (WinBuild.160101.0800)""},{""@Name"":""Description"",""#text"":""Host Process for Windows Tasks""},{""@Name"":""Product"",""#text"":""Microsoft® Windows® Operating System""},{""@Name"":""Company"",""#text"":""Microsoft Corporation""},{""@Name"":""OriginalFileName"",""#text"":""taskhostw.exe""},{""@Name"":""CommandLine"",""#text"":""taskhostw.exe -RegisterUserDevice -NewAccount""},{""@Name"":""CurrentDirectory"",""#text"":""C:\\Windows\\system32\\""},{""@Name"":""User"",""#text"":""DESKTOP-0S2K0MN\\abish""},{""@Name"":""LogonGuid"",""#text"":""1111e010-eeb6-6938-7e94-070000000000""},{""@Name"":""LogonId"",""#text"":""0x7947E""},{""@Name"":""TerminalSessionId"",""#text"":""1""},{""@Name"":""IntegrityLevel"",""#text"":""Medium""},{""@Name"":""Hashes"",""#text"":""MD5=A00BF82660835224CD6606A248321C5D,SHA256=E63709209D09BC0247E785F075DDB28A98C348206109E2B8BA321AD958402728,IMPHASH=3A0C6863CDE566AF997DB2DEFFF9D924""},{""@Name"":""ParentProcessGuid"",""#text"":""1111e010-edfe-6938-1300-000000000400""},{""@Name"":""ParentProcessId"",""#text"":""508""},{""@Name"":""ParentImage"",""#text"":""C:\\Windows\\System32\\svchost.exe""},{""@Name"":""ParentCommandLine"",""#text"":""C:\\Windows\\system32\\svchost.exe -k netsvcs -p""},{""@Name"":""ParentUser"",""#text"":""NT AUTHORITY\\SYSTEM""}]}}"
16,16,2025-12-10 04:10:56.5258873,1,Info,Microsoft-Windows-Sysmon,Microsoft-Windows-Sysmon/Operational,4960,7188,DESKTOP-0S2K0MN,0,S-1-5-18,Process creation,NT AUTHORITY\SYSTEM,,"ProcessID: 7328, ProcessGUID: 1111e010-f2d0-6938-5e01-000000000400",RuleName: -,"MD5=313CC8B2D2F824F478087841D4EDD9A4,SHA256=70FCD14C481819DC41B1D3A078394956B7422B071297BC6FC93E0F1BEE594AE1,IMPHASH=CAEB128D8391C47393ACE4DC25CDCF6B",ParentProcess: C:\Windows\System32\svchost.exe,"ParentProcessID: 508, ParentProcessGUID: 1111e010-edfe-6938-1300-000000000400",ParentCommandLine: C:\Windows\system32\svchost.exe -k netsvcs -p,"""C:\Windows\system32\ProvTool.exe"" /turn 5 /source LogonIdleTask",False,c:\temp\6475c822607415853134a0e4383d2ab2_sysmonactivity.evtx,Classic,0,"{""EventData"":{""Data"":[{""@Name"":""RuleName"",""#text"":""-""},{""@Name"":""UtcTime"",""#text"":""2025-12-10 04:10:56.523""},{""@Name"":""ProcessGuid"",""#text"":""1111e010-f2d0-6938-5e01-000000000400""},{""@Name"":""ProcessId"",""#text"":""7328""},{""@Name"":""Image"",""#text"":""C:\\Windows\\System32\\provtool.exe""},{""@Name"":""FileVersion"",""#text"":""10.0.19041.2673 (WinBuild.160101.0800)""},{""@Name"":""Description"",""#text"":""Provisioning package runtime processing tool""},{""@Name"":""Product"",""#text"":""Microsoft® Windows® Operating System""},{""@Name"":""Company"",""#text"":""Microsoft Corporation""},{""@Name"":""OriginalFileName"",""#text"":""provtool""},{""@Name"":""CommandLine"",""#text"":""\""C:\\Windows\\system32\\ProvTool.exe\"" /turn 5 /source LogonIdleTask""},{""@Name"":""CurrentDirectory"",""#text"":""C:\\Windows\\system32\\""},{""@Name"":""User"",""#text"":""NT AUTHORITY\\SYSTEM""},{""@Name"":""LogonGuid"",""#text"":""1111e010-edfe-6938-e703-000000000000""},{""@Name"":""LogonId"",""#text"":""0x3E7""},{""@Name"":""TerminalSessionId"",""#text"":""0""},{""@Name"":""IntegrityLevel"",""#text"":""System""},{""@Name"":""Hashes"",""#text"":""MD5=313CC8B2D2F824F478087841D4EDD9A4,SHA256=70FCD14C481819DC41B1D3A078394956B7422B071297BC6FC93E0F1BEE594AE1,IMPHASH=CAEB128D8391C47393ACE4DC25CDCF6B""},{""@Name"":""ParentProcessGuid"",""#text"":""1111e010-edfe-6938-1300-000000000400""},{""@Name"":""ParentProcessId"",""#text"":""508""},{""@Name"":""ParentImage"",""#text"":""C:\\Windows\\System32\\svchost.exe""},{""@Name"":""ParentCommandLine"",""#text"":""C:\\Windows\\system32\\svchost.exe -k netsvcs -p""},{""@Name"":""ParentUser"",""#text"":""NT AUTHORITY\\SYSTEM""}]}}"
17,17,2025-12-10 04:10:56.5302774,1,Info,Microsoft-Windows-Sysmon,Microsoft-Windows-Sysmon/Operational,4960,7188,DESKTOP-0S2K0MN,0,S-1-5-18,Process creation,NT AUTHORITY\SYSTEM,,"ProcessID: 956, ProcessGUID: 1111e010-f2d0-6938-5f01-000000000400",RuleName: -,"MD5=A00BF82660835224CD6606A248321C5D,SHA256=E63709209D09BC0247E785F075DDB28A98C348206109E2B8BA321AD958402728,IMPHASH=3A0C6863CDE566AF997DB2DEFFF9D924",ParentProcess: C:\Windows\System32\svchost.exe,"ParentProcessID: 508, ParentProcessGUID: 1111e010-edfe-6938-1300-000000000400",ParentCommandLine: C:\Windows\system32\svchost.exe -k netsvcs -p,taskhostw.exe -RegisterDevice -Periodic,False,c:\temp\6475c822607415853134a0e4383d2ab2_sysmonactivity.evtx,Classic,0,"{""EventData"":{""Data"":[{""@Name"":""RuleName"",""#text"":""-""},{""@Name"":""UtcTime"",""#text"":""2025-12-10 04:10:56.528""},{""@Name"":""ProcessGuid"",""#text"":""1111e010-f2d0-6938-5f01-000000000400""},{""@Name"":""ProcessId"",""#text"":""956""},{""@Name"":""Image"",""#text"":""C:\\Windows\\System32\\taskhostw.exe""},{""@Name"":""FileVersion"",""#text"":""10.0.19041.1865 (WinBuild.160101.0800)""},{""@Name"":""Description"",""#text"":""Host Process for Windows Tasks""},{""@Name"":""Product"",""#text"":""Microsoft® Windows® Operating System""},{""@Name"":""Company"",""#text"":""Microsoft Corporation""},{""@Name"":""OriginalFileName"",""#text"":""taskhostw.exe""},{""@Name"":""CommandLine"",""#text"":""taskhostw.exe -RegisterDevice -Periodic""},{""@Name"":""CurrentDirectory"",""#text"":""C:\\Windows\\system32\\""},{""@Name"":""User"",""#text"":""NT AUTHORITY\\SYSTEM""},{""@Name"":""LogonGuid"",""#text"":""1111e010-edfe-6938-e703-000000000000""},{""@Name"":""LogonId"",""#text"":""0x3E7""},{""@Name"":""TerminalSessionId"",""#text"":""0""},{""@Name"":""IntegrityLevel"",""#text"":""System""},{""@Name"":""Hashes"",""#text"":""MD5=A00BF82660835224CD6606A248321C5D,SHA256=E63709209D09BC0247E785F075DDB28A98C348206109E2B8BA321AD958402728,IMPHASH=3A0C6863CDE566AF997DB2DEFFF9D924""},{""@Name"":""ParentProcessGuid"",""#text"":""1111e010-edfe-6938-1300-000000000400""},{""@Name"":""ParentProcessId"",""#text"":""508""},{""@Name"":""ParentImage"",""#text"":""C:\\Windows\\System32\\svchost.exe""},{""@Name"":""ParentCommandLine"",""#text"":""C:\\Windows\\system32\\svchost.exe -k netsvcs -p""},{""@Name"":""ParentUser"",""#text"":""NT AUTHORITY\\SYSTEM""}]}}"
18,18,2025-12-10 04:10:56.5356020,1,Info,Microsoft-Windows-Sysmon,Microsoft-Windows-Sysmon/Operational,4960,7188,DESKTOP-0S2K0MN,0,S-1-5-18,Process creation,NT AUTHORITY\SYSTEM,,"ProcessID: 7192, ProcessGUID: 1111e010-f2d0-6938-5d01-000000000400",RuleName: -,"MD5=DE1AC0479ECCB2F06731EEE52C6D2609,SHA256=EB76B56B6F4FAC87353961645DFAE2F842C0C8CED6B86C2EB48DE0F144D2DC05,IMPHASH=72789ABFBC08A24E6F6A23DE50B7DE6A",ParentProcess: C:\Windows\System32\svchost.exe,"ParentProcessID: 788, ParentProcessGUID: 1111e010-edfe-6938-0d00-000000000400",ParentCommandLine: C:\Windows\system32\svchost.exe -k DcomLaunch -p,C:\Windows\System32\mousocoreworker.exe -Embedding,False,c:\temp\6475c822607415853134a0e4383d2ab2_sysmonactivity.evtx,Classic,0,"{""EventData"":{""Data"":[{""@Name"":""RuleName"",""#text"":""-""},{""@Name"":""UtcTime"",""#text"":""2025-12-10 04:10:56.522""},{""@Name"":""ProcessGuid"",""#text"":""1111e010-f2d0-6938-5d01-000000000400""},{""@Name"":""ProcessId"",""#text"":""7192""},{""@Name"":""Image"",""#text"":""C:\\Windows\\System32\\MoUsoCoreWorker.exe""},{""@Name"":""FileVersion"",""#text"":""10.0.19041.2788 (WinBuild.160101.0800)""},{""@Name"":""Description"",""#text"":""MoUSO Core Worker Process""},{""@Name"":""Product"",""#text"":""Microsoft® Windows® Operating System""},{""@Name"":""Company"",""#text"":""Microsoft Corporation""},{""@Name"":""OriginalFileName"",""#text"":""MoUSOCoreWorker.exe""},{""@Name"":""CommandLine"",""#text"":""C:\\Windows\\System32\\mousocoreworker.exe -Embedding""},{""@Name"":""CurrentDirectory"",""#text"":""C:\\Windows\\system32\\""},{""@Name"":""User"",""#text"":""NT AUTHORITY\\SYSTEM""},{""@Name"":""LogonGuid"",""#text"":""1111e010-edfe-6938-e703-000000000000""},{""@Name"":""LogonId"",""#text"":""0x3E7""},{""@Name"":""TerminalSessionId"",""#text"":""0""},{""@Name"":""IntegrityLevel"",""#text"":""System""},{""@Name"":""Hashes"",""#text"":""MD5=DE1AC0479ECCB2F06731EEE52C6D2609,SHA256=EB76B56B6F4FAC87353961645DFAE2F842C0C8CED6B86C2EB48DE0F144D2DC05,IMPHASH=72789ABFBC08A24E6F6A23DE50B7DE6A""},{""@Name"":""ParentProcessGuid"",""#text"":""1111e010-edfe-6938-0d00-000000000400""},{""@Name"":""ParentProcessId"",""#text"":""788""},{""@Name"":""ParentImage"",""#text"":""C:\\Windows\\System32\\svchost.exe""},{""@Name"":""ParentCommandLine"",""#text"":""C:\\Windows\\system32\\svchost.exe -k DcomLaunch -p""},{""@Name"":""ParentUser"",""#text"":""NT AUTHORITY\\SYSTEM""}]}}"
19,19,2025-12-10 04:10:56.9169072,1,Info,Microsoft-Windows-Sysmon,Microsoft-Windows-Sysmon/Operational,4960,7188,DESKTOP-0S2K0MN,0,S-1-5-18,Process creation,NT AUTHORITY\SYSTEM,,"ProcessID: 4728, ProcessGUID: 1111e010-f2d0-6938-6101-000000000400",RuleName: -,"MD5=B7F884C1B74A263F746EE12A5F7C9F6A,SHA256=ADD683A6910ABBBF0E28B557FAD0BA998166394932AE2ACA069D9AA19EA8FE88,IMPHASH=247B9220E5D9B720A82B2C8B5069AD69",ParentProcess: C:\Windows\System32\services.exe,"ParentProcessID: 656, ParentProcessGUID: 1111e010-edfe-6938-0b00-000000000400",ParentCommandLine: C:\Windows\system32\services.exe,C:\Windows\system32\svchost.exe -k wusvcs -p,False,c:\temp\6475c822607415853134a0e4383d2ab2_sysmonactivity.evtx,Classic,0,"{""EventData"":{""Data"":[{""@Name"":""RuleName"",""#text"":""-""},{""@Name"":""UtcTime"",""#text"":""2025-12-10 04:10:56.913""},{""@Name"":""ProcessGuid"",""#text"":""1111e010-f2d0-6938-6101-000000000400""},{""@Name"":""ProcessId"",""#text"":""4728""},{""@Name"":""Image"",""#text"":""C:\\Windows\\System32\\svchost.exe""},{""@Name"":""FileVersion"",""#text"":""10.0.19041.1806 (WinBuild.160101.0800)""},{""@Name"":""Description"",""#text"":""Host Process for Windows Services""},{""@Name"":""Product"",""#text"":""Microsoft® Windows® Operating System""},{""@Name"":""Company"",""#text"":""Microsoft Corporation""},{""@Name"":""OriginalFileName"",""#text"":""svchost.exe""},{""@Name"":""CommandLine"",""#text"":""C:\\Windows\\system32\\svchost.exe -k wusvcs -p""},{""@Name"":""CurrentDirectory"",""#text"":""C:\\Windows\\system32\\""},{""@Name"":""User"",""#text"":""NT AUTHORITY\\SYSTEM""},{""@Name"":""LogonGuid"",""#text"":""1111e010-edfe-6938-e703-000000000000""},{""@Name"":""LogonId"",""#text"":""0x3E7""},{""@Name"":""TerminalSessionId"",""#text"":""0""},{""@Name"":""IntegrityLevel"",""#text"":""System""},{""@Name"":""Hashes"",""#text"":""MD5=B7F884C1B74A263F746EE12A5F7C9F6A,SHA256=ADD683A6910ABBBF0E28B557FAD0BA998166394932AE2ACA069D9AA19EA8FE88,IMPHASH=247B9220E5D9B720A82B2C8B5069AD69""},{""@Name"":""ParentProcessGuid"",""#text"":""1111e010-edfe-6938-0b00-000000000400""},{""@Name"":""ParentProcessId"",""#text"":""656""},{""@Name"":""ParentImage"",""#text"":""C:\\Windows\\System32\\services.exe""},{""@Name"":""ParentCommandLine"",""#text"":""C:\\Windows\\system32\\services.exe""},{""@Name"":""ParentUser"",""#text"":""NT AUTHORITY\\SYSTEM""}]}}"
20,20,2025-12-10 04:10:57.0084793,1,Info,Microsoft-Windows-Sysmon,Microsoft-Windows-Sysmon/Operational,4960,7188,DESKTOP-0S2K0MN,0,S-1-5-18,Process creation,NT AUTHORITY\SYSTEM,,"ProcessID: 7640, ProcessGUID: 1111e010-f2d1-6938-6201-000000000400",RuleName: -,"MD5=B7F884C1B74A263F746EE12A5F7C9F6A,SHA256=ADD683A6910ABBBF0E28B557FAD0BA998166394932AE2ACA069D9AA19EA8FE88,IMPHASH=247B9220E5D9B720A82B2C8B5069AD69",ParentProcess: C:\Windows\System32\services.exe,"ParentProcessID: 656, ParentProcessGUID: 1111e010-edfe-6938-0b00-000000000400",ParentCommandLine: C:\Windows\system32\services.exe,C:\Windows\system32\svchost.exe -k netsvcs -p,False,c:\temp\6475c822607415853134a0e4383d2ab2_sysmonactivity.evtx,Classic,0,"{""EventData"":{""Data"":[{""@Name"":""RuleName"",""#text"":""-""},{""@Name"":""UtcTime"",""#text"":""2025-12-10 04:10:57.006""},{""@Name"":""ProcessGuid"",""#text"":""1111e010-f2d1-6938-6201-000000000400""},{""@Name"":""ProcessId"",""#text"":""7640""},{""@Name"":""Image"",""#text"":""C:\\Windows\\System32\\svchost.exe""},{""@Name"":""FileVersion"",""#text"":""10.0.19041.1806 (WinBuild.160101.0800)""},{""@Name"":""Description"",""#text"":""Host Process for Windows Services""},{""@Name"":""Product"",""#text"":""Microsoft® Windows® Operating System""},{""@Name"":""Company"",""#text"":""Microsoft Corporation""},{""@Name"":""OriginalFileName"",""#text"":""svchost.exe""},{""@Name"":""CommandLine"",""#text"":""C:\\Windows\\system32\\svchost.exe -k netsvcs -p""},{""@Name"":""CurrentDirectory"",""#text"":""C:\\Windows\\system32\\""},{""@Name"":""User"",""#text"":""NT AUTHORITY\\SYSTEM""},{""@Name"":""LogonGuid"",""#text"":""1111e010-edfe-6938-e703-000000000000""},{""@Name"":""LogonId"",""#text"":""0x3E7""},{""@Name"":""TerminalSessionId"",""#text"":""0""},{""@Name"":""IntegrityLevel"",""#text"":""System""},{""@Name"":""Hashes"",""#text"":""MD5=B7F884C1B74A263F746EE12A5F7C9F6A,SHA256=ADD683A6910ABBBF0E28B557FAD0BA998166394932AE2ACA069D9AA19EA8FE88,IMPHASH=247B9220E5D9B720A82B2C8B5069AD69""},{""@Name"":""ParentProcessGuid"",""#text"":""1111e010-edfe-6938-0b00-000000000400""},{""@Name"":""ParentProcessId"",""#text"":""656""},{""@Name"":""ParentImage"",""#text"":""C:\\Windows\\System32\\services.exe""},{""@Name"":""ParentCommandLine"",""#text"":""C:\\Windows\\system32\\services.exe""},{""@Name"":""ParentUser"",""#text"":""NT AUTHORITY\\SYSTEM""}]}}"
21,21,2025-12-10 04:10:57.6899271,1,Info,Microsoft-Windows-Sysmon,Microsoft-Windows-Sysmon/Operational,4960,7188,DESKTOP-0S2K0MN,0,S-1-5-18,Process creation,NT AUTHORITY\SYSTEM,,"ProcessID: 6964, ProcessGUID: 1111e010-f2d1-6938-6401-000000000400",RuleName: -,"MD5=D098F2FC042FBF6879D47E3A86FBB4A1,SHA256=7F0E3E2682A24A6B27484226CC0C7B30F837EA08B01F82C7B7AC094BF0A88CE5,IMPHASH=A36251F871E741F4ABE36BD6D61A9C01",ParentProcess: C:\Windows\System32\services.exe,"ParentProcessID: 656, ParentProcessGUID: 1111e010-edfe-6938-0b00-000000000400",ParentCommandLine: C:\Windows\system32\services.exe,C:\Windows\servicing\TrustedInstaller.exe,False,c:\temp\6475c822607415853134a0e4383d2ab2_sysmonactivity.evtx,Classic,0,"{""EventData"":{""Data"":[{""@Name"":""RuleName"",""#text"":""-""},{""@Name"":""UtcTime"",""#text"":""2025-12-10 04:10:57.683""},{""@Name"":""ProcessGuid"",""#text"":""1111e010-f2d1-6938-6401-000000000400""},{""@Name"":""ProcessId"",""#text"":""6964""},{""@Name"":""Image"",""#text"":""C:\\Windows\\servicing\\TrustedInstaller.exe""},{""@Name"":""FileVersion"",""#text"":""10.0.19041.1741 (WinBuild.160101.0800)""},{""@Name"":""Description"",""#text"":""Windows Modules Installer""},{""@Name"":""Product"",""#text"":""Microsoft® Windows® Operating System""},{""@Name"":""Company"",""#text"":""Microsoft Corporation""},{""@Name"":""OriginalFileName"",""#text"":""TrustedInstaller.exe""},{""@Name"":""CommandLine"",""#text"":""C:\\Windows\\servicing\\TrustedInstaller.exe""},{""@Name"":""CurrentDirectory"",""#text"":""C:\\Windows\\system32\\""},{""@Name"":""User"",""#text"":""NT AUTHORITY\\SYSTEM""},{""@Name"":""LogonGuid"",""#text"":""1111e010-edfe-6938-e703-000000000000""},{""@Name"":""LogonId"",""#text"":""0x3E7""},{""@Name"":""TerminalSessionId"",""#text"":""0""},{""@Name"":""IntegrityLevel"",""#text"":""System""},{""@Name"":""Hashes"",""#text"":""MD5=D098F2FC042FBF6879D47E3A86FBB4A1,SHA256=7F0E3E2682A24A6B27484226CC0C7B30F837EA08B01F82C7B7AC094BF0A88CE5,IMPHASH=A36251F871E741F4ABE36BD6D61A9C01""},{""@Name"":""ParentProcessGuid"",""#text"":""1111e010-edfe-6938-0b00-000000000400""},{""@Name"":""ParentProcessId"",""#text"":""656""},{""@Name"":""ParentImage"",""#text"":""C:\\Windows\\System32\\services.exe""},{""@Name"":""ParentCommandLine"",""#text"":""C:\\Windows\\system32\\services.exe""},{""@Name"":""ParentUser"",""#text"":""NT AUTHORITY\\SYSTEM""}]}}"
22,22,2025-12-10 04:11:00.9541054,1,Info,Microsoft-Windows-Sysmon,Microsoft-Windows-Sysmon/Operational,4960,7188,DESKTOP-0S2K0MN,0,S-1-5-18,Process creation,DESKTOP-0S2K0MN\abish,,"ProcessID: 7396, ProcessGUID: 1111e010-f2d4-6938-6501-000000000400",RuleName: -,"MD5=0686C38F513C3C5A7ABB07388FA4DB87,SHA256=5402CEFB8E7351079FC73A247056AF66678560568486DE484374213B643B4FBE,IMPHASH=3198144220BF18551FB10AC902B2BACF",ParentProcess: C:\Windows\System32\svchost.exe,"ParentProcessID: 788, ParentProcessGUID: 1111e010-edfe-6938-0d00-000000000400",ParentCommandLine: C:\Windows\system32\svchost.exe -k DcomLaunch -p,C:\Windows\System32\smartscreen.exe -Embedding,False,c:\temp\6475c822607415853134a0e4383d2ab2_sysmonactivity.evtx,Classic,0,"{""EventData"":{""Data"":[{""@Name"":""RuleName"",""#text"":""-""},{""@Name"":""UtcTime"",""#text"":""2025-12-10 04:11:00.952""},{""@Name"":""ProcessGuid"",""#text"":""1111e010-f2d4-6938-6501-000000000400""},{""@Name"":""ProcessId"",""#text"":""7396""},{""@Name"":""Image"",""#text"":""C:\\Windows\\System32\\smartscreen.exe""},{""@Name"":""FileVersion"",""#text"":""10.0.19041.2913 (WinBuild.160101.0800)""},{""@Name"":""Description"",""#text"":""Windows Defender SmartScreen""},{""@Name"":""Product"",""#text"":""Microsoft® Windows® Operating System""},{""@Name"":""Company"",""#text"":""Microsoft Corporation""},{""@Name"":""OriginalFileName"",""#text"":""smartscreen.exe""},{""@Name"":""CommandLine"",""#text"":""C:\\Windows\\System32\\smartscreen.exe -Embedding""},{""@Name"":""CurrentDirectory"",""#text"":""C:\\Windows\\system32\\""},{""@Name"":""User"",""#text"":""DESKTOP-0S2K0MN\\abish""},{""@Name"":""LogonGuid"",""#text"":""1111e010-eeb6-6938-7e94-070000000000""},{""@Name"":""LogonId"",""#text"":""0x7947E""},{""@Name"":""TerminalSessionId"",""#text"":""1""},{""@Name"":""IntegrityLevel"",""#text"":""Medium""},{""@Name"":""Hashes"",""#text"":""MD5=0686C38F513C3C5A7ABB07388FA4DB87,SHA256=5402CEFB8E7351079FC73A247056AF66678560568486DE484374213B643B4FBE,IMPHASH=3198144220BF18551FB10AC902B2BACF""},{""@Name"":""ParentProcessGuid"",""#text"":""1111e010-edfe-6938-0d00-000000000400""},{""@Name"":""ParentProcessId"",""#text"":""788""},{""@Name"":""ParentImage"",""#text"":""C:\\Windows\\System32\\svchost.exe""},{""@Name"":""ParentCommandLine"",""#text"":""C:\\Windows\\system32\\svchost.exe -k DcomLaunch -p""},{""@Name"":""ParentUser"",""#text"":""NT AUTHORITY\\SYSTEM""}]}}"
23,23,2025-12-10 04:11:06.6202520,11,Info,Microsoft-Windows-Sysmon,Microsoft-Windows-Sysmon/Operational,4960,7188,DESKTOP-0S2K0MN,0,S-1-5-18,FileCreate,NT AUTHORITY\SYSTEM,,"ProcessID: 508, ProcessGUID: 1111e010-edfe-6938-1300-000000000400",RuleName: T1053,Image: C:\Windows\system32\svchost.exe,TargetFilename: C:\Windows\System32\Tasks\Microsoft\Windows\Windows Defender\Windows Defender Verification,,,,False,c:\temp\6475c822607415853134a0e4383d2ab2_sysmonactivity.evtx,Classic,0,"{""EventData"":{""Data"":[{""@Name"":""RuleName"",""#text"":""T1053""},{""@Name"":""UtcTime"",""#text"":""2025-12-10 04:11:06.612""},{""@Name"":""ProcessGuid"",""#text"":""1111e010-edfe-6938-1300-000000000400""},{""@Name"":""ProcessId"",""#text"":""508""},{""@Name"":""Image"",""#text"":""C:\\Windows\\system32\\svchost.exe""},{""@Name"":""TargetFilename"",""#text"":""C:\\Windows\\System32\\Tasks\\Microsoft\\Windows\\Windows Defender\\Windows Defender Verification""},{""@Name"":""CreationUtcTime"",""#text"":""2025-12-09 18:01:10.420""},{""@Name"":""User"",""#text"":""NT AUTHORITY\\SYSTEM""}]}}"
